#
# There is insufficient memory for the Java Runtime Environment to continue.
# Native memory allocation (malloc) failed to allocate 672688 bytes for Chunk::new
# Possible reasons:
#   The system is out of physical RAM or swap space
#   The process is running with CompressedOops enabled, and the Java Heap may be blocking the growth of the native heap
# Possible solutions:
#   Reduce memory load on the system
#   Increase physical memory or swap space
#   Check if swap backing store is full
#   Decrease Java heap size (-Xmx/-Xms)
#   Decrease number of Java threads
#   Decrease Java thread stack sizes (-Xss)
#   Set larger code cache with -XX:ReservedCodeCacheSize=
#   JVM is running with Unscaled Compressed Oops mode in which the Java heap is
#     placed in the first 4GB address space. The Java Heap base address is the
#     maximum limit for the native heap growth. Please use -XX:HeapBaseMinAddress
#     to set the Java Heap base and to place the Java Heap above 4GB virtual address.
# This output file may be truncated or incomplete.
#
#  Out of Memory Error (arena.cpp:168), pid=1316, tid=5760
#
# JRE version: Java(TM) SE Runtime Environment (21.0.2+13) (build 21.0.2+13-LTS-58)
# Java VM: Java HotSpot(TM) 64-Bit Server VM (21.0.2+13-LTS-58, mixed mode, sharing, tiered, compressed oops, compressed class ptrs, g1 gc, windows-amd64)
# No core dump will be written. Minidumps are not enabled by default on client versions of Windows
#

---------------  S U M M A R Y ------------

Command Line: -Dcom.sun.management.jmxremote -Dcom.sun.management.jmxremote.port=50661 -Dcom.sun.management.jmxremote.authenticate=false -Dcom.sun.management.jmxremote.ssl=false -Dspring.jmx.enabled=true -Djava.rmi.server.hostname=localhost -Dspring.application.admin.enabled=true -Dspring.boot.project.name=products -XX:+ShowCodeDetailsInExceptionMessages com.riwi.products.ProductsApplication

Host: Intel(R) Celeron(R) N4500 @ 1.10GHz, 2 cores, 1G,  Windows 10 , 64 bit Build 19041 (10.0.19041.3636)
Time: Tue Apr 23 07:13:28 2024 Hora est. Pacífico, Sudamérica elapsed time: 1.218155 seconds (0d 0h 0m 1s)

---------------  T H R E A D  ---------------

Current thread (0x00000133f416d6d0):  JavaThread "C2 CompilerThread0" daemon [_thread_in_native, id=5760, stack(0x00000027f4b00000,0x00000027f4c00000) (1024K)]


Current CompileTask:
C2:   1218  826       4       jdk.internal.util.xml.impl.Parser::step (891 bytes)

Stack: [0x00000027f4b00000,0x00000027f4c00000]
Native frames: (J=compiled Java code, j=interpreted, Vv=VM code, C=native code)
V  [jvm.dll+0x6cade9]
V  [jvm.dll+0x8569c1]
V  [jvm.dll+0x858d2e]
V  [jvm.dll+0x859413]
V  [jvm.dll+0x280e56]
V  [jvm.dll+0xc3f3d]
V  [jvm.dll+0xc4473]
V  [jvm.dll+0x3b5c2c]
V  [jvm.dll+0x382855]
V  [jvm.dll+0x381cca]
V  [jvm.dll+0x249bd0]
V  [jvm.dll+0x2491b1]
V  [jvm.dll+0x1c9634]
V  [jvm.dll+0x258859]
V  [jvm.dll+0x256e3a]
V  [jvm.dll+0x3ef6c6]
V  [jvm.dll+0x7ff568]
V  [jvm.dll+0x6c953d]
C  [ucrtbase.dll+0x21bb2]
C  [KERNEL32.DLL+0x17344]
C  [ntdll.dll+0x526b1]


---------------  P R O C E S S  ---------------

Threads class SMR info:
_java_thread_list=0x00000133f4425d10, length=11, elements={
0x00000133d8318cc0, 0x00000133f4163770, 0x00000133f4165850, 0x00000133f4168ff0,
0x00000133f416aa60, 0x00000133f416b4c0, 0x00000133f416bf20, 0x00000133f416d6d0,
0x00000133f4191940, 0x00000133f426de10, 0x00000133f4522360
}

Java Threads: ( => current thread )
  0x00000133d8318cc0 JavaThread "main"                              [_thread_in_vm, id=7088, stack(0x00000027f3d00000,0x00000027f3e00000) (1024K)]
  0x00000133f4163770 JavaThread "Reference Handler"          daemon [_thread_blocked, id=5664, stack(0x00000027f4500000,0x00000027f4600000) (1024K)]
  0x00000133f4165850 JavaThread "Finalizer"                  daemon [_thread_blocked, id=7364, stack(0x00000027f4600000,0x00000027f4700000) (1024K)]
  0x00000133f4168ff0 JavaThread "Signal Dispatcher"          daemon [_thread_blocked, id=4520, stack(0x00000027f4700000,0x00000027f4800000) (1024K)]
  0x00000133f416aa60 JavaThread "Attach Listener"            daemon [_thread_blocked, id=6452, stack(0x00000027f4800000,0x00000027f4900000) (1024K)]
  0x00000133f416b4c0 JavaThread "Service Thread"             daemon [_thread_blocked, id=3972, stack(0x00000027f4900000,0x00000027f4a00000) (1024K)]
  0x00000133f416bf20 JavaThread "Monitor Deflation Thread"   daemon [_thread_blocked, id=1176, stack(0x00000027f4a00000,0x00000027f4b00000) (1024K)]
=>0x00000133f416d6d0 JavaThread "C2 CompilerThread0"         daemon [_thread_in_native, id=5760, stack(0x00000027f4b00000,0x00000027f4c00000) (1024K)]
  0x00000133f4191940 JavaThread "C1 CompilerThread0"         daemon [_thread_blocked, id=2236, stack(0x00000027f4c00000,0x00000027f4d00000) (1024K)]
  0x00000133f426de10 JavaThread "Common-Cleaner"             daemon [_thread_blocked, id=6236, stack(0x00000027f4d00000,0x00000027f4e00000) (1024K)]
  0x00000133f4522360 JavaThread "Notification Thread"        daemon [_thread_blocked, id=2096, stack(0x00000027f4e00000,0x00000027f4f00000) (1024K)]
Total: 11

Other Threads:
  0x00000133da477590 VMThread "VM Thread"                           [id=6876, stack(0x00000027f4400000,0x00000027f4500000) (1024K)]
  0x00000133da462050 WatcherThread "VM Periodic Task Thread"        [id=3160, stack(0x00000027f4300000,0x00000027f4400000) (1024K)]
  0x00000133da3d5940 WorkerThread "GC Thread#0"                     [id=4480, stack(0x00000027f3e00000,0x00000027f3f00000) (1024K)]
  0x00000133f459e4f0 WorkerThread "GC Thread#1"                     [id=5288, stack(0x00000027f4f00000,0x00000027f5000000) (1024K)]
  0x00000133da3da320 ConcurrentGCThread "G1 Main Marker"            [id=4852, stack(0x00000027f3f00000,0x00000027f4000000) (1024K)]
  0x00000133da3dafd0 WorkerThread "G1 Conc#0"                       [id=6764, stack(0x00000027f4000000,0x00000027f4100000) (1024K)]
  0x00000133da40da80 ConcurrentGCThread "G1 Refine#0"               [id=8024, stack(0x00000027f4100000,0x00000027f4200000) (1024K)]
  0x00000133da40e7f0 ConcurrentGCThread "G1 Service"                [id=7860, stack(0x00000027f4200000,0x00000027f4300000) (1024K)]
Total: 8

Threads with active compile tasks:
C2 CompilerThread0     1264  826       4       jdk.internal.util.xml.impl.Parser::step (891 bytes)
Total: 1

VM state: not at safepoint (normal execution)

VM Mutex/Monitor currently owned by a thread: None

Heap address: 0x00000000e3000000, size: 464 MB, Compressed Oops mode: 32-bit

CDS archive(s) mapped at: [0x0000013380000000-0x0000013380c90000-0x0000013380c90000), size 13172736, SharedBaseAddress: 0x0000013380000000, ArchiveRelocationMode: 1.
Compressed class space mapped at: 0x0000013381000000-0x00000133c1000000, reserved size: 1073741824
Narrow klass base: 0x0000013380000000, Narrow klass shift: 0, Narrow klass range: 0x100000000

GC Precious Log:
 CardTable entry size: 512
 Card Set container configuration: InlinePtr #cards 5 size 8 Array Of Cards #cards 12 size 40 Howl #buckets 4 coarsen threshold 1843 Howl Bitmap #cards 512 size 80 coarsen threshold 460 Card regions per heap region 1 cards per card region 2048
 CPUs: 2 total, 2 available
 Memory: 1851M
 Large Page Support: Disabled
 NUMA Support: Disabled
 Compressed Oops: Enabled (32-bit)
 Heap Region Size: 1M
 Heap Min Capacity: 8M
 Heap Initial Capacity: 30M
 Heap Max Capacity: 464M
 Pre-touch: Disabled
 Parallel Workers: 2
 Concurrent Workers: 1
 Concurrent Refinement Workers: 2
 Periodic GC: Disabled

Heap:
 garbage-first heap   total 30720K, used 8132K [0x00000000e3000000, 0x0000000100000000)
  region size 1024K, 4 young (4096K), 1 survivors (1024K)
 Metaspace       used 3596K, committed 3776K, reserved 1114112K
  class space    used 351K, committed 448K, reserved 1048576K

Heap Regions: E=young(eden), S=young(survivor), O=old, HS=humongous(starts), HC=humongous(continues), CS=collection set, F=free, TAMS=top-at-mark-start, PB=parsable bottom
|   0|0x00000000e3000000, 0x00000000e3100000, 0x00000000e3100000|100%|HS|  |TAMS 0x00000000e3000000| PB 0x00000000e3000000| Complete 
|   1|0x00000000e3100000, 0x00000000e3200000, 0x00000000e3200000|100%| O|  |TAMS 0x00000000e3100000| PB 0x00000000e3100000| Untracked 
|   2|0x00000000e3200000, 0x00000000e3300000, 0x00000000e3300000|100%| O|  |TAMS 0x00000000e3200000| PB 0x00000000e3200000| Untracked 
|   3|0x00000000e3300000, 0x00000000e3400000, 0x00000000e3400000|100%| O|  |TAMS 0x00000000e3300000| PB 0x00000000e3300000| Untracked 
|   4|0x00000000e3400000, 0x00000000e3500000, 0x00000000e3500000|100%| O|  |TAMS 0x00000000e3400000| PB 0x00000000e3400000| Untracked 
|   5|0x00000000e3500000, 0x00000000e3531a80, 0x00000000e3600000| 19%| O|  |TAMS 0x00000000e3500000| PB 0x00000000e3500000| Untracked 
|   6|0x00000000e3600000, 0x00000000e3600000, 0x00000000e3700000|  0%| F|  |TAMS 0x00000000e3600000| PB 0x00000000e3600000| Untracked 
|   7|0x00000000e3700000, 0x00000000e3700000, 0x00000000e3800000|  0%| F|  |TAMS 0x00000000e3700000| PB 0x00000000e3700000| Untracked 
|   8|0x00000000e3800000, 0x00000000e3800000, 0x00000000e3900000|  0%| F|  |TAMS 0x00000000e3800000| PB 0x00000000e3800000| Untracked 
|   9|0x00000000e3900000, 0x00000000e3900000, 0x00000000e3a00000|  0%| F|  |TAMS 0x00000000e3900000| PB 0x00000000e3900000| Untracked 
|  10|0x00000000e3a00000, 0x00000000e3a00000, 0x00000000e3b00000|  0%| F|  |TAMS 0x00000000e3a00000| PB 0x00000000e3a00000| Untracked 
|  11|0x00000000e3b00000, 0x00000000e3b00000, 0x00000000e3c00000|  0%| F|  |TAMS 0x00000000e3b00000| PB 0x00000000e3b00000| Untracked 
|  12|0x00000000e3c00000, 0x00000000e3c00000, 0x00000000e3d00000|  0%| F|  |TAMS 0x00000000e3c00000| PB 0x00000000e3c00000| Untracked 
|  13|0x00000000e3d00000, 0x00000000e3d00000, 0x00000000e3e00000|  0%| F|  |TAMS 0x00000000e3d00000| PB 0x00000000e3d00000| Untracked 
|  14|0x00000000e3e00000, 0x00000000e3e00000, 0x00000000e3f00000|  0%| F|  |TAMS 0x00000000e3e00000| PB 0x00000000e3e00000| Untracked 
|  15|0x00000000e3f00000, 0x00000000e3f00000, 0x00000000e4000000|  0%| F|  |TAMS 0x00000000e3f00000| PB 0x00000000e3f00000| Untracked 
|  16|0x00000000e4000000, 0x00000000e4000000, 0x00000000e4100000|  0%| F|  |TAMS 0x00000000e4000000| PB 0x00000000e4000000| Untracked 
|  17|0x00000000e4100000, 0x00000000e4100000, 0x00000000e4200000|  0%| F|  |TAMS 0x00000000e4100000| PB 0x00000000e4100000| Untracked 
|  18|0x00000000e4200000, 0x00000000e4200000, 0x00000000e4300000|  0%| F|  |TAMS 0x00000000e4200000| PB 0x00000000e4200000| Untracked 
|  19|0x00000000e4300000, 0x00000000e4300000, 0x00000000e4400000|  0%| F|  |TAMS 0x00000000e4300000| PB 0x00000000e4300000| Untracked 
|  20|0x00000000e4400000, 0x00000000e4400000, 0x00000000e4500000|  0%| F|  |TAMS 0x00000000e4400000| PB 0x00000000e4400000| Untracked 
|  21|0x00000000e4500000, 0x00000000e4500000, 0x00000000e4600000|  0%| F|  |TAMS 0x00000000e4500000| PB 0x00000000e4500000| Untracked 
|  22|0x00000000e4600000, 0x00000000e4600000, 0x00000000e4700000|  0%| F|  |TAMS 0x00000000e4600000| PB 0x00000000e4600000| Untracked 
|  23|0x00000000e4700000, 0x00000000e4700000, 0x00000000e4800000|  0%| F|  |TAMS 0x00000000e4700000| PB 0x00000000e4700000| Untracked 
|  24|0x00000000e4800000, 0x00000000e4800000, 0x00000000e4900000|  0%| F|  |TAMS 0x00000000e4800000| PB 0x00000000e4800000| Untracked 
|  25|0x00000000e4900000, 0x00000000e4900000, 0x00000000e4a00000|  0%| F|  |TAMS 0x00000000e4900000| PB 0x00000000e4900000| Untracked 
|  26|0x00000000e4a00000, 0x00000000e4abf600, 0x00000000e4b00000| 74%| S|CS|TAMS 0x00000000e4a00000| PB 0x00000000e4a00000| Complete 
|  27|0x00000000e4b00000, 0x00000000e4b4c8f8, 0x00000000e4c00000| 29%| E|  |TAMS 0x00000000e4b00000| PB 0x00000000e4b00000| Complete 
|  28|0x00000000e4c00000, 0x00000000e4d00000, 0x00000000e4d00000|100%| E|CS|TAMS 0x00000000e4c00000| PB 0x00000000e4c00000| Complete 
|  29|0x00000000e4d00000, 0x00000000e4e00000, 0x00000000e4e00000|100%| E|CS|TAMS 0x00000000e4d00000| PB 0x00000000e4d00000| Complete 

Card table byte_map: [0x00000133da080000,0x00000133da170000] _byte_map_base: 0x00000133d9968000

Marking Bits: (CMBitMap*) 0x00000133da3d6040
 Bits: [0x00000133f1820000, 0x00000133f1f60000)

Polling page: 0x00000133d82c0000

Metaspace:

Usage:
  Non-class:      3.17 MB used.
      Class:    351.99 KB used.
       Both:      3.51 MB used.

Virtual space:
  Non-class space:       64.00 MB reserved,       3.25 MB (  5%) committed,  1 nodes.
      Class space:        1.00 GB reserved,     448.00 KB ( <1%) committed,  1 nodes.
             Both:        1.06 GB reserved,       3.69 MB ( <1%) committed. 

Chunk freelists:
   Non-Class:  11.92 MB
       Class:  15.58 MB
        Both:  27.51 MB

MaxMetaspaceSize: unlimited
CompressedClassSpaceSize: 1.00 GB
Initial GC threshold: 21.00 MB
Current GC threshold: 21.00 MB
CDS: on
 - commit_granule_bytes: 65536.
 - commit_granule_words: 8192.
 - virtual_space_node_default_size: 8388608.
 - enlarge_chunks_in_place: 1.
 - use_allocation_guard: 0.


Internal statistics:

num_allocs_failed_limit: 0.
num_arena_births: 82.
num_arena_deaths: 0.
num_vsnodes_births: 2.
num_vsnodes_deaths: 0.
num_space_committed: 59.
num_space_uncommitted: 0.
num_chunks_returned_to_freelist: 0.
num_chunks_taken_from_freelist: 87.
num_chunk_merges: 0.
num_chunk_splits: 62.
num_chunks_enlarged: 36.
num_inconsistent_stats: 0.

CodeHeap 'non-profiled nmethods': size=120064Kb used=266Kb max_used=266Kb free=119797Kb
 bounds [0x00000133ea2e0000, 0x00000133ea550000, 0x00000133f1820000]
CodeHeap 'profiled nmethods': size=120000Kb used=1414Kb max_used=1414Kb free=118586Kb
 bounds [0x00000133e2820000, 0x00000133e2a90000, 0x00000133e9d50000]
CodeHeap 'non-nmethods': size=5696Kb used=1343Kb max_used=1346Kb free=4352Kb
 bounds [0x00000133e9d50000, 0x00000133e9fc0000, 0x00000133ea2e0000]
 total_blobs=1353 nmethods=906 adapters=353
 compilation: enabled
              stopped_count=0, restarted_count=0
 full_count=0

Compilation events (20 events):
Event: 1.053 Thread 0x00000133f416d6d0 nmethod 816 0x00000133ea31f090 code [0x00000133ea31f220, 0x00000133ea31f2d0]
Event: 1.054 Thread 0x00000133f4191940  817       3       jdk.jfr.internal.jfc.model.XmlElement::elements (64 bytes)
Event: 1.054 Thread 0x00000133f4191940 nmethod 817 0x00000133e295ab10 code [0x00000133e295ad80, 0x00000133e295b958]
Event: 1.054 Thread 0x00000133f4191940  818       3       jdk.jfr.internal.jfc.model.XmlSetting::getControl (7 bytes)
Event: 1.055 Thread 0x00000133f4191940 nmethod 818 0x00000133e295bd90 code [0x00000133e295bf80, 0x00000133e295c4e0]
Event: 1.056 Thread 0x00000133f4191940  819       3       java.util.regex.Pattern::has (15 bytes)
Event: 1.056 Thread 0x00000133f4191940 nmethod 819 0x00000133e295c690 code [0x00000133e295c820, 0x00000133e295c988]
Event: 1.056 Thread 0x00000133f4191940  820       3       jdk.internal.util.xml.impl.Parser::ensureCapacity (96 bytes)
Event: 1.057 Thread 0x00000133f4191940 nmethod 820 0x00000133e295ca10 code [0x00000133e295cc00, 0x00000133e295d0d0]
Event: 1.057 Thread 0x00000133f4191940  821       3       jdk.internal.util.xml.impl.Parser::bappend (200 bytes)
Event: 1.057 Thread 0x00000133f4191940 nmethod 821 0x00000133e295d210 code [0x00000133e295d420, 0x00000133e295da48]
Event: 1.058 Thread 0x00000133f4191940  822       3       java.lang.invoke.LambdaForm$DMH/0x0000013381009400::newInvokeSpecial (27 bytes)
Event: 1.058 Thread 0x00000133f4191940 nmethod 822 0x00000133e295dc90 code [0x00000133e295de80, 0x00000133e295e368]
Event: 1.059 Thread 0x00000133f4191940  823       3       java.util.ImmutableCollections$List12::<init> (21 bytes)
Event: 1.059 Thread 0x00000133f4191940 nmethod 823 0x00000133e295e510 code [0x00000133e295e720, 0x00000133e295ed10]
Event: 1.059 Thread 0x00000133f416d6d0  824       4       java.util.HashMap::resize (356 bytes)
Event: 1.077 Thread 0x00000133f416d6d0 nmethod 824 0x00000133ea31f390 code [0x00000133ea31f5a0, 0x00000133ea3201d8]
Event: 1.080 Thread 0x00000133f416d6d0  825       4       java.lang.StringLatin1::inflate (34 bytes)
Event: 1.085 Thread 0x00000133f416d6d0 nmethod 825 0x00000133ea320590 code [0x00000133ea320720, 0x00000133ea320998]
Event: 1.086 Thread 0x00000133f416d6d0  826       4       jdk.internal.util.xml.impl.Parser::step (891 bytes)

GC Heap History (4 events):
Event: 0.775 GC heap before
{Heap before GC invocations=0 (full 0):
 garbage-first heap   total 30720K, used 6144K [0x00000000e3000000, 0x0000000100000000)
  region size 1024K, 6 young (6144K), 0 survivors (0K)
 Metaspace       used 1252K, committed 1408K, reserved 1114112K
  class space    used 105K, committed 192K, reserved 1048576K
}
Event: 0.782 GC heap after
{Heap after GC invocations=1 (full 0):
 garbage-first heap   total 30720K, used 5232K [0x00000000e3000000, 0x0000000100000000)
  region size 1024K, 1 young (1024K), 1 survivors (1024K)
 Metaspace       used 1252K, committed 1408K, reserved 1114112K
  class space    used 105K, committed 192K, reserved 1048576K
}
Event: 1.001 GC heap before
{Heap before GC invocations=1 (full 0):
 garbage-first heap   total 30720K, used 8304K [0x00000000e3000000, 0x0000000100000000)
  region size 1024K, 4 young (4096K), 1 survivors (1024K)
 Metaspace       used 3208K, committed 3392K, reserved 1114112K
  class space    used 316K, committed 384K, reserved 1048576K
}
Event: 1.005 GC heap after
{Heap after GC invocations=2 (full 0):
 garbage-first heap   total 30720K, used 6084K [0x00000000e3000000, 0x0000000100000000)
  region size 1024K, 1 young (1024K), 1 survivors (1024K)
 Metaspace       used 3208K, committed 3392K, reserved 1114112K
  class space    used 316K, committed 384K, reserved 1048576K
}

Dll operation events (8 events):
Event: 0.031 Loaded shared library C:\Program Files\Java\jdk-21\bin\java.dll
Event: 0.179 Loaded shared library C:\Program Files\Java\jdk-21\bin\jsvml.dll
Event: 0.542 Loaded shared library C:\Program Files\Java\jdk-21\bin\jimage.dll
Event: 0.566 Loaded shared library C:\Program Files\Java\jdk-21\bin\net.dll
Event: 0.583 Loaded shared library C:\Program Files\Java\jdk-21\bin\nio.dll
Event: 0.590 Loaded shared library C:\Program Files\Java\jdk-21\bin\zip.dll
Event: 0.727 Loaded shared library C:\Program Files\Java\jdk-21\bin\management.dll
Event: 0.754 Loaded shared library C:\Program Files\Java\jdk-21\bin\management_ext.dll

Deoptimization events (20 events):
Event: 0.647 Thread 0x00000133d8318cc0 Uncommon trap: trap_request=0xffffff45 fr.pc=0x00000133ea2f4b2c relative=0x000000000000090c
Event: 0.647 Thread 0x00000133d8318cc0 Uncommon trap: reason=unstable_if action=reinterpret pc=0x00000133ea2f4b2c method=java.util.zip.ZipFile$Source.checkAndAddEntry(II)I @ 50 c2
Event: 0.647 Thread 0x00000133d8318cc0 DEOPT PACKING pc=0x00000133ea2f4b2c sp=0x00000027f3dfc560
Event: 0.648 Thread 0x00000133d8318cc0 DEOPT UNPACKING pc=0x00000133e9da469c sp=0x00000027f3dfc4d0 mode 2
Event: 0.668 Thread 0x00000133d8318cc0 DEOPT PACKING pc=0x00000133e2831b78 sp=0x00000027f3dfca50
Event: 0.668 Thread 0x00000133d8318cc0 DEOPT UNPACKING pc=0x00000133e9da4e23 sp=0x00000027f3dfbe70 mode 0
Event: 0.762 Thread 0x00000133d8318cc0 Uncommon trap: trap_request=0xffffff45 fr.pc=0x00000133ea2ef1b8 relative=0x0000000000000a58
Event: 0.762 Thread 0x00000133d8318cc0 Uncommon trap: reason=unstable_if action=reinterpret pc=0x00000133ea2ef1b8 method=java.util.HashMap.putVal(ILjava/lang/Object;Ljava/lang/Object;ZZ)Ljava/lang/Object; @ 181 c2
Event: 0.762 Thread 0x00000133d8318cc0 DEOPT PACKING pc=0x00000133ea2ef1b8 sp=0x00000027f3dfe120
Event: 0.762 Thread 0x00000133d8318cc0 DEOPT UNPACKING pc=0x00000133e9da469c sp=0x00000027f3dfe0e0 mode 2
Event: 1.056 Thread 0x00000133d8318cc0 Uncommon trap: trap_request=0xffffff45 fr.pc=0x00000133ea31a85c relative=0x00000000000000bc
Event: 1.056 Thread 0x00000133d8318cc0 Uncommon trap: reason=unstable_if action=reinterpret pc=0x00000133ea31a85c method=jdk.internal.util.xml.impl.Parser.bappend(CC)V @ 1 c2
Event: 1.056 Thread 0x00000133d8318cc0 DEOPT PACKING pc=0x00000133ea31a85c sp=0x00000027f3dfd2b0
Event: 1.056 Thread 0x00000133d8318cc0 DEOPT UNPACKING pc=0x00000133e9da469c sp=0x00000027f3dfd238 mode 2
Event: 1.056 Thread 0x00000133d8318cc0 Uncommon trap: trap_request=0xffffff45 fr.pc=0x00000133ea31ac14 relative=0x0000000000000074
Event: 1.056 Thread 0x00000133d8318cc0 Uncommon trap: reason=unstable_if action=reinterpret pc=0x00000133ea31ac14 method=jdk.internal.util.xml.impl.Parser.ensureCapacity(I)V @ 40 c2
Event: 1.056 Thread 0x00000133d8318cc0 DEOPT PACKING pc=0x00000133ea31ac14 sp=0x00000027f3dfd2b0
Event: 1.056 Thread 0x00000133d8318cc0 DEOPT UNPACKING pc=0x00000133e9da469c sp=0x00000027f3dfd228 mode 2
Event: 1.085 Thread 0x00000133d8318cc0 DEOPT PACKING pc=0x00000133e2869f49 sp=0x00000027f3dfd160
Event: 1.085 Thread 0x00000133d8318cc0 DEOPT UNPACKING pc=0x00000133e9da4e23 sp=0x00000027f3dfc600 mode 0

Classes loaded (20 events):
Event: 1.036 Loading class jdk/jfr/internal/jfc/model/XmlExpression done
Event: 1.036 Loading class jdk/jfr/internal/jfc/model/XmlCondition done
Event: 1.036 Loading class jdk/jfr/internal/jfc/model/XmlText
Event: 1.036 Loading class jdk/jfr/internal/jfc/model/XmlInput
Event: 1.036 Loading class jdk/jfr/internal/jfc/model/XmlInput done
Event: 1.036 Loading class jdk/jfr/internal/jfc/model/XmlText done
Event: 1.036 Loading class jdk/jfr/internal/jfc/model/XmlSelection
Event: 1.036 Loading class jdk/jfr/internal/jfc/model/XmlSelection done
Event: 1.036 Loading class jdk/jfr/internal/jfc/model/XmlFlag
Event: 1.036 Loading class jdk/jfr/internal/jfc/model/XmlFlag done
Event: 1.037 Loading class jdk/jfr/internal/jfc/model/XmlOption
Event: 1.037 Loading class jdk/jfr/internal/jfc/model/XmlOption done
Event: 1.037 Loading class jdk/jfr/internal/jfc/model/XmlOr
Event: 1.037 Loading class jdk/jfr/internal/jfc/model/XmlOr done
Event: 1.037 Loading class jdk/jfr/internal/jfc/model/XmlAnd
Event: 1.037 Loading class jdk/jfr/internal/jfc/model/XmlAnd done
Event: 1.037 Loading class jdk/jfr/internal/jfc/model/XmlTest
Event: 1.037 Loading class jdk/jfr/internal/jfc/model/XmlTest done
Event: 1.037 Loading class jdk/jfr/internal/jfc/model/XmlNot
Event: 1.037 Loading class jdk/jfr/internal/jfc/model/XmlNot done

Classes unloaded (0 events):
No events

Classes redefined (0 events):
No events

Internal exceptions (5 events):
Event: 0.763 Thread 0x00000133d8318cc0 Exception <a 'java/lang/NoSuchMethodError'{0x00000000e48eb9d8}: 'int java.lang.invoke.DirectMethodHandle$Holder.invokeInterface(java.lang.Object, java.lang.Object)'> (0x00000000e48eb9d8) 
thrown [s\open\src\hotspot\share\interpreter\linkResolver.cpp, line 773]
Event: 0.763 Thread 0x00000133d8318cc0 Exception <a 'java/lang/IncompatibleClassChangeError'{0x00000000e48ef010}: Found class java.lang.Object, but interface was expected> (0x00000000e48ef010) 
thrown [s\open\src\hotspot\share\interpreter\linkResolver.cpp, line 840]
Event: 0.765 Thread 0x00000133d8318cc0 Exception <a 'java/lang/NoSuchMethodError'{0x00000000e48f4150}: 'void java.lang.invoke.DirectMethodHandle$Holder.invokeStatic(java.lang.Object, java.lang.Object)'> (0x00000000e48f4150) 
thrown [s\open\src\hotspot\share\interpreter\linkResolver.cpp, line 773]
Event: 0.873 Thread 0x00000133d8318cc0 Exception <a 'java/lang/NoSuchMethodError'{0x00000000e4ddc728}: 'int java.lang.invoke.DirectMethodHandle$Holder.invokeSpecial(java.lang.Object, java.lang.Object, java.lang.Object)'> (0x00000000e4ddc728) 
thrown [s\open\src\hotspot\share\interpreter\linkResolver.cpp, line 773]
Event: 0.948 Thread 0x00000133d8318cc0 Exception <a 'java/lang/NoSuchMethodError'{0x00000000e4b2ba20}: 'java.lang.Object java.lang.invoke.DirectMethodHandle$Holder.invokeStaticInit(java.lang.Object, java.lang.Object, java.lang.Object)'> (0x00000000e4b2ba20) 
thrown [s\open\src\hotspot\share\interpreter\linkResolver.cpp, line 773]

ZGC Phase Switch (0 events):
No events

VM Operations (6 events):
Event: 0.457 Executing VM operation: HandshakeAllThreads (Deoptimize)
Event: 0.457 Executing VM operation: HandshakeAllThreads (Deoptimize) done
Event: 0.774 Executing VM operation: G1CollectForAllocation (G1 Evacuation Pause)
Event: 0.782 Executing VM operation: G1CollectForAllocation (G1 Evacuation Pause) done
Event: 1.001 Executing VM operation: G1CollectForAllocation (G1 Evacuation Pause)
Event: 1.005 Executing VM operation: G1CollectForAllocation (G1 Evacuation Pause) done

Events (11 events):
Event: 0.093 Thread 0x00000133d8318cc0 Thread added: 0x00000133d8318cc0
Event: 0.146 Thread 0x00000133f4163770 Thread added: 0x00000133f4163770
Event: 0.146 Thread 0x00000133f4165850 Thread added: 0x00000133f4165850
Event: 0.147 Thread 0x00000133f4168ff0 Thread added: 0x00000133f4168ff0
Event: 0.147 Thread 0x00000133f416aa60 Thread added: 0x00000133f416aa60
Event: 0.147 Thread 0x00000133f416b4c0 Thread added: 0x00000133f416b4c0
Event: 0.147 Thread 0x00000133f416bf20 Thread added: 0x00000133f416bf20
Event: 0.148 Thread 0x00000133f416d6d0 Thread added: 0x00000133f416d6d0
Event: 0.149 Thread 0x00000133f4191940 Thread added: 0x00000133f4191940
Event: 0.431 Thread 0x00000133f426de10 Thread added: 0x00000133f426de10
Event: 0.508 Thread 0x00000133f4522360 Thread added: 0x00000133f4522360


Dynamic libraries:
0x00007ff6bafb0000 - 0x00007ff6bafc0000 	C:\Program Files\Java\jdk-21\bin\java.exe
0x00007ff848470000 - 0x00007ff848668000 	C:\Windows\SYSTEM32\ntdll.dll
0x00007ff847be0000 - 0x00007ff847c9d000 	C:\Windows\System32\KERNEL32.DLL
0x00007ff846000000 - 0x00007ff8462f6000 	C:\Windows\System32\KERNELBASE.dll
0x00007ff846300000 - 0x00007ff846400000 	C:\Windows\System32\ucrtbase.dll
0x00007ff81f870000 - 0x00007ff81f889000 	C:\Program Files\Java\jdk-21\bin\jli.dll
0x00007ff846d70000 - 0x00007ff846e1f000 	C:\Windows\System32\ADVAPI32.dll
0x00007ff848140000 - 0x00007ff8481de000 	C:\Windows\System32\msvcrt.dll
0x00007ff846f30000 - 0x00007ff846fcc000 	C:\Windows\System32\sechost.dll
0x00007ff847e40000 - 0x00007ff847f66000 	C:\Windows\System32\RPCRT4.dll
0x00007ff847ca0000 - 0x00007ff847e3e000 	C:\Windows\System32\USER32.dll
0x00007ff8464a0000 - 0x00007ff8464c2000 	C:\Windows\System32\win32u.dll
0x00007ff846e80000 - 0x00007ff846eac000 	C:\Windows\System32\GDI32.dll
0x00007ff81c5b0000 - 0x00007ff81c5cb000 	C:\Program Files\Java\jdk-21\bin\VCRUNTIME140.dll
0x00007ff845eb0000 - 0x00007ff845fca000 	C:\Windows\System32\gdi32full.dll
0x00007ff846400000 - 0x00007ff84649d000 	C:\Windows\System32\msvcp_win.dll
0x00007ff831a00000 - 0x00007ff831c9a000 	C:\Windows\WinSxS\amd64_microsoft.windows.common-controls_6595b64144ccf1df_6.0.19041.3636_none_60b6a03d71f818d5\COMCTL32.dll
0x00007ff837390000 - 0x00007ff83739a000 	C:\Windows\SYSTEM32\VERSION.dll
0x00007ff8469d0000 - 0x00007ff846a00000 	C:\Windows\System32\IMM32.DLL
0x00007ff831d20000 - 0x00007ff831d2c000 	C:\Program Files\Java\jdk-21\bin\vcruntime140_1.dll
0x00007ff81b110000 - 0x00007ff81b19e000 	C:\Program Files\Java\jdk-21\bin\msvcp140.dll
0x00007ff809150000 - 0x00007ff809e67000 	C:\Program Files\Java\jdk-21\bin\server\jvm.dll
0x00007ff847030000 - 0x00007ff84709b000 	C:\Windows\System32\WS2_32.dll
0x00007ff8459b0000 - 0x00007ff8459fb000 	C:\Windows\SYSTEM32\POWRPROF.dll
0x00007ff826910000 - 0x00007ff826937000 	C:\Windows\SYSTEM32\WINMM.dll
0x00007ff845990000 - 0x00007ff8459a2000 	C:\Windows\SYSTEM32\UMPDC.dll
0x00007ff8443a0000 - 0x00007ff8443b2000 	C:\Windows\SYSTEM32\kernel.appcore.dll
0x00007ff831cd0000 - 0x00007ff831cda000 	C:\Program Files\Java\jdk-21\bin\jimage.dll
0x00007ff8440a0000 - 0x00007ff844284000 	C:\Windows\SYSTEM32\DBGHELP.DLL
0x00007ff82b3f0000 - 0x00007ff82b424000 	C:\Windows\SYSTEM32\dbgcore.DLL
0x00007ff845d70000 - 0x00007ff845df2000 	C:\Windows\System32\bcryptPrimitives.dll
0x00007ff81be70000 - 0x00007ff81be8f000 	C:\Program Files\Java\jdk-21\bin\java.dll
0x00007ff8470a0000 - 0x00007ff8477e5000 	C:\Windows\System32\SHELL32.dll
0x00007ff843830000 - 0x00007ff843fcb000 	C:\Windows\SYSTEM32\windows.storage.dll
0x00007ff847880000 - 0x00007ff847bd4000 	C:\Windows\System32\combase.dll
0x00007ff8454c0000 - 0x00007ff8454ed000 	C:\Windows\SYSTEM32\Wldp.dll
0x00007ff846a60000 - 0x00007ff846b0d000 	C:\Windows\System32\SHCORE.dll
0x00007ff846e20000 - 0x00007ff846e75000 	C:\Windows\System32\shlwapi.dll
0x00007ff845a80000 - 0x00007ff845aa5000 	C:\Windows\SYSTEM32\profapi.dll
0x00007ff809070000 - 0x00007ff809147000 	C:\Program Files\Java\jdk-21\bin\jsvml.dll
0x00007ff8318f0000 - 0x00007ff831900000 	C:\Program Files\Java\jdk-21\bin\net.dll
0x00007ff837450000 - 0x00007ff83755a000 	C:\Windows\SYSTEM32\WINHTTP.dll
0x00007ff845220000 - 0x00007ff84528a000 	C:\Windows\system32\mswsock.dll
0x00007ff81bdb0000 - 0x00007ff81bdc6000 	C:\Program Files\Java\jdk-21\bin\nio.dll
0x00007ff81ba20000 - 0x00007ff81ba38000 	C:\Program Files\Java\jdk-21\bin\zip.dll
0x00007ff831820000 - 0x00007ff83182a000 	C:\Program Files\Java\jdk-21\bin\management.dll
0x00007ff831740000 - 0x00007ff83174b000 	C:\Program Files\Java\jdk-21\bin\management_ext.dll
0x00007ff846940000 - 0x00007ff846948000 	C:\Windows\System32\PSAPI.DLL

dbghelp: loaded successfully - version: 4.0.5 - missing functions: none
symbol engine: initialized successfully - sym options: 0x614 - pdb path: .;C:\Program Files\Java\jdk-21\bin;C:\Windows\SYSTEM32;C:\Windows\WinSxS\amd64_microsoft.windows.common-controls_6595b64144ccf1df_6.0.19041.3636_none_60b6a03d71f818d5;C:\Program Files\Java\jdk-21\bin\server

VM Arguments:
jvm_args: -Dcom.sun.management.jmxremote -Dcom.sun.management.jmxremote.port=50661 -Dcom.sun.management.jmxremote.authenticate=false -Dcom.sun.management.jmxremote.ssl=false -Dspring.jmx.enabled=true -Djava.rmi.server.hostname=localhost -Dspring.application.admin.enabled=true -Dspring.boot.project.name=products -XX:+ShowCodeDetailsInExceptionMessages 
java_command: com.riwi.products.ProductsApplication
java_class_path (initial): C:\Users\LUNA\Documents\PROGRAMACIÓN\Spring_Boot\_04_Productos\target\classes;C:\Users\LUNA\.m2\repository\org\springframework\boot\spring-boot-starter-data-jpa\3.2.5\spring-boot-starter-data-jpa-3.2.5.jar;C:\Users\LUNA\.m2\repository\org\springframework\boot\spring-boot-starter-aop\3.2.5\spring-boot-starter-aop-3.2.5.jar;C:\Users\LUNA\.m2\repository\org\springframework\spring-aop\6.1.6\spring-aop-6.1.6.jar;C:\Users\LUNA\.m2\repository\org\aspectj\aspectjweaver\1.9.22\aspectjweaver-1.9.22.jar;C:\Users\LUNA\.m2\repository\org\springframework\boot\spring-boot-starter-jdbc\3.2.5\spring-boot-starter-jdbc-3.2.5.jar;C:\Users\LUNA\.m2\repository\com\zaxxer\HikariCP\5.0.1\HikariCP-5.0.1.jar;C:\Users\LUNA\.m2\repository\org\springframework\spring-jdbc\6.1.6\spring-jdbc-6.1.6.jar;C:\Users\LUNA\.m2\repository\org\hibernate\orm\hibernate-core\6.4.4.Final\hibernate-core-6.4.4.Final.jar;C:\Users\LUNA\.m2\repository\jakarta\persistence\jakarta.persistence-api\3.1.0\jakarta.persistence-api-3.1.0.jar;C:\Users\LUNA\.m2\repository\jakarta\transaction\jakarta.transaction-api\2.0.1\jakarta.transaction-api-2.0.1.jar;C:\Users\LUNA\.m2\repository\org\jboss\logging\jboss-logging\3.5.3.Final\jboss-logging-3.5.3.Final.jar;C:\Users\LUNA\.m2\repository\org\hibernate\common\hibernate-commons-annotations\6.0.6.Final\hibernate-commons-annotations-6.0.6.Final.jar;C:\Users\LUNA\.m2\repository\io\smallrye\jandex\3.1.2\jandex-3.1.2.jar;C:\Users\LUNA\.m2\repository\com\fasterxml\classmate\1.6.0\classmate-1.6.0.jar;C:\Users\LUNA\.m2\repository\net\bytebuddy\byte-buddy\1.14.13\byte-buddy-1.14.13.jar;C:\Users\LUNA\.m2\repository\org\glassfish\jaxb\jaxb-runtime\4.0.5\jaxb-runtime-4.0.5.jar;C:\Users\LUNA\.m2\repository\org\glassfish\jaxb\jaxb-core\4.0.5\jaxb-core-4.0.5.jar;C:\Users\LUNA\.m2\repository\org\eclipse\angus\angus-activation\2.0.2\angus-activation-2.0.2.jar;C:\Users\LUNA\.m2\repository\org\glassfish\jaxb\txw2\4.0.5\txw2-4.0.5.jar;C:\Users\LUNA\.m2\repository\com\sun\istack\istack-commons-runtime\4.1.2\istack-commons-runtime-4.1.2.jar;C:\Users\LUNA\.m2\repository\jakarta\inject\jakarta.inject-api\2.0.1\jakarta.inject-api-2.0.1.jar;C:\Users\LUNA\.m2\repository\org\antlr\antlr4-runtime\4.13.0\antlr4-runtime-4.13.0.jar;C:\Users\LUNA\.m2\repository\org\springframework\data\spring-data-jpa\3.2.5\spring-data-jpa-3.2.5.jar;C:\Users\LUNA\.m2\repository\org\springframework\data\spring-data-commons\3.2.5\spring-data-commons-3.2.5.jar;C:\Users\LUNA\.m2\repository\org\springframework\spring-orm\6.1.6\spring-orm-6.1.6.jar;C:\Users\LUNA\.m2\repository\org\springframework\spring-context\6.1.6\spring-context-6.1.6.jar;C:\Users\LUNA\.m2\repository\org\springframework\spring-tx\6.1.6\spring-tx-6.1.6.jar;C:\Users\LUNA\.m2\repository\org\springframework\spring-beans\6.1.6\spring-beans-6.1.6.jar;C:\Users\LUNA\.m2\repository\jakarta\annotation\jakarta.annotation-api\2.1.1\jakarta.annotation-api-2.1.1.jar;C:\Users\LUNA\.m2\repository\org\slf4j\slf4j-api\2.0.13\slf4j-api-2.0.13.jar;C:\Users\LUNA\.m2\repository\org\springframework\spring-aspects\6.1.6\spring-aspects-6.1.6.jar;C:\Users\LUNA\.m2\repository\org\springframework\boot\spring-boot-starter-web\3.2.5\spring-boot-starter-web-3.2.5.jar;C:\Users\LUNA\.m2\repository\org\springframework\boot\spring-boot-starter\3.2.5\spring-boot-starter-3.2.5.jar;C:\Users\LUNA\.m2\repository\org\springframework\boot\spring-boot-starter-logging\3.2.5\spring-boot-starter-logging-3.2.5.jar;C:\Users\LUNA\.m2\repository\ch\qos\logback\logback-classic\1.4.14\logback-classic-1.4.14.jar;C:\Users\LUNA\.m2\repository\ch\qos\logback\logback-core\1.4.14\logback-core-1.4.14.jar;C:\Users\LUNA\.m2\repository\org\apache\logging\log4j\log4j-to-slf4j\2.21.1\log4j-to-slf4j-2.21.1.jar;C:\Users\LUNA\.m2\repository\org\apache\logging\log4j\log4j-api\2.21.1\log4j-api-2.21.1.jar;C:\Users\LUNA\.m2\repository\org\slf4j\jul-to-slf4j\2.0.13\jul-to-slf4j-2.0.13.jar;C:\Users\LUNA\.m2\repository\org\yaml\snakeyaml\2.2\snakeyaml-2.2.jar;C:\Users\LUNA\.m2\repository\org\springframework\boot\spring-boot-starter-json\3.2.5\spring-boot-starter-json-3.2.5.jar;C:\Users\LUNA\.m2\repository\com\fasterxml\jackson\core\jackson-databind\2.15.4\jackson-databind-2.15.4.jar;C:\Users\LUNA\.m2\repository\com\fasterxml\jackson\core\jackson-annotations\2.15.4\jackson-annotations-2.15.4.jar;C:\Users\LUNA\.m2\repository\com\fasterxml\jackson\core\jackson-core\2.15.4\jackson-core-2.15.4.jar;C:\Users\LUNA\.m2\repository\com\fasterxml\jackson\datatype\jackson-datatype-jdk8\2.15.4\jackson-datatype-jdk8-2.15.4.jar;C:\Users\LUNA\.m2\repository\com\fasterxml\jackson\datatype\jackson-datatype-jsr310\2.15.4\jackson-datatype-jsr310-2.15.4.jar;C:\Users\LUNA\.m2\repository\com\fasterxml\jackson\module\jackson-module-parameter-names\2.15.4\jackson-module-parameter-names-2.15.4.jar;C:\Users\LUNA\.m2\repository\org\springframework\boot\spring-boot-starter-tomcat\3.2.5\spring-boot-starter-tomcat-3.2.5.jar;C:\Users\LUNA\.m2\repository\org\apache\tomcat\embed\tomcat-embed-core\10.1.20\tomcat-embed-core-10.1.20.jar;C:\Users\LUNA\.m2\repository\org\apache\tomcat\embed\tomcat-embed-el\10.1.20\tomcat-embed-el-10.1.20.jar;C:\Users\LUNA\.m2\repository\org\apache\tomcat\embed\tomcat-embed-websocket\10.1.20\tomcat-embed-websocket-10.1.20.jar;C:\Users\LUNA\.m2\repository\org\springframework\spring-web\6.1.6\spring-web-6.1.6.jar;C:\Users\LUNA\.m2\repository\io\micrometer\micrometer-observation\1.12.5\micrometer-observation-1.12.5.jar;C:\Users\LUNA\.m2\repository\io\micrometer\micrometer-commons\1.12.5\micrometer-commons-1.12.5.jar;C:\Users\LUNA\.m2\repository\org\springframework\spring-webmvc\6.1.6\spring-webmvc-6.1.6.jar;C:\Users\LUNA\.m2\repository\org\springframework\spring-expression\6.1.6\spring-expression-6.1.6.jar;C:\Users\LUNA\.m2\repository\org\springframework\boot\spring-boot-devtools\3.2.5\spring-boot-devtools-3.2.5.jar;C:\Users\LUNA\.m2\repository\org\springframework\boot\spring-boot\3.2.5\spring-boot-3.2.5.jar;C:\Users\LUNA\.m2\repository\org\springframework\boot\spring-boot-autoconfigure\3.2.5\spring-boot-autoconfigure-3.2.5.jar;C:\Users\LUNA\.m2\repository\com\mysql\mysql-connector-j\8.3.0\mysql-connector-j-8.3.0.jar;C:\Users\LUNA\.m2\repository\org\projectlombok\lombok\1.18.32\lombok-1.18.32.jar;C:\Users\LUNA\.m2\repository\jakarta\xml\bind\jakarta.xml.bind-api\4.0.2\jakarta.xml.bind-api-4.0.2.jar;C:\Users\LUNA\.m2\repository\jakarta\activation\jakarta.activation-api\2.1.3\jakarta.activation-api-2.1.3.jar;C:\Users\LUNA\.m2\repository\org\springframework\spring-core\6.1.6\spring-core-6.1.6.jar;C:\Users\LUNA\.m2\repository\org\springframework\spring-jcl\6.1.6\spring-jcl-6.1.6.jar
Launcher Type: SUN_STANDARD

[Global flags]
     intx CICompilerCount                          = 2                                         {product} {ergonomic}
     uint ConcGCThreads                            = 1                                         {product} {ergonomic}
     uint G1ConcRefinementThreads                  = 2                                         {product} {ergonomic}
   size_t G1HeapRegionSize                         = 1048576                                   {product} {ergonomic}
    uintx GCDrainStackTargetSize                   = 64                                        {product} {ergonomic}
   size_t InitialHeapSize                          = 31457280                                  {product} {ergonomic}
     bool ManagementServer                         = true                                      {product} {command line}
   size_t MarkStackSize                            = 4194304                                   {product} {ergonomic}
   size_t MaxHeapSize                              = 486539264                                 {product} {ergonomic}
   size_t MaxNewSize                               = 291504128                                 {product} {ergonomic}
   size_t MinHeapDeltaBytes                        = 1048576                                   {product} {ergonomic}
   size_t MinHeapSize                              = 8388608                                   {product} {ergonomic}
    uintx NonNMethodCodeHeapSize                   = 5826188                                {pd product} {ergonomic}
    uintx NonProfiledCodeHeapSize                  = 122916026                              {pd product} {ergonomic}
    uintx ProfiledCodeHeapSize                     = 122916026                              {pd product} {ergonomic}
    uintx ReservedCodeCacheSize                    = 251658240                              {pd product} {ergonomic}
     bool SegmentedCodeCache                       = true                                      {product} {ergonomic}
     bool ShowCodeDetailsInExceptionMessages       = true                                   {manageable} {command line}
   size_t SoftMaxHeapSize                          = 486539264                              {manageable} {ergonomic}
     bool UseCompressedOops                        = true                           {product lp64_product} {ergonomic}
     bool UseG1GC                                  = true                                      {product} {ergonomic}
     bool UseLargePagesIndividualAllocation        = false                                  {pd product} {ergonomic}

Logging:
Log output configuration:
 #0: stdout all=warning uptime,level,tags foldmultilines=false
 #1: stderr all=off uptime,level,tags foldmultilines=false

Environment Variables:
PATH=C:\Program Files\Common Files\Oracle\Java\javapath;C:\Windows\system32;C:\Windows;C:\Windows\System32\Wbem;C:\Windows\System32\WindowsPowerShell\v1.0\;C:\Windows\System32\OpenSSH\;C:\Program Files\Git\cmd;C:\Program Files\nodejs\;C:\Users\LUNA\AppData\Local\Microsoft\WindowsApps;C:\Users\LUNA\AppData\Local\Programs\Microsoft VS Code\bin;C:\Users\LUNA\AppData\Roaming\npm
USERNAME=LUNA
LANG=en_US.UTF-8
OS=Windows_NT
PROCESSOR_IDENTIFIER=Intel64 Family 6 Model 156 Stepping 0, GenuineIntel
TMP=C:\Users\LUNA\AppData\Local\Temp
TEMP=C:\Users\LUNA\AppData\Local\Temp




Periodic native trim disabled

---------------  S Y S T E M  ---------------

OS:
 Windows 10 , 64 bit Build 19041 (10.0.19041.3636)
OS uptime: 0 days 0:47 hours

CPU: total 2 (initial active 2) (2 cores per cpu, 1 threads per core) family 6 model 156 stepping 0 microcode 0x24000023, cx8, cmov, fxsr, mmx, 3dnowpref, sse, sse2, sse3, ssse3, sse4.1, sse4.2, popcnt, tsc, tscinvbit, aes, erms, clmul, sha, clflush, clflushopt, clwb, rdtscp, rdpid
Processor Information for all 2 processors :
  Max Mhz: 1114, Current Mhz: 1114, Mhz Limit: 1114

Memory: 4k page, system-wide physical 1851M (36M free)
TotalPageFile size 7483M (AvailPageFile size 0M)
current process WorkingSet (physical memory assigned to process): 57M, peak: 57M
current process commit charge ("private bytes"): 106M, peak: 106M

vm_info: Java HotSpot(TM) 64-Bit Server VM (21.0.2+13-LTS-58) for windows-amd64 JRE (21.0.2+13-LTS-58), built on 2024-01-05T18:32:24Z by "mach5one" with MS VC++ 17.1 (VS2022)

END.
