#
# There is insufficient memory for the Java Runtime Environment to continue.
# Native memory allocation (mmap) failed to map 65536 bytes for Failed to commit metaspace.
# Possible reasons:
#   The system is out of physical RAM or swap space
#   The process is running with CompressedOops enabled, and the Java Heap may be blocking the growth of the native heap
# Possible solutions:
#   Reduce memory load on the system
#   Increase physical memory or swap space
#   Check if swap backing store is full
#   Decrease Java heap size (-Xmx/-Xms)
#   Decrease number of Java threads
#   Decrease Java thread stack sizes (-Xss)
#   Set larger code cache with -XX:ReservedCodeCacheSize=
#   JVM is running with Unscaled Compressed Oops mode in which the Java heap is
#     placed in the first 4GB address space. The Java Heap base address is the
#     maximum limit for the native heap growth. Please use -XX:HeapBaseMinAddress
#     to set the Java Heap base and to place the Java Heap above 4GB virtual address.
# This output file may be truncated or incomplete.
#
#  Out of Memory Error (virtualSpaceNode.cpp:112), pid=1864, tid=3888
#
# JRE version: Java(TM) SE Runtime Environment (21.0.2+13) (build 21.0.2+13-LTS-58)
# Java VM: Java HotSpot(TM) 64-Bit Server VM (21.0.2+13-LTS-58, mixed mode, sharing, tiered, compressed oops, compressed class ptrs, g1 gc, windows-amd64)
# No core dump will be written. Minidumps are not enabled by default on client versions of Windows
#

---------------  S U M M A R Y ------------

Command Line: -Dcom.sun.management.jmxremote -Dcom.sun.management.jmxremote.port=50674 -Dcom.sun.management.jmxremote.authenticate=false -Dcom.sun.management.jmxremote.ssl=false -Dspring.jmx.enabled=true -Djava.rmi.server.hostname=localhost -Dspring.application.admin.enabled=true -Dspring.boot.project.name=products -XX:+ShowCodeDetailsInExceptionMessages com.riwi.products.ProductsApplication

Host: Intel(R) Celeron(R) N4500 @ 1.10GHz, 2 cores, 1G,  Windows 10 , 64 bit Build 19041 (10.0.19041.3636)
Time: Tue Apr 23 07:13:53 2024 Hora est. Pacífico, Sudamérica elapsed time: 0.604358 seconds (0d 0h 0m 0s)

---------------  T H R E A D  ---------------

Current thread (0x000001e4eba690a0):  JavaThread "C1 CompilerThread0" daemon [_thread_in_vm, id=3888, stack(0x0000006e05600000,0x0000006e05700000) (1024K)]


Current CompileTask:
C1:    604  480       3       java.lang.String::compareTo (9 bytes)

Stack: [0x0000006e05600000,0x0000006e05700000]
Native frames: (J=compiled Java code, j=interpreted, Vv=VM code, C=native code)
V  [jvm.dll+0x6cade9]
V  [jvm.dll+0x8569c1]
V  [jvm.dll+0x858d2e]
V  [jvm.dll+0x859413]
V  [jvm.dll+0x280e56]
V  [jvm.dll+0x8526ee]
V  [jvm.dll+0x66e705]
V  [jvm.dll+0x66e76a]
V  [jvm.dll+0x670f96]
V  [jvm.dll+0x670e62]
V  [jvm.dll+0x66f0de]
V  [jvm.dll+0x68038a]
V  [jvm.dll+0x679622]
V  [jvm.dll+0x1f44e0]
V  [jvm.dll+0x1f46c8]
V  [jvm.dll+0x15410e]
V  [jvm.dll+0x154444]
V  [jvm.dll+0x153886]
V  [jvm.dll+0x1555ed]
V  [jvm.dll+0x258859]
V  [jvm.dll+0x256e3a]
V  [jvm.dll+0x3ef6c6]
V  [jvm.dll+0x7ff568]
V  [jvm.dll+0x6c953d]
C  [ucrtbase.dll+0x21bb2]
C  [KERNEL32.DLL+0x17344]
C  [ntdll.dll+0x526b1]


---------------  P R O C E S S  ---------------

Threads class SMR info:
_java_thread_list=0x000001e4f0121b50, length=11, elements={
0x000001e4cfb87750, 0x000001e4eba53900, 0x000001e4eba559e0, 0x000001e4eba5ab50,
0x000001e4eba5b5b0, 0x000001e4eba5d1d0, 0x000001e4eba5d840, 0x000001e4eba68600,
0x000001e4eba690a0, 0x000001e4ebb56a50, 0x000001e4f01735d0
}

Java Threads: ( => current thread )
  0x000001e4cfb87750 JavaThread "main"                              [_thread_in_vm, id=3860, stack(0x0000006e04700000,0x0000006e04800000) (1024K)]
  0x000001e4eba53900 JavaThread "Reference Handler"          daemon [_thread_blocked, id=5564, stack(0x0000006e04f00000,0x0000006e05000000) (1024K)]
  0x000001e4eba559e0 JavaThread "Finalizer"                  daemon [_thread_blocked, id=1268, stack(0x0000006e05000000,0x0000006e05100000) (1024K)]
  0x000001e4eba5ab50 JavaThread "Signal Dispatcher"          daemon [_thread_blocked, id=7500, stack(0x0000006e05100000,0x0000006e05200000) (1024K)]
  0x000001e4eba5b5b0 JavaThread "Attach Listener"            daemon [_thread_blocked, id=7128, stack(0x0000006e05200000,0x0000006e05300000) (1024K)]
  0x000001e4eba5d1d0 JavaThread "Service Thread"             daemon [_thread_blocked, id=5704, stack(0x0000006e05300000,0x0000006e05400000) (1024K)]
  0x000001e4eba5d840 JavaThread "Monitor Deflation Thread"   daemon [_thread_blocked, id=2724, stack(0x0000006e05400000,0x0000006e05500000) (1024K)]
  0x000001e4eba68600 JavaThread "C2 CompilerThread0"         daemon [_thread_blocked, id=1868, stack(0x0000006e05500000,0x0000006e05600000) (1024K)]
=>0x000001e4eba690a0 JavaThread "C1 CompilerThread0"         daemon [_thread_in_vm, id=3888, stack(0x0000006e05600000,0x0000006e05700000) (1024K)]
  0x000001e4ebb56a50 JavaThread "Common-Cleaner"             daemon [_thread_blocked, id=444, stack(0x0000006e05700000,0x0000006e05800000) (1024K)]
  0x000001e4f01735d0 JavaThread "Notification Thread"        daemon [_thread_blocked, id=7876, stack(0x0000006e05800000,0x0000006e05900000) (1024K)]
Total: 11

Other Threads:
  0x000001e4cfe77710 VMThread "VM Thread"                           [id=7984, stack(0x0000006e04e00000,0x0000006e04f00000) (1024K)]
  0x000001e4cfe621d0 WatcherThread "VM Periodic Task Thread"        [id=7456, stack(0x0000006e04d00000,0x0000006e04e00000) (1024K)]
  0x000001e4cfdd56f0 WorkerThread "GC Thread#0"                     [id=716, stack(0x0000006e04800000,0x0000006e04900000) (1024K)]
  0x000001e4f04598c0 WorkerThread "GC Thread#1"                     [id=7760, stack(0x0000006e05900000,0x0000006e05a00000) (1024K)]
  0x000001e4cfdda0d0 ConcurrentGCThread "G1 Main Marker"            [id=3508, stack(0x0000006e04900000,0x0000006e04a00000) (1024K)]
  0x000001e4cfddad80 WorkerThread "G1 Conc#0"                       [id=1368, stack(0x0000006e04a00000,0x0000006e04b00000) (1024K)]
  0x000001e4cfe0d820 ConcurrentGCThread "G1 Refine#0"               [id=1124, stack(0x0000006e04b00000,0x0000006e04c00000) (1024K)]
  0x000001e4cfe0e540 ConcurrentGCThread "G1 Service"                [id=3992, stack(0x0000006e04c00000,0x0000006e04d00000) (1024K)]
Total: 8

Threads with active compile tasks:
C1 CompilerThread0      641  480       3       java.lang.String::compareTo (9 bytes)
Total: 1

VM state: not at safepoint (normal execution)

VM Mutex/Monitor currently owned by a thread:  ([mutex/lock_event])
[0x00007ff809d8ace8] Metaspace_lock - owner thread: 0x000001e4eba690a0

Heap address: 0x00000000e3000000, size: 464 MB, Compressed Oops mode: 32-bit

CDS archive(s) mapped at: [0x000001e480000000-0x000001e480c90000-0x000001e480c90000), size 13172736, SharedBaseAddress: 0x000001e480000000, ArchiveRelocationMode: 1.
Compressed class space mapped at: 0x000001e481000000-0x000001e4c1000000, reserved size: 1073741824
Narrow klass base: 0x000001e480000000, Narrow klass shift: 0, Narrow klass range: 0x100000000

GC Precious Log:
 CardTable entry size: 512
 Card Set container configuration: InlinePtr #cards 5 size 8 Array Of Cards #cards 12 size 40 Howl #buckets 4 coarsen threshold 1843 Howl Bitmap #cards 512 size 80 coarsen threshold 460 Card regions per heap region 1 cards per card region 2048
 CPUs: 2 total, 2 available
 Memory: 1851M
 Large Page Support: Disabled
 NUMA Support: Disabled
 Compressed Oops: Enabled (32-bit)
 Heap Region Size: 1M
 Heap Min Capacity: 8M
 Heap Initial Capacity: 30M
 Heap Max Capacity: 464M
 Pre-touch: Disabled
 Parallel Workers: 2
 Concurrent Workers: 1
 Concurrent Refinement Workers: 2
 Periodic GC: Disabled

Heap:
 garbage-first heap   total 30720K, used 5232K [0x00000000e3000000, 0x0000000100000000)
  region size 1024K, 2 young (2048K), 1 survivors (1024K)
 Metaspace       used 1847K, committed 1984K, reserved 1114112K
  class space    used 165K, committed 256K, reserved 1048576K

Heap Regions: E=young(eden), S=young(survivor), O=old, HS=humongous(starts), HC=humongous(continues), CS=collection set, F=free, TAMS=top-at-mark-start, PB=parsable bottom
|   0|0x00000000e3000000, 0x00000000e3100000, 0x00000000e3100000|100%|HS|  |TAMS 0x00000000e3000000| PB 0x00000000e3000000| Complete 
|   1|0x00000000e3100000, 0x00000000e3200000, 0x00000000e3200000|100%| O|  |TAMS 0x00000000e3100000| PB 0x00000000e3100000| Untracked 
|   2|0x00000000e3200000, 0x00000000e3300000, 0x00000000e3300000|100%| O|  |TAMS 0x00000000e3200000| PB 0x00000000e3200000| Untracked 
|   3|0x00000000e3300000, 0x00000000e3400000, 0x00000000e3400000|100%| O|  |TAMS 0x00000000e3300000| PB 0x00000000e3300000| Untracked 
|   4|0x00000000e3400000, 0x00000000e341c000, 0x00000000e3500000| 10%| O|  |TAMS 0x00000000e3400000| PB 0x00000000e3400000| Untracked 
|   5|0x00000000e3500000, 0x00000000e3500000, 0x00000000e3600000|  0%| F|  |TAMS 0x00000000e3500000| PB 0x00000000e3500000| Untracked 
|   6|0x00000000e3600000, 0x00000000e3600000, 0x00000000e3700000|  0%| F|  |TAMS 0x00000000e3600000| PB 0x00000000e3600000| Untracked 
|   7|0x00000000e3700000, 0x00000000e3700000, 0x00000000e3800000|  0%| F|  |TAMS 0x00000000e3700000| PB 0x00000000e3700000| Untracked 
|   8|0x00000000e3800000, 0x00000000e3800000, 0x00000000e3900000|  0%| F|  |TAMS 0x00000000e3800000| PB 0x00000000e3800000| Untracked 
|   9|0x00000000e3900000, 0x00000000e3900000, 0x00000000e3a00000|  0%| F|  |TAMS 0x00000000e3900000| PB 0x00000000e3900000| Untracked 
|  10|0x00000000e3a00000, 0x00000000e3a00000, 0x00000000e3b00000|  0%| F|  |TAMS 0x00000000e3a00000| PB 0x00000000e3a00000| Untracked 
|  11|0x00000000e3b00000, 0x00000000e3b00000, 0x00000000e3c00000|  0%| F|  |TAMS 0x00000000e3b00000| PB 0x00000000e3b00000| Untracked 
|  12|0x00000000e3c00000, 0x00000000e3c00000, 0x00000000e3d00000|  0%| F|  |TAMS 0x00000000e3c00000| PB 0x00000000e3c00000| Untracked 
|  13|0x00000000e3d00000, 0x00000000e3d00000, 0x00000000e3e00000|  0%| F|  |TAMS 0x00000000e3d00000| PB 0x00000000e3d00000| Untracked 
|  14|0x00000000e3e00000, 0x00000000e3e00000, 0x00000000e3f00000|  0%| F|  |TAMS 0x00000000e3e00000| PB 0x00000000e3e00000| Untracked 
|  15|0x00000000e3f00000, 0x00000000e3f00000, 0x00000000e4000000|  0%| F|  |TAMS 0x00000000e3f00000| PB 0x00000000e3f00000| Untracked 
|  16|0x00000000e4000000, 0x00000000e4000000, 0x00000000e4100000|  0%| F|  |TAMS 0x00000000e4000000| PB 0x00000000e4000000| Untracked 
|  17|0x00000000e4100000, 0x00000000e4100000, 0x00000000e4200000|  0%| F|  |TAMS 0x00000000e4100000| PB 0x00000000e4100000| Untracked 
|  18|0x00000000e4200000, 0x00000000e4200000, 0x00000000e4300000|  0%| F|  |TAMS 0x00000000e4200000| PB 0x00000000e4200000| Untracked 
|  19|0x00000000e4300000, 0x00000000e4300000, 0x00000000e4400000|  0%| F|  |TAMS 0x00000000e4300000| PB 0x00000000e4300000| Untracked 
|  20|0x00000000e4400000, 0x00000000e4400000, 0x00000000e4500000|  0%| F|  |TAMS 0x00000000e4400000| PB 0x00000000e4400000| Untracked 
|  21|0x00000000e4500000, 0x00000000e4500000, 0x00000000e4600000|  0%| F|  |TAMS 0x00000000e4500000| PB 0x00000000e4500000| Untracked 
|  22|0x00000000e4600000, 0x00000000e4600000, 0x00000000e4700000|  0%| F|  |TAMS 0x00000000e4600000| PB 0x00000000e4600000| Untracked 
|  23|0x00000000e4700000, 0x00000000e4800000, 0x00000000e4800000|100%| S|CS|TAMS 0x00000000e4700000| PB 0x00000000e4700000| Complete 
|  24|0x00000000e4800000, 0x00000000e4800000, 0x00000000e4900000|  0%| F|  |TAMS 0x00000000e4800000| PB 0x00000000e4800000| Untracked 
|  25|0x00000000e4900000, 0x00000000e4900000, 0x00000000e4a00000|  0%| F|  |TAMS 0x00000000e4900000| PB 0x00000000e4900000| Untracked 
|  26|0x00000000e4a00000, 0x00000000e4a00000, 0x00000000e4b00000|  0%| F|  |TAMS 0x00000000e4a00000| PB 0x00000000e4a00000| Untracked 
|  27|0x00000000e4b00000, 0x00000000e4b00000, 0x00000000e4c00000|  0%| F|  |TAMS 0x00000000e4b00000| PB 0x00000000e4b00000| Untracked 
|  28|0x00000000e4c00000, 0x00000000e4c00000, 0x00000000e4d00000|  0%| F|  |TAMS 0x00000000e4c00000| PB 0x00000000e4c00000| Untracked 
|  29|0x00000000e4d00000, 0x00000000e4d808a8, 0x00000000e4e00000| 50%| E|  |TAMS 0x00000000e4d00000| PB 0x00000000e4d00000| Complete 

Card table byte_map: [0x000001e4e8f00000,0x000001e4e8ff0000] _byte_map_base: 0x000001e4e87e8000

Marking Bits: (CMBitMap*) 0x000001e4cfdd5df0
 Bits: [0x000001e4e8ff0000, 0x000001e4e9730000)

Polling page: 0x000001e4d99d0000

Metaspace:

Usage:
  Non-class:      1.64 MB used.
      Class:    165.93 KB used.
       Both:      1.80 MB used.

Virtual space:
  Non-class space:       64.00 MB reserved,       1.69 MB (  3%) committed,  1 nodes.
      Class space:        1.00 GB reserved,     256.00 KB ( <1%) committed,  1 nodes.
             Both:        1.06 GB reserved,       1.94 MB ( <1%) committed. 

Chunk freelists:
   Non-Class:  11.97 MB
       Class:  15.74 MB
        Both:  27.71 MB

MaxMetaspaceSize: unlimited
CompressedClassSpaceSize: 1.00 GB
Initial GC threshold: 21.00 MB
Current GC threshold: 21.00 MB
CDS: on
 - commit_granule_bytes: 65536.
 - commit_granule_words: 8192.
 - virtual_space_node_default_size: 8388608.
 - enlarge_chunks_in_place: 1.
 - use_allocation_guard: 0.


Internal statistics:

num_allocs_failed_limit: 0.
num_arena_births: 30.
num_arena_deaths: 0.
num_vsnodes_births: 2.
num_vsnodes_deaths: 0.
num_space_committed: 31.
num_space_uncommitted: 0.
num_chunks_returned_to_freelist: 0.
num_chunks_taken_from_freelist: 31.
num_chunk_merges: 0.
num_chunk_splits: 23.
num_chunks_enlarged: 14.
num_inconsistent_stats: 0.

CodeHeap 'non-profiled nmethods': size=120064Kb used=174Kb max_used=174Kb free=119889Kb
 bounds [0x000001e4e14b0000, 0x000001e4e1720000, 0x000001e4e89f0000]
CodeHeap 'profiled nmethods': size=120000Kb used=658Kb max_used=658Kb free=119341Kb
 bounds [0x000001e4d99f0000, 0x000001e4d9c60000, 0x000001e4e0f20000]
CodeHeap 'non-nmethods': size=5696Kb used=1302Kb max_used=1316Kb free=4393Kb
 bounds [0x000001e4e0f20000, 0x000001e4e1190000, 0x000001e4e14b0000]
 total_blobs=892 nmethods=479 adapters=319
 compilation: enabled
              stopped_count=0, restarted_count=0
 full_count=0

Compilation events (20 events):
Event: 0.597 Thread 0x000001e4eba690a0  468       3       java.lang.StringLatin1::compareTo (14 bytes)
Event: 0.597 Thread 0x000001e4eba690a0 nmethod 468 0x000001e4d9a92690 code [0x000001e4d9a92840, 0x000001e4d9a92968]
Event: 0.597 Thread 0x000001e4eba690a0  469       3       java.lang.StringLatin1::compareTo (41 bytes)
Event: 0.597 Thread 0x000001e4eba690a0 nmethod 469 0x000001e4d9a92a90 code [0x000001e4d9a92c60, 0x000001e4d9a92fc8]
Event: 0.597 Thread 0x000001e4eba690a0  471       3       java.lang.String::toString (2 bytes)
Event: 0.598 Thread 0x000001e4eba690a0 nmethod 471 0x000001e4d9a93190 code [0x000001e4d9a93320, 0x000001e4d9a93430]
Event: 0.598 Thread 0x000001e4eba690a0  472       3       java.util.LinkedHashMap::newNode (23 bytes)
Event: 0.598 Thread 0x000001e4eba68600  474       4       java.util.HashMap$Node::<init> (26 bytes)
Event: 0.598 Thread 0x000001e4eba690a0 nmethod 472 0x000001e4d9a93490 code [0x000001e4d9a93640, 0x000001e4d9a93840]
Event: 0.598 Thread 0x000001e4eba690a0  473       3       java.util.LinkedHashMap$Entry::<init> (10 bytes)
Event: 0.598 Thread 0x000001e4eba690a0 nmethod 473 0x000001e4d9a93990 code [0x000001e4d9a93b40, 0x000001e4d9a93e18]
Event: 0.598 Thread 0x000001e4eba690a0  475       3       com.sun.jmx.mbeanserver.MBeanAnalyzer$MethodOrder::compare (13 bytes)
Event: 0.598 Thread 0x000001e4eba690a0 nmethod 475 0x000001e4d9a93f10 code [0x000001e4d9a940e0, 0x000001e4d9a94418]
Event: 0.598 Thread 0x000001e4eba690a0  477       1       java.lang.reflect.Method::getGenericSignature (5 bytes)
Event: 0.599 Thread 0x000001e4eba690a0 nmethod 477 0x000001e4e14dab90 code [0x000001e4e14dad20, 0x000001e4e14dade8]
Event: 0.599 Thread 0x000001e4eba690a0  478       3       java.util.TreeMap::parentOf (13 bytes)
Event: 0.599 Thread 0x000001e4eba690a0 nmethod 478 0x000001e4d9a94510 code [0x000001e4d9a946c0, 0x000001e4d9a94830]
Event: 0.599 Thread 0x000001e4eba690a0  479       1       javax.management.openmbean.OpenType::getClassName (5 bytes)
Event: 0.599 Thread 0x000001e4eba690a0 nmethod 479 0x000001e4e14dae90 code [0x000001e4e14db020, 0x000001e4e14db0e8]
Event: 0.600 Thread 0x000001e4eba690a0  480       3       java.lang.String::compareTo (9 bytes)

GC Heap History (2 events):
Event: 0.548 GC heap before
{Heap before GC invocations=0 (full 0):
 garbage-first heap   total 30720K, used 6144K [0x00000000e3000000, 0x0000000100000000)
  region size 1024K, 6 young (6144K), 0 survivors (0K)
 Metaspace       used 1257K, committed 1408K, reserved 1114112K
  class space    used 105K, committed 192K, reserved 1048576K
}
Event: 0.553 GC heap after
{Heap after GC invocations=1 (full 0):
 garbage-first heap   total 30720K, used 5232K [0x00000000e3000000, 0x0000000100000000)
  region size 1024K, 1 young (1024K), 1 survivors (1024K)
 Metaspace       used 1257K, committed 1408K, reserved 1114112K
  class space    used 105K, committed 192K, reserved 1048576K
}

Dll operation events (8 events):
Event: 0.041 Loaded shared library C:\Program Files\Java\jdk-21\bin\java.dll
Event: 0.227 Loaded shared library C:\Program Files\Java\jdk-21\bin\jsvml.dll
Event: 0.343 Loaded shared library C:\Program Files\Java\jdk-21\bin\jimage.dll
Event: 0.356 Loaded shared library C:\Program Files\Java\jdk-21\bin\net.dll
Event: 0.359 Loaded shared library C:\Program Files\Java\jdk-21\bin\nio.dll
Event: 0.363 Loaded shared library C:\Program Files\Java\jdk-21\bin\zip.dll
Event: 0.503 Loaded shared library C:\Program Files\Java\jdk-21\bin\management.dll
Event: 0.531 Loaded shared library C:\Program Files\Java\jdk-21\bin\management_ext.dll

Deoptimization events (18 events):
Event: 0.374 Thread 0x000001e4cfb87750 DEOPT PACKING pc=0x000001e4d9a27ed5 sp=0x0000006e047fca40
Event: 0.374 Thread 0x000001e4cfb87750 DEOPT UNPACKING pc=0x000001e4e0f74e23 sp=0x0000006e047fbec8 mode 0
Event: 0.375 Thread 0x000001e4cfb87750 DEOPT PACKING pc=0x000001e4d9a27ed5 sp=0x0000006e047fc3c0
Event: 0.375 Thread 0x000001e4cfb87750 DEOPT UNPACKING pc=0x000001e4e0f74e23 sp=0x0000006e047fb830 mode 0
Event: 0.376 Thread 0x000001e4cfb87750 DEOPT PACKING pc=0x000001e4d9a27ed5 sp=0x0000006e047fc3c0
Event: 0.376 Thread 0x000001e4cfb87750 DEOPT UNPACKING pc=0x000001e4e0f74e23 sp=0x0000006e047fb830 mode 0
Event: 0.404 Thread 0x000001e4cfb87750 Uncommon trap: trap_request=0xffffff45 fr.pc=0x000001e4e14c47ac relative=0x000000000000090c
Event: 0.404 Thread 0x000001e4cfb87750 Uncommon trap: reason=unstable_if action=reinterpret pc=0x000001e4e14c47ac method=java.util.zip.ZipFile$Source.checkAndAddEntry(II)I @ 50 c2
Event: 0.404 Thread 0x000001e4cfb87750 DEOPT PACKING pc=0x000001e4e14c47ac sp=0x0000006e047fc550
Event: 0.404 Thread 0x000001e4cfb87750 DEOPT UNPACKING pc=0x000001e4e0f7469c sp=0x0000006e047fc4c0 mode 2
Event: 0.426 Thread 0x000001e4cfb87750 DEOPT PACKING pc=0x000001e4d99fc3f8 sp=0x0000006e047fc740
Event: 0.426 Thread 0x000001e4cfb87750 DEOPT UNPACKING pc=0x000001e4e0f74e23 sp=0x0000006e047fbb60 mode 0
Event: 0.445 Thread 0x000001e4cfb87750 DEOPT PACKING pc=0x000001e4d99fc3f8 sp=0x0000006e047fc320
Event: 0.445 Thread 0x000001e4cfb87750 DEOPT UNPACKING pc=0x000001e4e0f74e23 sp=0x0000006e047fb740 mode 0
Event: 0.537 Thread 0x000001e4cfb87750 Uncommon trap: trap_request=0xffffff45 fr.pc=0x000001e4e14bfd9c relative=0x000000000000085c
Event: 0.537 Thread 0x000001e4cfb87750 Uncommon trap: reason=unstable_if action=reinterpret pc=0x000001e4e14bfd9c method=java.util.HashMap.putVal(ILjava/lang/Object;Ljava/lang/Object;ZZ)Ljava/lang/Object; @ 69 c2
Event: 0.537 Thread 0x000001e4cfb87750 DEOPT PACKING pc=0x000001e4e14bfd9c sp=0x0000006e047fe120
Event: 0.537 Thread 0x000001e4cfb87750 DEOPT UNPACKING pc=0x000001e4e0f7469c sp=0x0000006e047fe0d0 mode 2

Classes loaded (20 events):
Event: 0.592 Loading class com/sun/management/ThreadMXBean done
Event: 0.592 Loading class sun/management/ThreadImpl
Event: 0.592 Loading class sun/management/ThreadImpl done
Event: 0.593 Loading class com/sun/management/internal/HotSpotThreadImpl done
Event: 0.593 Loading class java/lang/management/ThreadInfo
Event: 0.593 Loading class java/lang/management/ThreadInfo done
Event: 0.594 Loading class java/lang/management/LockInfo
Event: 0.594 Loading class java/lang/management/LockInfo done
Event: 0.595 Loading class java/lang/management/MonitorInfo
Event: 0.595 Loading class java/lang/management/MonitorInfo done
Event: 0.595 Loading class java/lang/InterruptedException
Event: 0.595 Loading class java/lang/InterruptedException done
Event: 0.597 Loading class com/sun/jmx/mbeanserver/DefaultMXBeanMappingFactory$CompositeMapping
Event: 0.597 Loading class com/sun/jmx/mbeanserver/DefaultMXBeanMappingFactory$CompositeMapping done
Event: 0.599 Loading class com/sun/jmx/mbeanserver/DefaultMXBeanMappingFactory$ArrayMapping
Event: 0.599 Loading class com/sun/jmx/mbeanserver/DefaultMXBeanMappingFactory$ArrayMapping done
Event: 0.600 Loading class java/lang/annotation/ElementType
Event: 0.600 Loading class java/lang/annotation/ElementType done
Event: 0.600 Loading class com/sun/jmx/mbeanserver/DefaultMXBeanMappingFactory$EnumMapping
Event: 0.600 Loading class com/sun/jmx/mbeanserver/DefaultMXBeanMappingFactory$EnumMapping done

Classes unloaded (0 events):
No events

Classes redefined (0 events):
No events

Internal exceptions (3 events):
Event: 0.538 Thread 0x000001e4cfb87750 Exception <a 'java/lang/NoSuchMethodError'{0x00000000e48eb9d8}: 'int java.lang.invoke.DirectMethodHandle$Holder.invokeInterface(java.lang.Object, java.lang.Object)'> (0x00000000e48eb9d8) 
thrown [s\open\src\hotspot\share\interpreter\linkResolver.cpp, line 773]
Event: 0.539 Thread 0x000001e4cfb87750 Exception <a 'java/lang/IncompatibleClassChangeError'{0x00000000e48ef010}: Found class java.lang.Object, but interface was expected> (0x00000000e48ef010) 
thrown [s\open\src\hotspot\share\interpreter\linkResolver.cpp, line 840]
Event: 0.540 Thread 0x000001e4cfb87750 Exception <a 'java/lang/NoSuchMethodError'{0x00000000e48f4150}: 'void java.lang.invoke.DirectMethodHandle$Holder.invokeStatic(java.lang.Object, java.lang.Object)'> (0x00000000e48f4150) 
thrown [s\open\src\hotspot\share\interpreter\linkResolver.cpp, line 773]

ZGC Phase Switch (0 events):
No events

VM Operations (4 events):
Event: 0.307 Executing VM operation: HandshakeAllThreads (Deoptimize)
Event: 0.308 Executing VM operation: HandshakeAllThreads (Deoptimize) done
Event: 0.548 Executing VM operation: G1CollectForAllocation (G1 Evacuation Pause)
Event: 0.553 Executing VM operation: G1CollectForAllocation (G1 Evacuation Pause) done

Events (11 events):
Event: 0.179 Thread 0x000001e4cfb87750 Thread added: 0x000001e4cfb87750
Event: 0.222 Thread 0x000001e4eba53900 Thread added: 0x000001e4eba53900
Event: 0.222 Thread 0x000001e4eba559e0 Thread added: 0x000001e4eba559e0
Event: 0.222 Thread 0x000001e4eba5ab50 Thread added: 0x000001e4eba5ab50
Event: 0.222 Thread 0x000001e4eba5b5b0 Thread added: 0x000001e4eba5b5b0
Event: 0.222 Thread 0x000001e4eba5d1d0 Thread added: 0x000001e4eba5d1d0
Event: 0.223 Thread 0x000001e4eba5d840 Thread added: 0x000001e4eba5d840
Event: 0.223 Thread 0x000001e4eba68600 Thread added: 0x000001e4eba68600
Event: 0.223 Thread 0x000001e4eba690a0 Thread added: 0x000001e4eba690a0
Event: 0.298 Thread 0x000001e4ebb56a50 Thread added: 0x000001e4ebb56a50
Event: 0.334 Thread 0x000001e4f01735d0 Thread added: 0x000001e4f01735d0


Dynamic libraries:
0x00007ff6b8d80000 - 0x00007ff6b8d90000 	C:\Program Files\Java\jdk-21\bin\java.exe
0x00007ff848470000 - 0x00007ff848668000 	C:\Windows\SYSTEM32\ntdll.dll
0x00007ff847be0000 - 0x00007ff847c9d000 	C:\Windows\System32\KERNEL32.DLL
0x00007ff846000000 - 0x00007ff8462f6000 	C:\Windows\System32\KERNELBASE.dll
0x00007ff846300000 - 0x00007ff846400000 	C:\Windows\System32\ucrtbase.dll
0x00007ff81f870000 - 0x00007ff81f889000 	C:\Program Files\Java\jdk-21\bin\jli.dll
0x00007ff846d70000 - 0x00007ff846e1f000 	C:\Windows\System32\ADVAPI32.dll
0x00007ff848140000 - 0x00007ff8481de000 	C:\Windows\System32\msvcrt.dll
0x00007ff846f30000 - 0x00007ff846fcc000 	C:\Windows\System32\sechost.dll
0x00007ff847e40000 - 0x00007ff847f66000 	C:\Windows\System32\RPCRT4.dll
0x00007ff847ca0000 - 0x00007ff847e3e000 	C:\Windows\System32\USER32.dll
0x00007ff8464a0000 - 0x00007ff8464c2000 	C:\Windows\System32\win32u.dll
0x00007ff846e80000 - 0x00007ff846eac000 	C:\Windows\System32\GDI32.dll
0x00007ff845eb0000 - 0x00007ff845fca000 	C:\Windows\System32\gdi32full.dll
0x00007ff846400000 - 0x00007ff84649d000 	C:\Windows\System32\msvcp_win.dll
0x00007ff81c5b0000 - 0x00007ff81c5cb000 	C:\Program Files\Java\jdk-21\bin\VCRUNTIME140.dll
0x00007ff831a00000 - 0x00007ff831c9a000 	C:\Windows\WinSxS\amd64_microsoft.windows.common-controls_6595b64144ccf1df_6.0.19041.3636_none_60b6a03d71f818d5\COMCTL32.dll
0x00007ff837390000 - 0x00007ff83739a000 	C:\Windows\SYSTEM32\VERSION.dll
0x00007ff8469d0000 - 0x00007ff846a00000 	C:\Windows\System32\IMM32.DLL
0x00007ff831d20000 - 0x00007ff831d2c000 	C:\Program Files\Java\jdk-21\bin\vcruntime140_1.dll
0x00007ff81b110000 - 0x00007ff81b19e000 	C:\Program Files\Java\jdk-21\bin\msvcp140.dll
0x00007ff809150000 - 0x00007ff809e67000 	C:\Program Files\Java\jdk-21\bin\server\jvm.dll
0x00007ff847030000 - 0x00007ff84709b000 	C:\Windows\System32\WS2_32.dll
0x00007ff8459b0000 - 0x00007ff8459fb000 	C:\Windows\SYSTEM32\POWRPROF.dll
0x00007ff826910000 - 0x00007ff826937000 	C:\Windows\SYSTEM32\WINMM.dll
0x00007ff845990000 - 0x00007ff8459a2000 	C:\Windows\SYSTEM32\UMPDC.dll
0x00007ff8443a0000 - 0x00007ff8443b2000 	C:\Windows\SYSTEM32\kernel.appcore.dll
0x00007ff831cd0000 - 0x00007ff831cda000 	C:\Program Files\Java\jdk-21\bin\jimage.dll
0x00007ff8440a0000 - 0x00007ff844284000 	C:\Windows\SYSTEM32\DBGHELP.DLL
0x00007ff82b3f0000 - 0x00007ff82b424000 	C:\Windows\SYSTEM32\dbgcore.DLL
0x00007ff845d70000 - 0x00007ff845df2000 	C:\Windows\System32\bcryptPrimitives.dll
0x00007ff81be70000 - 0x00007ff81be8f000 	C:\Program Files\Java\jdk-21\bin\java.dll
0x00007ff8470a0000 - 0x00007ff8477e5000 	C:\Windows\System32\SHELL32.dll
0x00007ff843830000 - 0x00007ff843fcb000 	C:\Windows\SYSTEM32\windows.storage.dll
0x00007ff847880000 - 0x00007ff847bd4000 	C:\Windows\System32\combase.dll
0x00007ff8454c0000 - 0x00007ff8454ed000 	C:\Windows\SYSTEM32\Wldp.dll
0x00007ff846a60000 - 0x00007ff846b0d000 	C:\Windows\System32\SHCORE.dll
0x00007ff846e20000 - 0x00007ff846e75000 	C:\Windows\System32\shlwapi.dll
0x00007ff845a80000 - 0x00007ff845aa5000 	C:\Windows\SYSTEM32\profapi.dll
0x00007ff809070000 - 0x00007ff809147000 	C:\Program Files\Java\jdk-21\bin\jsvml.dll
0x00007ff8318f0000 - 0x00007ff831900000 	C:\Program Files\Java\jdk-21\bin\net.dll
0x00007ff837450000 - 0x00007ff83755a000 	C:\Windows\SYSTEM32\WINHTTP.dll
0x00007ff845220000 - 0x00007ff84528a000 	C:\Windows\system32\mswsock.dll
0x00007ff81bdb0000 - 0x00007ff81bdc6000 	C:\Program Files\Java\jdk-21\bin\nio.dll
0x00007ff81ba20000 - 0x00007ff81ba38000 	C:\Program Files\Java\jdk-21\bin\zip.dll
0x00007ff831820000 - 0x00007ff83182a000 	C:\Program Files\Java\jdk-21\bin\management.dll
0x00007ff831740000 - 0x00007ff83174b000 	C:\Program Files\Java\jdk-21\bin\management_ext.dll
0x00007ff846940000 - 0x00007ff846948000 	C:\Windows\System32\PSAPI.DLL

dbghelp: loaded successfully - version: 4.0.5 - missing functions: none
symbol engine: initialized successfully - sym options: 0x614 - pdb path: .;C:\Program Files\Java\jdk-21\bin;C:\Windows\SYSTEM32;C:\Windows\WinSxS\amd64_microsoft.windows.common-controls_6595b64144ccf1df_6.0.19041.3636_none_60b6a03d71f818d5;C:\Program Files\Java\jdk-21\bin\server

VM Arguments:
jvm_args: -Dcom.sun.management.jmxremote -Dcom.sun.management.jmxremote.port=50674 -Dcom.sun.management.jmxremote.authenticate=false -Dcom.sun.management.jmxremote.ssl=false -Dspring.jmx.enabled=true -Djava.rmi.server.hostname=localhost -Dspring.application.admin.enabled=true -Dspring.boot.project.name=products -XX:+ShowCodeDetailsInExceptionMessages 
java_command: com.riwi.products.ProductsApplication
java_class_path (initial): C:\Users\LUNA\Documents\PROGRAMACIÓN\Spring_Boot\_04_Productos\target\classes;C:\Users\LUNA\.m2\repository\org\springframework\boot\spring-boot-starter-data-jpa\3.2.5\spring-boot-starter-data-jpa-3.2.5.jar;C:\Users\LUNA\.m2\repository\org\springframework\boot\spring-boot-starter-aop\3.2.5\spring-boot-starter-aop-3.2.5.jar;C:\Users\LUNA\.m2\repository\org\springframework\spring-aop\6.1.6\spring-aop-6.1.6.jar;C:\Users\LUNA\.m2\repository\org\aspectj\aspectjweaver\1.9.22\aspectjweaver-1.9.22.jar;C:\Users\LUNA\.m2\repository\org\springframework\boot\spring-boot-starter-jdbc\3.2.5\spring-boot-starter-jdbc-3.2.5.jar;C:\Users\LUNA\.m2\repository\com\zaxxer\HikariCP\5.0.1\HikariCP-5.0.1.jar;C:\Users\LUNA\.m2\repository\org\springframework\spring-jdbc\6.1.6\spring-jdbc-6.1.6.jar;C:\Users\LUNA\.m2\repository\org\hibernate\orm\hibernate-core\6.4.4.Final\hibernate-core-6.4.4.Final.jar;C:\Users\LUNA\.m2\repository\jakarta\persistence\jakarta.persistence-api\3.1.0\jakarta.persistence-api-3.1.0.jar;C:\Users\LUNA\.m2\repository\jakarta\transaction\jakarta.transaction-api\2.0.1\jakarta.transaction-api-2.0.1.jar;C:\Users\LUNA\.m2\repository\org\jboss\logging\jboss-logging\3.5.3.Final\jboss-logging-3.5.3.Final.jar;C:\Users\LUNA\.m2\repository\org\hibernate\common\hibernate-commons-annotations\6.0.6.Final\hibernate-commons-annotations-6.0.6.Final.jar;C:\Users\LUNA\.m2\repository\io\smallrye\jandex\3.1.2\jandex-3.1.2.jar;C:\Users\LUNA\.m2\repository\com\fasterxml\classmate\1.6.0\classmate-1.6.0.jar;C:\Users\LUNA\.m2\repository\net\bytebuddy\byte-buddy\1.14.13\byte-buddy-1.14.13.jar;C:\Users\LUNA\.m2\repository\org\glassfish\jaxb\jaxb-runtime\4.0.5\jaxb-runtime-4.0.5.jar;C:\Users\LUNA\.m2\repository\org\glassfish\jaxb\jaxb-core\4.0.5\jaxb-core-4.0.5.jar;C:\Users\LUNA\.m2\repository\org\eclipse\angus\angus-activation\2.0.2\angus-activation-2.0.2.jar;C:\Users\LUNA\.m2\repository\org\glassfish\jaxb\txw2\4.0.5\txw2-4.0.5.jar;C:\Users\LUNA\.m2\repository\com\sun\istack\istack-commons-runtime\4.1.2\istack-commons-runtime-4.1.2.jar;C:\Users\LUNA\.m2\repository\jakarta\inject\jakarta.inject-api\2.0.1\jakarta.inject-api-2.0.1.jar;C:\Users\LUNA\.m2\repository\org\antlr\antlr4-runtime\4.13.0\antlr4-runtime-4.13.0.jar;C:\Users\LUNA\.m2\repository\org\springframework\data\spring-data-jpa\3.2.5\spring-data-jpa-3.2.5.jar;C:\Users\LUNA\.m2\repository\org\springframework\data\spring-data-commons\3.2.5\spring-data-commons-3.2.5.jar;C:\Users\LUNA\.m2\repository\org\springframework\spring-orm\6.1.6\spring-orm-6.1.6.jar;C:\Users\LUNA\.m2\repository\org\springframework\spring-context\6.1.6\spring-context-6.1.6.jar;C:\Users\LUNA\.m2\repository\org\springframework\spring-tx\6.1.6\spring-tx-6.1.6.jar;C:\Users\LUNA\.m2\repository\org\springframework\spring-beans\6.1.6\spring-beans-6.1.6.jar;C:\Users\LUNA\.m2\repository\jakarta\annotation\jakarta.annotation-api\2.1.1\jakarta.annotation-api-2.1.1.jar;C:\Users\LUNA\.m2\repository\org\slf4j\slf4j-api\2.0.13\slf4j-api-2.0.13.jar;C:\Users\LUNA\.m2\repository\org\springframework\spring-aspects\6.1.6\spring-aspects-6.1.6.jar;C:\Users\LUNA\.m2\repository\org\springframework\boot\spring-boot-starter-web\3.2.5\spring-boot-starter-web-3.2.5.jar;C:\Users\LUNA\.m2\repository\org\springframework\boot\spring-boot-starter\3.2.5\spring-boot-starter-3.2.5.jar;C:\Users\LUNA\.m2\repository\org\springframework\boot\spring-boot-starter-logging\3.2.5\spring-boot-starter-logging-3.2.5.jar;C:\Users\LUNA\.m2\repository\ch\qos\logback\logback-classic\1.4.14\logback-classic-1.4.14.jar;C:\Users\LUNA\.m2\repository\ch\qos\logback\logback-core\1.4.14\logback-core-1.4.14.jar;C:\Users\LUNA\.m2\repository\org\apache\logging\log4j\log4j-to-slf4j\2.21.1\log4j-to-slf4j-2.21.1.jar;C:\Users\LUNA\.m2\repository\org\apache\logging\log4j\log4j-api\2.21.1\log4j-api-2.21.1.jar;C:\Users\LUNA\.m2\repository\org\slf4j\jul-to-slf4j\2.0.13\jul-to-slf4j-2.0.13.jar;C:\Users\LUNA\.m2\repository\org\yaml\snakeyaml\2.2\snakeyaml-2.2.jar;C:\Users\LUNA\.m2\repository\org\springframework\boot\spring-boot-starter-json\3.2.5\spring-boot-starter-json-3.2.5.jar;C:\Users\LUNA\.m2\repository\com\fasterxml\jackson\core\jackson-databind\2.15.4\jackson-databind-2.15.4.jar;C:\Users\LUNA\.m2\repository\com\fasterxml\jackson\core\jackson-annotations\2.15.4\jackson-annotations-2.15.4.jar;C:\Users\LUNA\.m2\repository\com\fasterxml\jackson\core\jackson-core\2.15.4\jackson-core-2.15.4.jar;C:\Users\LUNA\.m2\repository\com\fasterxml\jackson\datatype\jackson-datatype-jdk8\2.15.4\jackson-datatype-jdk8-2.15.4.jar;C:\Users\LUNA\.m2\repository\com\fasterxml\jackson\datatype\jackson-datatype-jsr310\2.15.4\jackson-datatype-jsr310-2.15.4.jar;C:\Users\LUNA\.m2\repository\com\fasterxml\jackson\module\jackson-module-parameter-names\2.15.4\jackson-module-parameter-names-2.15.4.jar;C:\Users\LUNA\.m2\repository\org\springframework\boot\spring-boot-starter-tomcat\3.2.5\spring-boot-starter-tomcat-3.2.5.jar;C:\Users\LUNA\.m2\repository\org\apache\tomcat\embed\tomcat-embed-core\10.1.20\tomcat-embed-core-10.1.20.jar;C:\Users\LUNA\.m2\repository\org\apache\tomcat\embed\tomcat-embed-el\10.1.20\tomcat-embed-el-10.1.20.jar;C:\Users\LUNA\.m2\repository\org\apache\tomcat\embed\tomcat-embed-websocket\10.1.20\tomcat-embed-websocket-10.1.20.jar;C:\Users\LUNA\.m2\repository\org\springframework\spring-web\6.1.6\spring-web-6.1.6.jar;C:\Users\LUNA\.m2\repository\io\micrometer\micrometer-observation\1.12.5\micrometer-observation-1.12.5.jar;C:\Users\LUNA\.m2\repository\io\micrometer\micrometer-commons\1.12.5\micrometer-commons-1.12.5.jar;C:\Users\LUNA\.m2\repository\org\springframework\spring-webmvc\6.1.6\spring-webmvc-6.1.6.jar;C:\Users\LUNA\.m2\repository\org\springframework\spring-expression\6.1.6\spring-expression-6.1.6.jar;C:\Users\LUNA\.m2\repository\org\springframework\boot\spring-boot-devtools\3.2.5\spring-boot-devtools-3.2.5.jar;C:\Users\LUNA\.m2\repository\org\springframework\boot\spring-boot\3.2.5\spring-boot-3.2.5.jar;C:\Users\LUNA\.m2\repository\org\springframework\boot\spring-boot-autoconfigure\3.2.5\spring-boot-autoconfigure-3.2.5.jar;C:\Users\LUNA\.m2\repository\com\mysql\mysql-connector-j\8.3.0\mysql-connector-j-8.3.0.jar;C:\Users\LUNA\.m2\repository\org\projectlombok\lombok\1.18.32\lombok-1.18.32.jar;C:\Users\LUNA\.m2\repository\jakarta\xml\bind\jakarta.xml.bind-api\4.0.2\jakarta.xml.bind-api-4.0.2.jar;C:\Users\LUNA\.m2\repository\jakarta\activation\jakarta.activation-api\2.1.3\jakarta.activation-api-2.1.3.jar;C:\Users\LUNA\.m2\repository\org\springframework\spring-core\6.1.6\spring-core-6.1.6.jar;C:\Users\LUNA\.m2\repository\org\springframework\spring-jcl\6.1.6\spring-jcl-6.1.6.jar
Launcher Type: SUN_STANDARD

[Global flags]
     intx CICompilerCount                          = 2                                         {product} {ergonomic}
     uint ConcGCThreads                            = 1                                         {product} {ergonomic}
     uint G1ConcRefinementThreads                  = 2                                         {product} {ergonomic}
   size_t G1HeapRegionSize                         = 1048576                                   {product} {ergonomic}
    uintx GCDrainStackTargetSize                   = 64                                        {product} {ergonomic}
   size_t InitialHeapSize                          = 31457280                                  {product} {ergonomic}
     bool ManagementServer                         = true                                      {product} {command line}
   size_t MarkStackSize                            = 4194304                                   {product} {ergonomic}
   size_t MaxHeapSize                              = 486539264                                 {product} {ergonomic}
   size_t MaxNewSize                               = 291504128                                 {product} {ergonomic}
   size_t MinHeapDeltaBytes                        = 1048576                                   {product} {ergonomic}
   size_t MinHeapSize                              = 8388608                                   {product} {ergonomic}
    uintx NonNMethodCodeHeapSize                   = 5826188                                {pd product} {ergonomic}
    uintx NonProfiledCodeHeapSize                  = 122916026                              {pd product} {ergonomic}
    uintx ProfiledCodeHeapSize                     = 122916026                              {pd product} {ergonomic}
    uintx ReservedCodeCacheSize                    = 251658240                              {pd product} {ergonomic}
     bool SegmentedCodeCache                       = true                                      {product} {ergonomic}
     bool ShowCodeDetailsInExceptionMessages       = true                                   {manageable} {command line}
   size_t SoftMaxHeapSize                          = 486539264                              {manageable} {ergonomic}
     bool UseCompressedOops                        = true                           {product lp64_product} {ergonomic}
     bool UseG1GC                                  = true                                      {product} {ergonomic}
     bool UseLargePagesIndividualAllocation        = false                                  {pd product} {ergonomic}

Logging:
Log output configuration:
 #0: stdout all=warning uptime,level,tags foldmultilines=false
 #1: stderr all=off uptime,level,tags foldmultilines=false

Environment Variables:
PATH=C:\Program Files\Common Files\Oracle\Java\javapath;C:\Windows\system32;C:\Windows;C:\Windows\System32\Wbem;C:\Windows\System32\WindowsPowerShell\v1.0\;C:\Windows\System32\OpenSSH\;C:\Program Files\Git\cmd;C:\Program Files\nodejs\;C:\Users\LUNA\AppData\Local\Microsoft\WindowsApps;C:\Users\LUNA\AppData\Local\Programs\Microsoft VS Code\bin;C:\Users\LUNA\AppData\Roaming\npm
USERNAME=LUNA
LANG=en_US.UTF-8
OS=Windows_NT
PROCESSOR_IDENTIFIER=Intel64 Family 6 Model 156 Stepping 0, GenuineIntel
TMP=C:\Users\LUNA\AppData\Local\Temp
TEMP=C:\Users\LUNA\AppData\Local\Temp




Periodic native trim disabled

---------------  S Y S T E M  ---------------

OS:
 Windows 10 , 64 bit Build 19041 (10.0.19041.3636)
OS uptime: 0 days 0:47 hours

CPU: total 2 (initial active 2) (2 cores per cpu, 1 threads per core) family 6 model 156 stepping 0 microcode 0x24000023, cx8, cmov, fxsr, mmx, 3dnowpref, sse, sse2, sse3, ssse3, sse4.1, sse4.2, popcnt, tsc, tscinvbit, aes, erms, clmul, sha, clflush, clflushopt, clwb, rdtscp, rdpid
Processor Information for all 2 processors :
  Max Mhz: 1114, Current Mhz: 1114, Mhz Limit: 1114

Memory: 4k page, system-wide physical 1851M (95M free)
TotalPageFile size 7483M (AvailPageFile size 3M)
current process WorkingSet (physical memory assigned to process): 50M, peak: 50M
current process commit charge ("private bytes"): 101M, peak: 101M

vm_info: Java HotSpot(TM) 64-Bit Server VM (21.0.2+13-LTS-58) for windows-amd64 JRE (21.0.2+13-LTS-58), built on 2024-01-05T18:32:24Z by "mach5one" with MS VC++ 17.1 (VS2022)

END.
