#
# There is insufficient memory for the Java Runtime Environment to continue.
# Native memory allocation (malloc) failed to allocate 1111216 bytes for Chunk::new
# Possible reasons:
#   The system is out of physical RAM or swap space
#   The process is running with CompressedOops enabled, and the Java Heap may be blocking the growth of the native heap
# Possible solutions:
#   Reduce memory load on the system
#   Increase physical memory or swap space
#   Check if swap backing store is full
#   Decrease Java heap size (-Xmx/-Xms)
#   Decrease number of Java threads
#   Decrease Java thread stack sizes (-Xss)
#   Set larger code cache with -XX:ReservedCodeCacheSize=
#   JVM is running with Unscaled Compressed Oops mode in which the Java heap is
#     placed in the first 4GB address space. The Java Heap base address is the
#     maximum limit for the native heap growth. Please use -XX:HeapBaseMinAddress
#     to set the Java Heap base and to place the Java Heap above 4GB virtual address.
# This output file may be truncated or incomplete.
#
#  Out of Memory Error (arena.cpp:191), pid=6312, tid=5684
#
# JRE version: OpenJDK Runtime Environment Temurin-17.0.10+7 (17.0.10+7) (build 17.0.10+7)
# Java VM: OpenJDK 64-Bit Server VM Temurin-17.0.10+7 (17.0.10+7, mixed mode, tiered, compressed oops, compressed class ptrs, parallel gc, windows-amd64)
# No core dump will be written. Minidumps are not enabled by default on client versions of Windows
#

---------------  S U M M A R Y ------------

Command Line: --add-modules=ALL-SYSTEM --add-opens=java.base/java.util=ALL-UNNAMED --add-opens=java.base/java.lang=ALL-UNNAMED --add-opens=java.base/sun.nio.fs=ALL-UNNAMED -Declipse.application=org.eclipse.jdt.ls.core.id1 -Dosgi.bundles.defaultStartLevel=4 -Declipse.product=org.eclipse.jdt.ls.core.product -Djava.import.generatesMetadataFilesAtProjectRoot=false -DDetectVMInstallationsJob.disabled=true -Dfile.encoding=utf8 -XX:+UseParallelGC -XX:GCTimeRatio=4 -XX:AdaptiveSizePolicyWeight=90 -Dsun.zip.disableMemoryMapping=true -Xmx1G -Xms100m -Xlog:disable -javaagent:c:\Users\LUNA\.vscode\extensions\redhat.java-1.29.0-win32-x64\lombok\lombok-1.18.32.jar -XX:+HeapDumpOnOutOfMemoryError -XX:HeapDumpPath=c:\Users\LUNA\AppData\Roaming\Code\User\workspaceStorage\37154c7463f6b777ccb631762790d02f\redhat.java -Daether.dependencyCollector.impl=bf c:\Users\LUNA\.vscode\extensions\redhat.java-1.29.0-win32-x64\server\plugins\org.eclipse.equinox.launcher_1.6.800.v20240304-1850.jar -configuration c:\Users\LUNA\AppData\Roaming\Code\User\globalStorage\redhat.java\1.29.0\config_win -data c:\Users\LUNA\AppData\Roaming\Code\User\workspaceStorage\37154c7463f6b777ccb631762790d02f\redhat.java\jdt_ws --stdio

Host: Intel(R) Celeron(R) N4500 @ 1.10GHz, 2 cores, 1G,  Windows 10 , 64 bit Build 19041 (10.0.19041.3636)
Time: Mon Apr 22 08:46:37 2024 Hora est. Pacífico, Sudamérica elapsed time: 982.830678 seconds (0d 0h 16m 22s)

---------------  T H R E A D  ---------------

Current thread (0x000001d06c3653d0):  JavaThread "C2 CompilerThread0" daemon [_thread_in_native, id=5684, stack(0x0000006f86a00000,0x0000006f86b00000)]


Current CompileTask:
C2: 982830 15812       4       org.eclipse.jdt.internal.core.ClassFileInfo::generateAnnotationsInfos (56 bytes)

Stack: [0x0000006f86a00000,0x0000006f86b00000]
Native frames: (J=compiled Java code, j=interpreted, Vv=VM code, C=native code)
V  [jvm.dll+0x67d2c9]
V  [jvm.dll+0x834afa]
V  [jvm.dll+0x8365be]
V  [jvm.dll+0x836c23]
V  [jvm.dll+0x2477ff]
V  [jvm.dll+0xac514]
V  [jvm.dll+0xacb5c]
V  [jvm.dll+0x366782]
V  [jvm.dll+0x330bfa]
V  [jvm.dll+0x33009a]
V  [jvm.dll+0x219ef1]
V  [jvm.dll+0x219311]
V  [jvm.dll+0x1a502d]
V  [jvm.dll+0x2290de]
V  [jvm.dll+0x2272ac]
V  [jvm.dll+0x7e9bb7]
V  [jvm.dll+0x7e3fba]
V  [jvm.dll+0x67c1b5]
C  [ucrtbase.dll+0x21bb2]
C  [KERNEL32.DLL+0x17344]
C  [ntdll.dll+0x526b1]


---------------  P R O C E S S  ---------------

Threads class SMR info:
_java_thread_list=0x000001d074d21790, length=38, elements={
0x000001d058556600, 0x000001d06c353a90, 0x000001d06c3564d0, 0x000001d06c361520,
0x000001d06c3622b0, 0x000001d06c362e40, 0x000001d06c364720, 0x000001d06c3653d0,
0x000001d06c3e9500, 0x000001d06c3ec1d0, 0x000001d06c280dd0, 0x000001d0711c6cf0,
0x000001d0712967f0, 0x000001d071575470, 0x000001d071575c00, 0x000001d07181a8b0,
0x000001d071f47c10, 0x000001d071b0ca10, 0x000001d071b0de50, 0x000001d071b101c0,
0x000001d071b0ed80, 0x000001d071b0f7a0, 0x000001d073fe5880, 0x000001d073fe9f60,
0x000001d073fe8610, 0x000001d073fe76e0, 0x000001d073fe67b0, 0x000001d073feb3a0,
0x000001d073fe9540, 0x000001d073fe6cc0, 0x000001d071b0cf20, 0x000001d071b0e360,
0x000001d073febdc0, 0x000001d073fea980, 0x000001d073fe8100, 0x000001d073fe9030,
0x000001d073feb8b0, 0x000001d073fe4950
}

Java Threads: ( => current thread )
  0x000001d058556600 JavaThread "main" [_thread_blocked, id=8676, stack(0x0000006f86100000,0x0000006f86200000)]
  0x000001d06c353a90 JavaThread "Reference Handler" daemon [_thread_blocked, id=7052, stack(0x0000006f86400000,0x0000006f86500000)]
  0x000001d06c3564d0 JavaThread "Finalizer" daemon [_thread_blocked, id=7492, stack(0x0000006f86500000,0x0000006f86600000)]
  0x000001d06c361520 JavaThread "Signal Dispatcher" daemon [_thread_blocked, id=2972, stack(0x0000006f86600000,0x0000006f86700000)]
  0x000001d06c3622b0 JavaThread "Attach Listener" daemon [_thread_blocked, id=3316, stack(0x0000006f86700000,0x0000006f86800000)]
  0x000001d06c362e40 JavaThread "Service Thread" daemon [_thread_blocked, id=9168, stack(0x0000006f86800000,0x0000006f86900000)]
  0x000001d06c364720 JavaThread "Monitor Deflation Thread" daemon [_thread_blocked, id=5816, stack(0x0000006f86900000,0x0000006f86a00000)]
=>0x000001d06c3653d0 JavaThread "C2 CompilerThread0" daemon [_thread_in_native, id=5684, stack(0x0000006f86a00000,0x0000006f86b00000)]
  0x000001d06c3e9500 JavaThread "C1 CompilerThread0" daemon [_thread_blocked, id=3772, stack(0x0000006f86b00000,0x0000006f86c00000)]
  0x000001d06c3ec1d0 JavaThread "Sweeper thread" daemon [_thread_blocked, id=1116, stack(0x0000006f86c00000,0x0000006f86d00000)]
  0x000001d06c280dd0 JavaThread "Common-Cleaner" daemon [_thread_blocked, id=4300, stack(0x0000006f86d00000,0x0000006f86e00000)]
  0x000001d0711c6cf0 JavaThread "Notification Thread" daemon [_thread_blocked, id=2988, stack(0x0000006f86e00000,0x0000006f86f00000)]
  0x000001d0712967f0 JavaThread "Active Thread: Equinox Container: 04378f4a-8da9-4a5c-b7f5-741f603a15d4" [_thread_blocked, id=3596, stack(0x0000006f87100000,0x0000006f87200000)]
  0x000001d071575470 JavaThread "Framework Event Dispatcher: Equinox Container: 04378f4a-8da9-4a5c-b7f5-741f603a15d4" daemon [_thread_blocked, id=8340, stack(0x0000006f87200000,0x0000006f87300000)]
  0x000001d071575c00 JavaThread "Start Level: Equinox Container: 04378f4a-8da9-4a5c-b7f5-741f603a15d4" daemon [_thread_blocked, id=8872, stack(0x0000006f87300000,0x0000006f87400000)]
  0x000001d07181a8b0 JavaThread "Bundle File Closer" daemon [_thread_blocked, id=7008, stack(0x0000006f87400000,0x0000006f87500000)]
  0x000001d071f47c10 JavaThread "SCR Component Actor" daemon [_thread_blocked, id=6016, stack(0x0000006f87500000,0x0000006f87600000)]
  0x000001d071b0ca10 JavaThread "Worker-JM" [_thread_blocked, id=5156, stack(0x0000006f87700000,0x0000006f87800000)]
  0x000001d071b0de50 JavaThread "Worker-1" [_thread_blocked, id=9012, stack(0x0000006f87800000,0x0000006f87900000)]
  0x000001d071b101c0 JavaThread "Java indexing" daemon [_thread_in_native, id=8792, stack(0x0000006f87900000,0x0000006f87a00000)]
  0x000001d071b0ed80 JavaThread "JNA Cleaner" daemon [_thread_blocked, id=8112, stack(0x0000006f87d00000,0x0000006f87e00000)]
  0x000001d071b0f7a0 JavaThread "pool-2-thread-1" [_thread_blocked, id=2224, stack(0x0000006f88000000,0x0000006f88100000)]
  0x000001d073fe5880 JavaThread "WorkspaceEventsHandler" [_thread_blocked, id=4460, stack(0x0000006f88200000,0x0000006f88300000)]
  0x000001d073fe9f60 JavaThread "pool-1-thread-1" [_thread_in_native, id=5652, stack(0x0000006f88300000,0x0000006f88400000)]
  0x000001d073fe8610 JavaThread "Worker-6: Building" [_thread_in_vm, id=3500, stack(0x0000006f88400000,0x0000006f88500000)]
  0x000001d073fe76e0 JavaThread "Cleaner-0" daemon [_thread_blocked, id=3956, stack(0x0000006f88700000,0x0000006f88800000)]
  0x000001d073fe67b0 JavaThread "Worker-8" [_thread_blocked, id=7272, stack(0x0000006f87600000,0x0000006f87700000)]
  0x000001d073feb3a0 JavaThread "Worker-9" [_thread_blocked, id=1248, stack(0x0000006f87a00000,0x0000006f87b00000)]
  0x000001d073fe9540 JavaThread "Worker-10" [_thread_blocked, id=8532, stack(0x0000006f87b00000,0x0000006f87c00000)]
  0x000001d073fe6cc0 JavaThread "pool-1-thread-2" [_thread_blocked, id=4844, stack(0x0000006f87e00000,0x0000006f87f00000)]
  0x000001d071b0cf20 JavaThread "Worker-11" [_thread_blocked, id=5412, stack(0x0000006f86000000,0x0000006f86100000)]
  0x000001d071b0e360 JavaThread "Worker-12" [_thread_blocked, id=3396, stack(0x0000006f87c00000,0x0000006f87d00000)]
  0x000001d073febdc0 JavaThread "Worker-13" [_thread_blocked, id=8780, stack(0x0000006f87f00000,0x0000006f88000000)]
  0x000001d073fea980 JavaThread "ForkJoinPool.commonPool-worker-3" daemon [_thread_blocked, id=7640, stack(0x0000006f85f00000,0x0000006f86000000)]
  0x000001d073fe8100 JavaThread "Worker-14" [_thread_blocked, id=4852, stack(0x0000006f88500000,0x0000006f88600000)]
  0x000001d073fe9030 JavaThread "Thread-249" [_thread_in_native, id=6336, stack(0x0000006f88100000,0x0000006f88200000)]
  0x000001d073feb8b0 JavaThread "Thread-254" [_thread_blocked, id=8176, stack(0x0000006f88600000,0x0000006f88700000)]
  0x000001d073fe4950 JavaThread "Thread-255" [_thread_blocked, id=8616, stack(0x0000006f88800000,0x0000006f88900000)]

Other Threads:
  0x000001d06c33e9d0 VMThread "VM Thread" [stack: 0x0000006f86300000,0x0000006f86400000] [id=8248]
  0x000001d0711c71d0 WatcherThread [stack: 0x0000006f86f00000,0x0000006f87000000] [id=2984]
  0x000001d05856a6c0 GCTaskThread "GC Thread#0" [stack: 0x0000006f86200000,0x0000006f86300000] [id=6984]
  0x000001d0718033c0 GCTaskThread "GC Thread#1" [stack: 0x0000006f87000000,0x0000006f87100000] [id=3020]

Threads with active compile tasks:
C2 CompilerThread0   982888 15812       4       org.eclipse.jdt.internal.core.ClassFileInfo::generateAnnotationsInfos (56 bytes)

VM state: not at safepoint (normal execution)

VM Mutex/Monitor currently owned by a thread: None

Heap address: 0x00000000c0000000, size: 1024 MB, Compressed Oops mode: 32-bit

CDS archive(s) not mapped
Compressed class space mapped at: 0x0000000100000000-0x0000000140000000, reserved size: 1073741824
Narrow klass base: 0x0000000000000000, Narrow klass shift: 3, Narrow klass range: 0x140000000

GC Precious Log:
 CPUs: 2 total, 2 available
 Memory: 1851M
 Large Page Support: Disabled
 NUMA Support: Disabled
 Compressed Oops: Enabled (32-bit)
 Alignments: Space 512K, Generation 512K, Heap 2M
 Heap Min Capacity: 100M
 Heap Initial Capacity: 100M
 Heap Max Capacity: 1G
 Pre-touch: Disabled
 Parallel Workers: 2

Heap:
 PSYoungGen      total 32768K, used 30392K [0x00000000eab00000, 0x00000000ed600000, 0x0000000100000000)
  eden space 22016K, 89% used [0x00000000eab00000,0x00000000ebe33068,0x00000000ec080000)
  from space 10752K, 99% used [0x00000000ec080000,0x00000000ecafb150,0x00000000ecb00000)
  to   space 10752K, 0% used [0x00000000ecb00000,0x00000000ecb00000,0x00000000ed580000)
 ParOldGen       total 290304K, used 218239K [0x00000000c0000000, 0x00000000d1b80000, 0x00000000eab00000)
  object space 290304K, 75% used [0x00000000c0000000,0x00000000cd51fc68,0x00000000d1b80000)
 Metaspace       used 83850K, committed 85376K, reserved 1179648K
  class space    used 8625K, committed 9344K, reserved 1048576K

Card table byte_map: [0x000001d057f00000,0x000001d058110000] _byte_map_base: 0x000001d057900000

Marking Bits: (ParMarkBitMap*) 0x00007ffa1170d7d0
 Begin Bits: [0x000001d06a200000, 0x000001d06b200000)
 End Bits:   [0x000001d06b200000, 0x000001d06c200000)

Polling page: 0x000001d056520000

Metaspace:

Usage:
  Non-class:     73.46 MB used.
      Class:      8.42 MB used.
       Both:     81.89 MB used.

Virtual space:
  Non-class space:      128.00 MB reserved,      74.25 MB ( 58%) committed,  2 nodes.
      Class space:        1.00 GB reserved,       9.12 MB ( <1%) committed,  1 nodes.
             Both:        1.12 GB reserved,      83.38 MB (  7%) committed. 

Chunk freelists:
   Non-Class:  5.68 MB
       Class:  6.81 MB
        Both:  12.49 MB

MaxMetaspaceSize: unlimited
CompressedClassSpaceSize: 1.00 GB
Initial GC threshold: 21.00 MB
Current GC threshold: 138.88 MB
CDS: off
MetaspaceReclaimPolicy: balanced
 - commit_granule_bytes: 65536.
 - commit_granule_words: 8192.
 - virtual_space_node_default_size: 8388608.
 - enlarge_chunks_in_place: 1.
 - new_chunks_are_fully_committed: 0.
 - uncommit_free_chunks: 1.
 - use_allocation_guard: 0.
 - handle_deallocations: 1.


Internal statistics:

num_allocs_failed_limit: 9.
num_arena_births: 1106.
num_arena_deaths: 120.
num_vsnodes_births: 3.
num_vsnodes_deaths: 0.
num_space_committed: 1334.
num_space_uncommitted: 0.
num_chunks_returned_to_freelist: 152.
num_chunks_taken_from_freelist: 4926.
num_chunk_merges: 43.
num_chunk_splits: 2891.
num_chunks_enlarged: 1501.
num_inconsistent_stats: 0.

CodeHeap 'non-profiled nmethods': size=120064Kb used=10186Kb max_used=10283Kb free=109877Kb
 bounds [0x000001d062cc0000, 0x000001d0636d0000, 0x000001d06a200000]
CodeHeap 'profiled nmethods': size=120000Kb used=29062Kb max_used=29670Kb free=90937Kb
 bounds [0x000001d05b200000, 0x000001d05cf00000, 0x000001d062730000]
CodeHeap 'non-nmethods': size=5696Kb used=1393Kb max_used=1472Kb free=4303Kb
 bounds [0x000001d062730000, 0x000001d0629a0000, 0x000001d062cc0000]
 total_blobs=13585 nmethods=12833 adapters=663
 compilation: enabled
              stopped_count=0, restarted_count=0
 full_count=0

Compilation events (20 events):
Event: 982.576 Thread 0x000001d06c3653d0 nmethod 15805 0x000001d0631d3410 code [0x000001d0631d3620, 0x000001d0631d3b40]
Event: 982.611 Thread 0x000001d06c3e9500 15806       3       org.eclipse.core.internal.preferences.PreferencesService::getLookupOrder (45 bytes)
Event: 982.613 Thread 0x000001d06c3e9500 nmethod 15806 0x000001d05b3f0f90 code [0x000001d05b3f13e0, 0x000001d05b3f3768]
Event: 982.621 Thread 0x000001d06c3e9500 15807       3       org.eclipse.core.internal.events.ResourceComparator::getBuildComparator (4 bytes)
Event: 982.621 Thread 0x000001d06c3e9500 nmethod 15807 0x000001d05b450310 code [0x000001d05b4504a0, 0x000001d05b450598]
Event: 982.627 Thread 0x000001d06c3e9500 15808       3       org.eclipse.jdt.internal.core.JavaProject::computeExpandedClasspath (382 bytes)
Event: 982.629 Thread 0x000001d06c3e9500 nmethod 15808 0x000001d05c7fd990 code [0x000001d05c7fddc0, 0x000001d05c800048]
Event: 982.634 Thread 0x000001d06c3e9500 15809       3       org.eclipse.jdt.internal.compiler.parser.Parser::consumePackageComment (23 bytes)
Event: 982.634 Thread 0x000001d06c3e9500 nmethod 15809 0x000001d05cd11690 code [0x000001d05cd11840, 0x000001d05cd11b18]
Event: 982.649 Thread 0x000001d06c3e9500 15810       3       org.eclipse.jdt.internal.core.builder.NameEnvironment::hasCompilationUnit (320 bytes)
Event: 982.651 Thread 0x000001d06c3e9500 nmethod 15810 0x000001d05b452310 code [0x000001d05b452720, 0x000001d05b454638]
Event: 982.659 Thread 0x000001d06c3653d0 15811       4       org.eclipse.jdt.internal.core.util.Util::localTypeName (51 bytes)
Event: 982.669 Thread 0x000001d06c3653d0 nmethod 15811 0x000001d0631d2710 code [0x000001d0631d28c0, 0x000001d0631d2f08]
Event: 982.697 Thread 0x000001d06c3653d0 15812       4       org.eclipse.jdt.internal.core.ClassFileInfo::generateAnnotationsInfos (56 bytes)
Event: 982.798 Thread 0x000001d06c3e9500 15814       3       java.util.ImmutableCollections$AbstractImmutableList::hashCode (36 bytes)
Event: 982.798 Thread 0x000001d06c3e9500 nmethod 15814 0x000001d05c7fcf10 code [0x000001d05c7fd0e0, 0x000001d05c7fd5c8]
Event: 982.800 Thread 0x000001d06c3e9500 15815       3       org.apache.maven.RepositoryUtils::toRepo (118 bytes)
Event: 982.802 Thread 0x000001d06c3e9500 nmethod 15815 0x000001d05c95fd90 code [0x000001d05c960040, 0x000001d05c960e38]
Event: 982.808 Thread 0x000001d06c3e9500 15816       3       java.util.concurrent.atomic.AtomicReference::<init> (10 bytes)
Event: 982.808 Thread 0x000001d06c3e9500 nmethod 15816 0x000001d05bfb0990 code [0x000001d05bfb0b20, 0x000001d05bfb0cb8]

GC Heap History (20 events):
Event: 981.581 GC heap before
{Heap before GC invocations=313 (full 11):
 PSYoungGen      total 20480K, used 20428K [0x00000000eab00000, 0x00000000ec900000, 0x0000000100000000)
  eden space 14848K, 99% used [0x00000000eab00000,0x00000000eb97dc68,0x00000000eb980000)
  from space 5632K, 99% used [0x00000000eb980000,0x00000000ebef5558,0x00000000ebf00000)
  to   space 7168K, 0% used [0x00000000ec200000,0x00000000ec200000,0x00000000ec900000)
 ParOldGen       total 290304K, used 194189K [0x00000000c0000000, 0x00000000d1b80000, 0x00000000eab00000)
  object space 290304K, 66% used [0x00000000c0000000,0x00000000cbda3698,0x00000000d1b80000)
 Metaspace       used 83820K, committed 85312K, reserved 1179648K
  class space    used 8623K, committed 9344K, reserved 1048576K
}
Event: 981.589 GC heap after
{Heap after GC invocations=313 (full 11):
 PSYoungGen      total 22528K, used 7141K [0x00000000eab00000, 0x00000000ecb00000, 0x0000000100000000)
  eden space 15360K, 0% used [0x00000000eab00000,0x00000000eab00000,0x00000000eba00000)
  from space 7168K, 99% used [0x00000000ec200000,0x00000000ec8f9548,0x00000000ec900000)
  to   space 8192K, 0% used [0x00000000eba00000,0x00000000eba00000,0x00000000ec200000)
 ParOldGen       total 290304K, used 194733K [0x00000000c0000000, 0x00000000d1b80000, 0x00000000eab00000)
  object space 290304K, 67% used [0x00000000c0000000,0x00000000cbe2b698,0x00000000d1b80000)
 Metaspace       used 83820K, committed 85312K, reserved 1179648K
  class space    used 8623K, committed 9344K, reserved 1048576K
}
Event: 981.645 GC heap before
{Heap before GC invocations=314 (full 11):
 PSYoungGen      total 22528K, used 22501K [0x00000000eab00000, 0x00000000ecb00000, 0x0000000100000000)
  eden space 15360K, 100% used [0x00000000eab00000,0x00000000eba00000,0x00000000eba00000)
  from space 7168K, 99% used [0x00000000ec200000,0x00000000ec8f9548,0x00000000ec900000)
  to   space 8192K, 0% used [0x00000000eba00000,0x00000000eba00000,0x00000000ec200000)
 ParOldGen       total 290304K, used 194733K [0x00000000c0000000, 0x00000000d1b80000, 0x00000000eab00000)
  object space 290304K, 67% used [0x00000000c0000000,0x00000000cbe2b698,0x00000000d1b80000)
 Metaspace       used 83820K, committed 85312K, reserved 1179648K
  class space    used 8623K, committed 9344K, reserved 1048576K
}
Event: 981.654 GC heap after
{Heap after GC invocations=314 (full 11):
 PSYoungGen      total 23552K, used 8176K [0x00000000eab00000, 0x00000000ecd80000, 0x0000000100000000)
  eden space 15360K, 0% used [0x00000000eab00000,0x00000000eab00000,0x00000000eba00000)
  from space 8192K, 99% used [0x00000000eba00000,0x00000000ec1fc308,0x00000000ec200000)
  to   space 9216K, 0% used [0x00000000ec480000,0x00000000ec480000,0x00000000ecd80000)
 ParOldGen       total 290304K, used 195386K [0x00000000c0000000, 0x00000000d1b80000, 0x00000000eab00000)
  object space 290304K, 67% used [0x00000000c0000000,0x00000000cbece8f8,0x00000000d1b80000)
 Metaspace       used 83820K, committed 85312K, reserved 1179648K
  class space    used 8623K, committed 9344K, reserved 1048576K
}
Event: 981.764 GC heap before
{Heap before GC invocations=315 (full 11):
 PSYoungGen      total 23552K, used 23212K [0x00000000eab00000, 0x00000000ecd80000, 0x0000000100000000)
  eden space 15360K, 97% used [0x00000000eab00000,0x00000000eb9aefe8,0x00000000eba00000)
  from space 8192K, 99% used [0x00000000eba00000,0x00000000ec1fc308,0x00000000ec200000)
  to   space 9216K, 0% used [0x00000000ec480000,0x00000000ec480000,0x00000000ecd80000)
 ParOldGen       total 290304K, used 195386K [0x00000000c0000000, 0x00000000d1b80000, 0x00000000eab00000)
  object space 290304K, 67% used [0x00000000c0000000,0x00000000cbece8f8,0x00000000d1b80000)
 Metaspace       used 83820K, committed 85312K, reserved 1179648K
  class space    used 8623K, committed 9344K, reserved 1048576K
}
Event: 981.772 GC heap after
{Heap after GC invocations=315 (full 11):
 PSYoungGen      total 25088K, used 7840K [0x00000000eab00000, 0x00000000ecc80000, 0x0000000100000000)
  eden space 16896K, 0% used [0x00000000eab00000,0x00000000eab00000,0x00000000ebb80000)
  from space 8192K, 95% used [0x00000000ec480000,0x00000000ecc28000,0x00000000ecc80000)
  to   space 8704K, 0% used [0x00000000ebb80000,0x00000000ebb80000,0x00000000ec400000)
 ParOldGen       total 290304K, used 196095K [0x00000000c0000000, 0x00000000d1b80000, 0x00000000eab00000)
  object space 290304K, 67% used [0x00000000c0000000,0x00000000cbf7fd50,0x00000000d1b80000)
 Metaspace       used 83820K, committed 85312K, reserved 1179648K
  class space    used 8623K, committed 9344K, reserved 1048576K
}
Event: 981.829 GC heap before
{Heap before GC invocations=316 (full 11):
 PSYoungGen      total 25088K, used 24372K [0x00000000eab00000, 0x00000000ecc80000, 0x0000000100000000)
  eden space 16896K, 97% used [0x00000000eab00000,0x00000000ebb25188,0x00000000ebb80000)
  from space 8192K, 95% used [0x00000000ec480000,0x00000000ecc28000,0x00000000ecc80000)
  to   space 8704K, 0% used [0x00000000ebb80000,0x00000000ebb80000,0x00000000ec400000)
 ParOldGen       total 290304K, used 196095K [0x00000000c0000000, 0x00000000d1b80000, 0x00000000eab00000)
  object space 290304K, 67% used [0x00000000c0000000,0x00000000cbf7fd50,0x00000000d1b80000)
 Metaspace       used 83820K, committed 85312K, reserved 1179648K
  class space    used 8623K, committed 9344K, reserved 1048576K
}
Event: 981.836 GC heap after
{Heap after GC invocations=316 (full 11):
 PSYoungGen      total 25600K, used 8096K [0x00000000eab00000, 0x00000000ecd80000, 0x0000000100000000)
  eden space 16896K, 0% used [0x00000000eab00000,0x00000000eab00000,0x00000000ebb80000)
  from space 8704K, 93% used [0x00000000ebb80000,0x00000000ec368000,0x00000000ec400000)
  to   space 8192K, 0% used [0x00000000ec580000,0x00000000ec580000,0x00000000ecd80000)
 ParOldGen       total 290304K, used 196095K [0x00000000c0000000, 0x00000000d1b80000, 0x00000000eab00000)
  object space 290304K, 67% used [0x00000000c0000000,0x00000000cbf7fd50,0x00000000d1b80000)
 Metaspace       used 83820K, committed 85312K, reserved 1179648K
  class space    used 8623K, committed 9344K, reserved 1048576K
}
Event: 981.891 GC heap before
{Heap before GC invocations=317 (full 11):
 PSYoungGen      total 25600K, used 24670K [0x00000000eab00000, 0x00000000ecd80000, 0x0000000100000000)
  eden space 16896K, 98% used [0x00000000eab00000,0x00000000ebb2f848,0x00000000ebb80000)
  from space 8704K, 93% used [0x00000000ebb80000,0x00000000ec368000,0x00000000ec400000)
  to   space 8192K, 0% used [0x00000000ec580000,0x00000000ec580000,0x00000000ecd80000)
 ParOldGen       total 290304K, used 196095K [0x00000000c0000000, 0x00000000d1b80000, 0x00000000eab00000)
  object space 290304K, 67% used [0x00000000c0000000,0x00000000cbf7fd50,0x00000000d1b80000)
 Metaspace       used 83820K, committed 85312K, reserved 1179648K
  class space    used 8623K, committed 9344K, reserved 1048576K
}
Event: 981.899 GC heap after
{Heap after GC invocations=317 (full 11):
 PSYoungGen      total 26624K, used 8192K [0x00000000eab00000, 0x00000000ece80000, 0x0000000100000000)
  eden space 18432K, 0% used [0x00000000eab00000,0x00000000eab00000,0x00000000ebd00000)
  from space 8192K, 100% used [0x00000000ec580000,0x00000000ecd80000,0x00000000ecd80000)
  to   space 8704K, 0% used [0x00000000ebd00000,0x00000000ebd00000,0x00000000ec580000)
 ParOldGen       total 290304K, used 196319K [0x00000000c0000000, 0x00000000d1b80000, 0x00000000eab00000)
  object space 290304K, 67% used [0x00000000c0000000,0x00000000cbfb7d50,0x00000000d1b80000)
 Metaspace       used 83820K, committed 85312K, reserved 1179648K
  class space    used 8623K, committed 9344K, reserved 1048576K
}
Event: 981.944 GC heap before
{Heap before GC invocations=318 (full 11):
 PSYoungGen      total 26624K, used 26624K [0x00000000eab00000, 0x00000000ece80000, 0x0000000100000000)
  eden space 18432K, 100% used [0x00000000eab00000,0x00000000ebd00000,0x00000000ebd00000)
  from space 8192K, 100% used [0x00000000ec580000,0x00000000ecd80000,0x00000000ecd80000)
  to   space 8704K, 0% used [0x00000000ebd00000,0x00000000ebd00000,0x00000000ec580000)
 ParOldGen       total 290304K, used 196319K [0x00000000c0000000, 0x00000000d1b80000, 0x00000000eab00000)
  object space 290304K, 67% used [0x00000000c0000000,0x00000000cbfb7d50,0x00000000d1b80000)
 Metaspace       used 83820K, committed 85312K, reserved 1179648K
  class space    used 8623K, committed 9344K, reserved 1048576K
}
Event: 981.956 GC heap after
{Heap after GC invocations=318 (full 11):
 PSYoungGen      total 27136K, used 8702K [0x00000000eab00000, 0x00000000ed700000, 0x0000000100000000)
  eden space 18432K, 0% used [0x00000000eab00000,0x00000000eab00000,0x00000000ebd00000)
  from space 8704K, 99% used [0x00000000ebd00000,0x00000000ec57fa58,0x00000000ec580000)
  to   space 12288K, 0% used [0x00000000ecb00000,0x00000000ecb00000,0x00000000ed700000)
 ParOldGen       total 290304K, used 198991K [0x00000000c0000000, 0x00000000d1b80000, 0x00000000eab00000)
  object space 290304K, 68% used [0x00000000c0000000,0x00000000cc253d50,0x00000000d1b80000)
 Metaspace       used 83820K, committed 85312K, reserved 1179648K
  class space    used 8623K, committed 9344K, reserved 1048576K
}
Event: 982.019 GC heap before
{Heap before GC invocations=319 (full 11):
 PSYoungGen      total 27136K, used 26803K [0x00000000eab00000, 0x00000000ed700000, 0x0000000100000000)
  eden space 18432K, 98% used [0x00000000eab00000,0x00000000ebcad1e0,0x00000000ebd00000)
  from space 8704K, 99% used [0x00000000ebd00000,0x00000000ec57fa58,0x00000000ec580000)
  to   space 12288K, 0% used [0x00000000ecb00000,0x00000000ecb00000,0x00000000ed700000)
 ParOldGen       total 290304K, used 198991K [0x00000000c0000000, 0x00000000d1b80000, 0x00000000eab00000)
  object space 290304K, 68% used [0x00000000c0000000,0x00000000cc253d50,0x00000000d1b80000)
 Metaspace       used 83820K, committed 85312K, reserved 1179648K
  class space    used 8623K, committed 9344K, reserved 1048576K
}
Event: 982.034 GC heap after
{Heap after GC invocations=319 (full 11):
 PSYoungGen      total 31232K, used 10659K [0x00000000eab00000, 0x00000000ed580000, 0x0000000100000000)
  eden space 20480K, 0% used [0x00000000eab00000,0x00000000eab00000,0x00000000ebf00000)
  from space 10752K, 99% used [0x00000000ecb00000,0x00000000ed568f40,0x00000000ed580000)
  to   space 11264K, 0% used [0x00000000ebf80000,0x00000000ebf80000,0x00000000eca80000)
 ParOldGen       total 290304K, used 199279K [0x00000000c0000000, 0x00000000d1b80000, 0x00000000eab00000)
  object space 290304K, 68% used [0x00000000c0000000,0x00000000cc29bd50,0x00000000d1b80000)
 Metaspace       used 83820K, committed 85312K, reserved 1179648K
  class space    used 8623K, committed 9344K, reserved 1048576K
}
Event: 982.391 GC heap before
{Heap before GC invocations=320 (full 11):
 PSYoungGen      total 31232K, used 30857K [0x00000000eab00000, 0x00000000ed580000, 0x0000000100000000)
  eden space 20480K, 98% used [0x00000000eab00000,0x00000000ebeb94f8,0x00000000ebf00000)
  from space 10752K, 99% used [0x00000000ecb00000,0x00000000ed568f40,0x00000000ed580000)
  to   space 11264K, 0% used [0x00000000ebf80000,0x00000000ebf80000,0x00000000eca80000)
 ParOldGen       total 290304K, used 199279K [0x00000000c0000000, 0x00000000d1b80000, 0x00000000eab00000)
  object space 290304K, 68% used [0x00000000c0000000,0x00000000cc29bd50,0x00000000d1b80000)
 Metaspace       used 83822K, committed 85312K, reserved 1179648K
  class space    used 8623K, committed 9344K, reserved 1048576K
}
Event: 982.406 GC heap after
{Heap after GC invocations=320 (full 11):
 PSYoungGen      total 31744K, used 11235K [0x00000000eab00000, 0x00000000ed580000, 0x0000000100000000)
  eden space 20480K, 0% used [0x00000000eab00000,0x00000000eab00000,0x00000000ebf00000)
  from space 11264K, 99% used [0x00000000ebf80000,0x00000000eca78f40,0x00000000eca80000)
  to   space 10752K, 0% used [0x00000000ecb00000,0x00000000ecb00000,0x00000000ed580000)
 ParOldGen       total 290304K, used 200984K [0x00000000c0000000, 0x00000000d1b80000, 0x00000000eab00000)
  object space 290304K, 69% used [0x00000000c0000000,0x00000000cc4460b8,0x00000000d1b80000)
 Metaspace       used 83822K, committed 85312K, reserved 1179648K
  class space    used 8623K, committed 9344K, reserved 1048576K
}
Event: 982.559 GC heap before
{Heap before GC invocations=321 (full 11):
 PSYoungGen      total 31744K, used 31542K [0x00000000eab00000, 0x00000000ed580000, 0x0000000100000000)
  eden space 20480K, 99% used [0x00000000eab00000,0x00000000ebed4ac0,0x00000000ebf00000)
  from space 11264K, 99% used [0x00000000ebf80000,0x00000000eca78f40,0x00000000eca80000)
  to   space 10752K, 0% used [0x00000000ecb00000,0x00000000ecb00000,0x00000000ed580000)
 ParOldGen       total 290304K, used 200984K [0x00000000c0000000, 0x00000000d1b80000, 0x00000000eab00000)
  object space 290304K, 69% used [0x00000000c0000000,0x00000000cc4460b8,0x00000000d1b80000)
 Metaspace       used 83826K, committed 85312K, reserved 1179648K
  class space    used 8623K, committed 9344K, reserved 1048576K
}
Event: 982.575 GC heap after
{Heap after GC invocations=321 (full 11):
 PSYoungGen      total 32768K, used 9288K [0x00000000eab00000, 0x00000000ed600000, 0x0000000100000000)
  eden space 22016K, 0% used [0x00000000eab00000,0x00000000eab00000,0x00000000ec080000)
  from space 10752K, 86% used [0x00000000ecb00000,0x00000000ed412160,0x00000000ed580000)
  to   space 10752K, 0% used [0x00000000ec080000,0x00000000ec080000,0x00000000ecb00000)
 ParOldGen       total 290304K, used 203369K [0x00000000c0000000, 0x00000000d1b80000, 0x00000000eab00000)
  object space 290304K, 70% used [0x00000000c0000000,0x00000000cc69a628,0x00000000d1b80000)
 Metaspace       used 83826K, committed 85312K, reserved 1179648K
  class space    used 8623K, committed 9344K, reserved 1048576K
}
Event: 982.703 GC heap before
{Heap before GC invocations=322 (full 11):
 PSYoungGen      total 32768K, used 31304K [0x00000000eab00000, 0x00000000ed600000, 0x0000000100000000)
  eden space 22016K, 100% used [0x00000000eab00000,0x00000000ec080000,0x00000000ec080000)
  from space 10752K, 86% used [0x00000000ecb00000,0x00000000ed412160,0x00000000ed580000)
  to   space 10752K, 0% used [0x00000000ec080000,0x00000000ec080000,0x00000000ecb00000)
 ParOldGen       total 290304K, used 203369K [0x00000000c0000000, 0x00000000d1b80000, 0x00000000eab00000)
  object space 290304K, 70% used [0x00000000c0000000,0x00000000cc69a628,0x00000000d1b80000)
 Metaspace       used 83840K, committed 85376K, reserved 1179648K
  class space    used 8623K, committed 9344K, reserved 1048576K
}
Event: 982.719 GC heap after
{Heap after GC invocations=322 (full 11):
 PSYoungGen      total 32768K, used 10732K [0x00000000eab00000, 0x00000000ed600000, 0x0000000100000000)
  eden space 22016K, 0% used [0x00000000eab00000,0x00000000eab00000,0x00000000ec080000)
  from space 10752K, 99% used [0x00000000ec080000,0x00000000ecafb150,0x00000000ecb00000)
  to   space 10752K, 0% used [0x00000000ecb00000,0x00000000ecb00000,0x00000000ed580000)
 ParOldGen       total 290304K, used 206719K [0x00000000c0000000, 0x00000000d1b80000, 0x00000000eab00000)
  object space 290304K, 71% used [0x00000000c0000000,0x00000000cc9dfc58,0x00000000d1b80000)
 Metaspace       used 83840K, committed 85376K, reserved 1179648K
  class space    used 8623K, committed 9344K, reserved 1048576K
}

Dll operation events (11 events):
Event: 0.020 Loaded shared library c:\Users\LUNA\.vscode\extensions\redhat.java-1.29.0-win32-x64\jre\17.0.10-win32-x86_64\bin\java.dll
Event: 1.653 Loaded shared library c:\Users\LUNA\.vscode\extensions\redhat.java-1.29.0-win32-x64\jre\17.0.10-win32-x86_64\bin\zip.dll
Event: 1.657 Loaded shared library C:\Users\LUNA\.vscode\extensions\redhat.java-1.29.0-win32-x64\jre\17.0.10-win32-x86_64\bin\instrument.dll
Event: 1.769 Loaded shared library C:\Users\LUNA\.vscode\extensions\redhat.java-1.29.0-win32-x64\jre\17.0.10-win32-x86_64\bin\net.dll
Event: 1.772 Loaded shared library C:\Users\LUNA\.vscode\extensions\redhat.java-1.29.0-win32-x64\jre\17.0.10-win32-x86_64\bin\nio.dll
Event: 1.781 Loaded shared library C:\Users\LUNA\.vscode\extensions\redhat.java-1.29.0-win32-x64\jre\17.0.10-win32-x86_64\bin\zip.dll
Event: 1.896 Loaded shared library C:\Users\LUNA\.vscode\extensions\redhat.java-1.29.0-win32-x64\jre\17.0.10-win32-x86_64\bin\jimage.dll
Event: 2.371 Loaded shared library c:\Users\LUNA\.vscode\extensions\redhat.java-1.29.0-win32-x64\jre\17.0.10-win32-x86_64\bin\verify.dll
Event: 11.487 Loaded shared library C:\Users\LUNA\AppData\Roaming\Code\User\globalStorage\redhat.java\1.29.0\config_win\org.eclipse.equinox.launcher\org.eclipse.equinox.launcher.win32.win32.x86_64_1.2.900.v20240213-1244\eclipse_11900.dll
Event: 52.380 Loaded shared library C:\Users\LUNA\AppData\Local\Temp\jna-2348284\jna16846334745050787544.dll
Event: 98.798 Loaded shared library C:\Users\LUNA\.vscode\extensions\redhat.java-1.29.0-win32-x64\jre\17.0.10-win32-x86_64\bin\sunmscapi.dll

Deoptimization events (20 events):
Event: 978.801 Thread 0x000001d073fe5d90 DEOPT PACKING pc=0x000001d0634f07b4 sp=0x0000006f881fe630
Event: 978.801 Thread 0x000001d073fe5d90 DEOPT UNPACKING pc=0x000001d06278669d sp=0x0000006f881fe4f8 mode 2
Event: 978.859 Thread 0x000001d073fe5d90 Uncommon trap: trap_request=0xffffffde fr.pc=0x000001d063525a00 relative=0x0000000000004c00
Event: 978.859 Thread 0x000001d073fe5d90 Uncommon trap: reason=class_check action=maybe_recompile pc=0x000001d063525a00 method=org.eclipse.jdt.internal.core.JavaElement.openWhenClosed(Lorg/eclipse/jdt/internal/compiler/env/IElementInfo;ZLorg/eclipse/core/runtime/IProgressMonitor;)Lorg/eclipse/jd
Event: 978.859 Thread 0x000001d073fe5d90 DEOPT PACKING pc=0x000001d063525a00 sp=0x0000006f881fe6c0
Event: 978.859 Thread 0x000001d073fe5d90 DEOPT UNPACKING pc=0x000001d06278669d sp=0x0000006f881fe648 mode 2
Event: 981.104 Thread 0x000001d073fe9030 Uncommon trap: trap_request=0xffffff45 fr.pc=0x000001d063653e90 relative=0x0000000000001a70
Event: 981.104 Thread 0x000001d073fe9030 Uncommon trap: reason=unstable_if action=reinterpret pc=0x000001d063653e90 method=org.eclipse.jdt.internal.core.ClassFileInfo.generateStandardAnnotationsInfos(Lorg/eclipse/jdt/internal/core/JavaElement;[CJLjava/util/Map;)V @ 89 c2
Event: 981.104 Thread 0x000001d073fe9030 DEOPT PACKING pc=0x000001d063653e90 sp=0x0000006f881fd840
Event: 981.104 Thread 0x000001d073fe9030 DEOPT UNPACKING pc=0x000001d06278669d sp=0x0000006f881fd7f0 mode 2
Event: 981.109 Thread 0x000001d073fe9030 Uncommon trap: trap_request=0xffffff45 fr.pc=0x000001d063655eb8 relative=0x00000000000001d8
Event: 981.109 Thread 0x000001d073fe9030 Uncommon trap: reason=unstable_if action=reinterpret pc=0x000001d063655eb8 method=org.eclipse.jdt.internal.core.ClassFileInfo.generateStandardAnnotationsInfos(Lorg/eclipse/jdt/internal/core/JavaElement;[CJLjava/util/Map;)V @ 89 c2
Event: 981.109 Thread 0x000001d073fe9030 DEOPT PACKING pc=0x000001d063655eb8 sp=0x0000006f881fd820
Event: 981.109 Thread 0x000001d073fe9030 DEOPT UNPACKING pc=0x000001d06278669d sp=0x0000006f881fd7e0 mode 2
Event: 981.124 Thread 0x000001d073fe9030 Uncommon trap: trap_request=0xffffff45 fr.pc=0x000001d06368d2b4 relative=0x0000000000002ed4
Event: 981.124 Thread 0x000001d073fe9030 Uncommon trap: reason=unstable_if action=reinterpret pc=0x000001d06368d2b4 method=org.eclipse.jdt.internal.core.ClassFileInfo.generateMethodInfos(Lorg/eclipse/jdt/core/IType;Lorg/eclipse/jdt/internal/compiler/env/IBinaryType;Ljava/util/Map;Ljava/util/Arra
Event: 981.124 Thread 0x000001d073fe9030 DEOPT PACKING pc=0x000001d06368d2b4 sp=0x0000006f881fd830
Event: 981.125 Thread 0x000001d073fe9030 DEOPT UNPACKING pc=0x000001d06278669d sp=0x0000006f881fd818 mode 2
Event: 982.729 Thread 0x000001d073fe9030 DEOPT PACKING pc=0x000001d05c6f2f02 sp=0x0000006f881fd6b0
Event: 982.729 Thread 0x000001d073fe9030 DEOPT UNPACKING pc=0x000001d062786e24 sp=0x0000006f881fcd00 mode 0

Classes unloaded (20 events):
Event: 941.602 Thread 0x000001d06c33e9d0 Unloading class 0x00000001002d5000 'java/lang/invoke/LambdaForm$MH+0x00000001002d5000'
Event: 941.602 Thread 0x000001d06c33e9d0 Unloading class 0x00000001002d4800 'java/lang/invoke/LambdaForm$MH+0x00000001002d4800'
Event: 941.602 Thread 0x000001d06c33e9d0 Unloading class 0x00000001002d3c00 'java/lang/invoke/LambdaForm$MH+0x00000001002d3c00'
Event: 941.603 Thread 0x000001d06c33e9d0 Unloading class 0x00000001002a3c00 'java/lang/invoke/LambdaForm$MH+0x00000001002a3c00'
Event: 941.603 Thread 0x000001d06c33e9d0 Unloading class 0x00000001002a3800 'java/lang/invoke/LambdaForm$MH+0x00000001002a3800'
Event: 941.603 Thread 0x000001d06c33e9d0 Unloading class 0x00000001002a3400 'java/lang/invoke/LambdaForm$MH+0x00000001002a3400'
Event: 941.603 Thread 0x000001d06c33e9d0 Unloading class 0x00000001002a3000 'java/lang/invoke/LambdaForm$MH+0x00000001002a3000'
Event: 941.603 Thread 0x000001d06c33e9d0 Unloading class 0x00000001002a2c00 'java/lang/invoke/LambdaForm$MH+0x00000001002a2c00'
Event: 941.603 Thread 0x000001d06c33e9d0 Unloading class 0x00000001002a2800 'java/lang/invoke/LambdaForm$MH+0x00000001002a2800'
Event: 941.603 Thread 0x000001d06c33e9d0 Unloading class 0x00000001002a2400 'java/lang/invoke/LambdaForm$MH+0x00000001002a2400'
Event: 941.603 Thread 0x000001d06c33e9d0 Unloading class 0x00000001002a2000 'java/lang/invoke/LambdaForm$MH+0x00000001002a2000'
Event: 941.603 Thread 0x000001d06c33e9d0 Unloading class 0x0000000100248c00 'java/lang/invoke/LambdaForm$MH+0x0000000100248c00'
Event: 972.492 Thread 0x000001d06c33e9d0 Unloading class 0x00000001004ec800 'java/lang/invoke/LambdaForm$DMH+0x00000001004ec800'
Event: 972.492 Thread 0x000001d06c33e9d0 Unloading class 0x00000001004d1000 'java/lang/invoke/LambdaForm$MH+0x00000001004d1000'
Event: 972.493 Thread 0x000001d06c33e9d0 Unloading class 0x00000001004d0c00 'java/lang/invoke/LambdaForm$MH+0x00000001004d0c00'
Event: 972.493 Thread 0x000001d06c33e9d0 Unloading class 0x00000001004d0800 'java/lang/invoke/LambdaForm$MH+0x00000001004d0800'
Event: 972.493 Thread 0x000001d06c33e9d0 Unloading class 0x00000001004d0400 'java/lang/invoke/LambdaForm$MH+0x00000001004d0400'
Event: 972.493 Thread 0x000001d06c33e9d0 Unloading class 0x00000001004c4000 'jdk/internal/reflect/GeneratedConstructorAccessor9'
Event: 972.493 Thread 0x000001d06c33e9d0 Unloading class 0x0000000100480800 'java/lang/invoke/LambdaForm$DMH+0x0000000100480800'
Event: 972.493 Thread 0x000001d06c33e9d0 Unloading class 0x000000010041b800 'java/lang/invoke/LambdaForm$DMH+0x000000010041b800'

Classes redefined (0 events):
No events

Internal exceptions (20 events):
Event: 964.209 Thread 0x000001d073fe4950 Exception <a 'java/lang/ArrayIndexOutOfBoundsException'{0x00000000eb2380f0}> (0x00000000eb2380f0) 
thrown [s\src\hotspot\share\runtime\sharedRuntime.cpp, line 631]
Event: 965.954 Thread 0x000001d073feb8b0 Exception <a 'java/lang/ArrayIndexOutOfBoundsException'{0x00000000eb445100}> (0x00000000eb445100) 
thrown [s\src\hotspot\share\runtime\sharedRuntime.cpp, line 631]
Event: 967.009 Thread 0x000001d071b101c0 Exception <a 'sun/nio/fs/WindowsException'{0x00000000eb018458}> (0x00000000eb018458) 
thrown [s\src\hotspot\share\prims\jni.cpp, line 516]
Event: 967.799 Thread 0x000001d071b101c0 Exception <a 'sun/nio/fs/WindowsException'{0x00000000eac2c3f0}> (0x00000000eac2c3f0) 
thrown [s\src\hotspot\share\prims\jni.cpp, line 516]
Event: 968.972 Thread 0x000001d073feb8b0 Exception <a 'java/lang/ArrayIndexOutOfBoundsException'{0x00000000eb195700}> (0x00000000eb195700) 
thrown [s\src\hotspot\share\runtime\sharedRuntime.cpp, line 631]
Event: 969.185 Thread 0x000001d073fe9f60 Exception <a 'java/lang/ArrayIndexOutOfBoundsException'{0x00000000eabdf5d0}> (0x00000000eabdf5d0) 
thrown [s\src\hotspot\share\runtime\sharedRuntime.cpp, line 631]
Event: 969.186 Thread 0x000001d073fe9f60 Exception <a 'java/lang/ArrayIndexOutOfBoundsException'{0x00000000eabdfe58}> (0x00000000eabdfe58) 
thrown [s\src\hotspot\share\runtime\sharedRuntime.cpp, line 631]
Event: 969.186 Thread 0x000001d073fe9f60 Exception <a 'java/lang/ArrayIndexOutOfBoundsException'{0x00000000eabe0178}> (0x00000000eabe0178) 
thrown [s\src\hotspot\share\runtime\sharedRuntime.cpp, line 631]
Event: 970.118 Thread 0x000001d073fe71d0 Exception <a 'java/lang/ArrayIndexOutOfBoundsException'{0x00000000eb02e378}> (0x00000000eb02e378) 
thrown [s\src\hotspot\share\runtime\sharedRuntime.cpp, line 631]
Event: 970.878 Thread 0x000001d071b101c0 Exception <a 'sun/nio/fs/WindowsException'{0x00000000eab4f510}> (0x00000000eab4f510) 
thrown [s\src\hotspot\share\prims\jni.cpp, line 516]
Event: 974.816 Thread 0x000001d073fe71d0 Exception <a 'java/lang/ArrayIndexOutOfBoundsException'{0x00000000eb4b1f58}> (0x00000000eb4b1f58) 
thrown [s\src\hotspot\share\runtime\sharedRuntime.cpp, line 631]
Event: 975.344 Thread 0x000001d071b101c0 Exception <a 'sun/nio/fs/WindowsException'{0x00000000eb3d9920}> (0x00000000eb3d9920) 
thrown [s\src\hotspot\share\prims\jni.cpp, line 516]
Event: 977.633 Thread 0x000001d073fe9030 Exception <a 'java/lang/ArrayIndexOutOfBoundsException'{0x00000000eb8a8850}> (0x00000000eb8a8850) 
thrown [s\src\hotspot\share\runtime\sharedRuntime.cpp, line 631]
Event: 978.909 Thread 0x000001d073feb8b0 Exception <a 'java/lang/ArrayIndexOutOfBoundsException'{0x00000000eb72c8a8}> (0x00000000eb72c8a8) 
thrown [s\src\hotspot\share\runtime\sharedRuntime.cpp, line 631]
Event: 979.314 Thread 0x000001d073fe5d90 Exception <a 'java/lang/ArrayIndexOutOfBoundsException'{0x00000000eb3f5d18}> (0x00000000eb3f5d18) 
thrown [s\src\hotspot\share\runtime\sharedRuntime.cpp, line 631]
Event: 979.398 Thread 0x000001d073fe4950 Exception <a 'java/lang/ArrayIndexOutOfBoundsException'{0x00000000eadb87b8}> (0x00000000eadb87b8) 
thrown [s\src\hotspot\share\runtime\sharedRuntime.cpp, line 631]
Event: 980.789 Thread 0x000001d073fe71d0 Exception <a 'java/lang/ArrayIndexOutOfBoundsException'{0x00000000eb7031c8}> (0x00000000eb7031c8) 
thrown [s\src\hotspot\share\runtime\sharedRuntime.cpp, line 631]
Event: 980.793 Thread 0x000001d073fe9030 Exception <a 'java/lang/ArrayIndexOutOfBoundsException'{0x00000000eb7cb528}> (0x00000000eb7cb528) 
thrown [s\src\hotspot\share\runtime\sharedRuntime.cpp, line 631]
Event: 980.967 Thread 0x000001d071b101c0 Exception <a 'sun/nio/fs/WindowsException'{0x00000000eb3994e8}> (0x00000000eb3994e8) 
thrown [s\src\hotspot\share\prims\jni.cpp, line 516]
Event: 981.402 Thread 0x000001d073fe4e60 Exception <a 'java/lang/ArrayIndexOutOfBoundsException'{0x00000000eabd3b78}> (0x00000000eabd3b78) 
thrown [s\src\hotspot\share\runtime\sharedRuntime.cpp, line 631]

VM Operations (20 events):
Event: 981.581 Executing VM operation: ParallelGCFailedAllocation
Event: 981.589 Executing VM operation: ParallelGCFailedAllocation done
Event: 981.645 Executing VM operation: ParallelGCFailedAllocation
Event: 981.654 Executing VM operation: ParallelGCFailedAllocation done
Event: 981.764 Executing VM operation: ParallelGCFailedAllocation
Event: 981.772 Executing VM operation: ParallelGCFailedAllocation done
Event: 981.829 Executing VM operation: ParallelGCFailedAllocation
Event: 981.836 Executing VM operation: ParallelGCFailedAllocation done
Event: 981.891 Executing VM operation: ParallelGCFailedAllocation
Event: 981.899 Executing VM operation: ParallelGCFailedAllocation done
Event: 981.944 Executing VM operation: ParallelGCFailedAllocation
Event: 981.956 Executing VM operation: ParallelGCFailedAllocation done
Event: 982.019 Executing VM operation: ParallelGCFailedAllocation
Event: 982.036 Executing VM operation: ParallelGCFailedAllocation done
Event: 982.390 Executing VM operation: ParallelGCFailedAllocation
Event: 982.500 Executing VM operation: ParallelGCFailedAllocation done
Event: 982.559 Executing VM operation: ParallelGCFailedAllocation
Event: 982.575 Executing VM operation: ParallelGCFailedAllocation done
Event: 982.703 Executing VM operation: ParallelGCFailedAllocation
Event: 982.726 Executing VM operation: ParallelGCFailedAllocation done

Events (20 events):
Event: 980.830 Thread 0x000001d073fe9a50 Thread exited: 0x000001d073fe9a50
Event: 980.855 Thread 0x000001d073fe7bf0 Thread exited: 0x000001d073fe7bf0
Event: 981.021 Thread 0x000001d073feb8b0 Thread added: 0x000001d073feb8b0
Event: 981.340 Thread 0x000001d073fe4950 Thread added: 0x000001d073fe4950
Event: 981.383 Thread 0x000001d073fe4e60 Thread added: 0x000001d073fe4e60
Event: 981.402 Thread 0x000001d073fe4e60 Thread exited: 0x000001d073fe4e60
Event: 981.490 Thread 0x000001d073fe9a50 Thread added: 0x000001d073fe9a50
Event: 981.494 Thread 0x000001d073fe71d0 Thread added: 0x000001d073fe71d0
Event: 981.511 Thread 0x000001d073fe9a50 Thread exited: 0x000001d073fe9a50
Event: 981.519 Thread 0x000001d073fe71d0 Thread exited: 0x000001d073fe71d0
Event: 982.359 Thread 0x000001d073fe7bf0 Thread added: 0x000001d073fe7bf0
Event: 982.361 Thread 0x000001d073fec2d0 Thread added: 0x000001d073fec2d0
Event: 982.409 Thread 0x000001d073fe7bf0 Thread exited: 0x000001d073fe7bf0
Event: 982.527 Thread 0x000001d073fec2d0 Thread exited: 0x000001d073fec2d0
Event: 982.533 Thread 0x000001d073fe5d90 Thread added: 0x000001d073fe5d90
Event: 982.546 Thread 0x000001d073fe5d90 Thread exited: 0x000001d073fe5d90
Event: 982.730 loading class jdk/internal/module/IllegalAccessLogger
Event: 982.730 loading class jdk/internal/module/IllegalAccessLogger done
Event: 982.731 Thread 0x000001d073fe62a0 Thread added: 0x000001d073fe62a0
Event: 982.790 Thread 0x000001d073fe62a0 Thread exited: 0x000001d073fe62a0


Dynamic libraries:
0x00007ff75ac10000 - 0x00007ff75ac1e000 	c:\Users\LUNA\.vscode\extensions\redhat.java-1.29.0-win32-x64\jre\17.0.10-win32-x86_64\bin\java.exe
0x00007ffa5ef70000 - 0x00007ffa5f168000 	C:\Windows\SYSTEM32\ntdll.dll
0x00007ffa5d1f0000 - 0x00007ffa5d2ad000 	C:\Windows\System32\KERNEL32.DLL
0x00007ffa5c650000 - 0x00007ffa5c946000 	C:\Windows\System32\KERNELBASE.dll
0x00007ffa5c950000 - 0x00007ffa5ca50000 	C:\Windows\System32\ucrtbase.dll
0x00007ffa3da60000 - 0x00007ffa3da77000 	c:\Users\LUNA\.vscode\extensions\redhat.java-1.29.0-win32-x64\jre\17.0.10-win32-x86_64\bin\jli.dll
0x00007ffa5e400000 - 0x00007ffa5e59e000 	C:\Windows\System32\USER32.dll
0x00007ffa5cfa0000 - 0x00007ffa5cfc2000 	C:\Windows\System32\win32u.dll
0x00007ffa5d2b0000 - 0x00007ffa5d2dc000 	C:\Windows\System32\GDI32.dll
0x00007ffa5cbd0000 - 0x00007ffa5ccea000 	C:\Windows\System32\gdi32full.dll
0x00007ffa5cb00000 - 0x00007ffa5cb9d000 	C:\Windows\System32\msvcp_win.dll
0x00007ffa11870000 - 0x00007ffa1188b000 	c:\Users\LUNA\.vscode\extensions\redhat.java-1.29.0-win32-x64\jre\17.0.10-win32-x86_64\bin\VCRUNTIME140.dll
0x00007ffa48480000 - 0x00007ffa4871a000 	C:\Windows\WinSxS\amd64_microsoft.windows.common-controls_6595b64144ccf1df_6.0.19041.3636_none_60b6a03d71f818d5\COMCTL32.dll
0x00007ffa5ea90000 - 0x00007ffa5eb2e000 	C:\Windows\System32\msvcrt.dll
0x00007ffa5e9b0000 - 0x00007ffa5e9e0000 	C:\Windows\System32\IMM32.DLL
0x00007ffa43cd0000 - 0x00007ffa43cdc000 	c:\Users\LUNA\.vscode\extensions\redhat.java-1.29.0-win32-x64\jre\17.0.10-win32-x86_64\bin\vcruntime140_1.dll
0x00007ffa117e0000 - 0x00007ffa1186d000 	c:\Users\LUNA\.vscode\extensions\redhat.java-1.29.0-win32-x64\jre\17.0.10-win32-x86_64\bin\msvcp140.dll
0x00007ffa10b70000 - 0x00007ffa117d2000 	c:\Users\LUNA\.vscode\extensions\redhat.java-1.29.0-win32-x64\jre\17.0.10-win32-x86_64\bin\server\jvm.dll
0x00007ffa5e9e0000 - 0x00007ffa5ea8f000 	C:\Windows\System32\ADVAPI32.dll
0x00007ffa5ee90000 - 0x00007ffa5ef2c000 	C:\Windows\System32\sechost.dll
0x00007ffa5e5b0000 - 0x00007ffa5e6d6000 	C:\Windows\System32\RPCRT4.dll
0x00007ffa5c4b0000 - 0x00007ffa5c4fb000 	C:\Windows\SYSTEM32\POWRPROF.dll
0x00007ffa42d30000 - 0x00007ffa42d39000 	C:\Windows\SYSTEM32\WSOCK32.dll
0x00007ffa5e1e0000 - 0x00007ffa5e24b000 	C:\Windows\System32\WS2_32.dll
0x00007ffa37240000 - 0x00007ffa37267000 	C:\Windows\SYSTEM32\WINMM.dll
0x00007ffa4c1d0000 - 0x00007ffa4c1da000 	C:\Windows\SYSTEM32\VERSION.dll
0x00007ffa5c490000 - 0x00007ffa5c4a2000 	C:\Windows\SYSTEM32\UMPDC.dll
0x00007ffa5aea0000 - 0x00007ffa5aeb2000 	C:\Windows\SYSTEM32\kernel.appcore.dll
0x00007ffa42710000 - 0x00007ffa4271a000 	c:\Users\LUNA\.vscode\extensions\redhat.java-1.29.0-win32-x64\jre\17.0.10-win32-x86_64\bin\jimage.dll
0x00007ffa5aba0000 - 0x00007ffa5ad84000 	C:\Windows\SYSTEM32\DBGHELP.DLL
0x00007ffa40290000 - 0x00007ffa402c4000 	C:\Windows\SYSTEM32\dbgcore.DLL
0x00007ffa5cec0000 - 0x00007ffa5cf42000 	C:\Windows\System32\bcryptPrimitives.dll
0x00007ffa4fbf0000 - 0x00007ffa4fbfe000 	c:\Users\LUNA\.vscode\extensions\redhat.java-1.29.0-win32-x64\jre\17.0.10-win32-x86_64\bin\instrument.dll
0x00007ffa10b40000 - 0x00007ffa10b65000 	c:\Users\LUNA\.vscode\extensions\redhat.java-1.29.0-win32-x64\jre\17.0.10-win32-x86_64\bin\java.dll
0x00007ffa10b20000 - 0x00007ffa10b38000 	c:\Users\LUNA\.vscode\extensions\redhat.java-1.29.0-win32-x64\jre\17.0.10-win32-x86_64\bin\zip.dll
0x00007ffa5d2e0000 - 0x00007ffa5da25000 	C:\Windows\System32\SHELL32.dll
0x00007ffa5a330000 - 0x00007ffa5aacb000 	C:\Windows\SYSTEM32\windows.storage.dll
0x00007ffa5eb30000 - 0x00007ffa5ee84000 	C:\Windows\System32\combase.dll
0x00007ffa5bfc0000 - 0x00007ffa5bfed000 	C:\Windows\SYSTEM32\Wldp.dll
0x00007ffa5da30000 - 0x00007ffa5dadd000 	C:\Windows\System32\SHCORE.dll
0x00007ffa5d190000 - 0x00007ffa5d1e5000 	C:\Windows\System32\shlwapi.dll
0x00007ffa5c580000 - 0x00007ffa5c5a5000 	C:\Windows\SYSTEM32\profapi.dll
0x00007ffa108a0000 - 0x00007ffa108b9000 	C:\Users\LUNA\.vscode\extensions\redhat.java-1.29.0-win32-x64\jre\17.0.10-win32-x86_64\bin\net.dll
0x00007ffa4e1b0000 - 0x00007ffa4e2ba000 	C:\Windows\SYSTEM32\WINHTTP.dll
0x00007ffa5bd20000 - 0x00007ffa5bd8a000 	C:\Windows\system32\mswsock.dll
0x00007ffa10880000 - 0x00007ffa10896000 	C:\Users\LUNA\.vscode\extensions\redhat.java-1.29.0-win32-x64\jre\17.0.10-win32-x86_64\bin\nio.dll
0x00007ffa40550000 - 0x00007ffa40560000 	c:\Users\LUNA\.vscode\extensions\redhat.java-1.29.0-win32-x64\jre\17.0.10-win32-x86_64\bin\verify.dll
0x00007ffa47dd0000 - 0x00007ffa47e0e000 	C:\Users\LUNA\AppData\Roaming\Code\User\globalStorage\redhat.java\1.29.0\config_win\org.eclipse.equinox.launcher\org.eclipse.equinox.launcher.win32.win32.x86_64_1.2.900.v20240213-1244\eclipse_11900.dll
0x00007ffa5e250000 - 0x00007ffa5e37b000 	C:\Windows\System32\ole32.dll
0x00007ffa5bf10000 - 0x00007ffa5bf28000 	C:\Windows\SYSTEM32\CRYPTSP.dll
0x00007ffa5b650000 - 0x00007ffa5b684000 	C:\Windows\system32\rsaenh.dll
0x00007ffa5cba0000 - 0x00007ffa5cbc7000 	C:\Windows\System32\bcrypt.dll
0x00007ffa5c540000 - 0x00007ffa5c56e000 	C:\Windows\SYSTEM32\USERENV.dll
0x00007ffa5bf30000 - 0x00007ffa5bf3c000 	C:\Windows\SYSTEM32\CRYPTBASE.dll
0x00007ffa5ba10000 - 0x00007ffa5ba4b000 	C:\Windows\SYSTEM32\IPHLPAPI.DLL
0x00007ffa5e9a0000 - 0x00007ffa5e9a8000 	C:\Windows\System32\NSI.dll
0x00007ffa4ecb0000 - 0x00007ffa4ecc7000 	C:\Windows\SYSTEM32\dhcpcsvc6.DLL
0x00007ffa4ec90000 - 0x00007ffa4ecad000 	C:\Windows\SYSTEM32\dhcpcsvc.DLL
0x00007ffa5ba60000 - 0x00007ffa5bb2a000 	C:\Windows\SYSTEM32\DNSAPI.dll
0x00007ffa48250000 - 0x00007ffa48295000 	C:\Users\LUNA\AppData\Local\Temp\jna-2348284\jna16846334745050787544.dll
0x00007ffa5e5a0000 - 0x00007ffa5e5a8000 	C:\Windows\System32\PSAPI.DLL
0x00007ffa59ad0000 - 0x00007ffa59ade000 	C:\Users\LUNA\.vscode\extensions\redhat.java-1.29.0-win32-x64\jre\17.0.10-win32-x86_64\bin\sunmscapi.dll
0x00007ffa5ccf0000 - 0x00007ffa5ce4d000 	C:\Windows\System32\CRYPT32.dll
0x00007ffa5c030000 - 0x00007ffa5c057000 	C:\Windows\SYSTEM32\ncrypt.dll
0x00007ffa5bff0000 - 0x00007ffa5c02b000 	C:\Windows\SYSTEM32\NTASN1.dll

dbghelp: loaded successfully - version: 4.0.5 - missing functions: none
symbol engine: initialized successfully - sym options: 0x614 - pdb path: .;c:\Users\LUNA\.vscode\extensions\redhat.java-1.29.0-win32-x64\jre\17.0.10-win32-x86_64\bin;C:\Windows\SYSTEM32;C:\Windows\WinSxS\amd64_microsoft.windows.common-controls_6595b64144ccf1df_6.0.19041.3636_none_60b6a03d71f818d5;c:\Users\LUNA\.vscode\extensions\redhat.java-1.29.0-win32-x64\jre\17.0.10-win32-x86_64\bin\server;C:\Users\LUNA\AppData\Roaming\Code\User\globalStorage\redhat.java\1.29.0\config_win\org.eclipse.equinox.launcher\org.eclipse.equinox.launcher.win32.win32.x86_64_1.2.900.v20240213-1244;C:\Users\LUNA\AppData\Local\Temp\jna-2348284

VM Arguments:
jvm_args: --add-modules=ALL-SYSTEM --add-opens=java.base/java.util=ALL-UNNAMED --add-opens=java.base/java.lang=ALL-UNNAMED --add-opens=java.base/sun.nio.fs=ALL-UNNAMED -Declipse.application=org.eclipse.jdt.ls.core.id1 -Dosgi.bundles.defaultStartLevel=4 -Declipse.product=org.eclipse.jdt.ls.core.product -Djava.import.generatesMetadataFilesAtProjectRoot=false -DDetectVMInstallationsJob.disabled=true -Dfile.encoding=utf8 -XX:+UseParallelGC -XX:GCTimeRatio=4 -XX:AdaptiveSizePolicyWeight=90 -Dsun.zip.disableMemoryMapping=true -Xmx1G -Xms100m -Xlog:disable -javaagent:c:\Users\LUNA\.vscode\extensions\redhat.java-1.29.0-win32-x64\lombok\lombok-1.18.32.jar -XX:+HeapDumpOnOutOfMemoryError -XX:HeapDumpPath=c:\Users\LUNA\AppData\Roaming\Code\User\workspaceStorage\37154c7463f6b777ccb631762790d02f\redhat.java -Daether.dependencyCollector.impl=bf 
java_command: c:\Users\LUNA\.vscode\extensions\redhat.java-1.29.0-win32-x64\server\plugins\org.eclipse.equinox.launcher_1.6.800.v20240304-1850.jar -configuration c:\Users\LUNA\AppData\Roaming\Code\User\globalStorage\redhat.java\1.29.0\config_win -data c:\Users\LUNA\AppData\Roaming\Code\User\workspaceStorage\37154c7463f6b777ccb631762790d02f\redhat.java\jdt_ws --stdio
java_class_path (initial): c:\Users\LUNA\.vscode\extensions\redhat.java-1.29.0-win32-x64\server\plugins\org.eclipse.equinox.launcher_1.6.800.v20240304-1850.jar
Launcher Type: SUN_STANDARD

[Global flags]
    uintx AdaptiveSizePolicyWeight                 = 90                                        {product} {command line}
     intx CICompilerCount                          = 2                                         {product} {ergonomic}
    uintx GCTimeRatio                              = 4                                         {product} {command line}
     bool HeapDumpOnOutOfMemoryError               = true                                   {manageable} {command line}
    ccstr HeapDumpPath                             = c:\Users\LUNA\AppData\Roaming\Code\User\workspaceStorage\37154c7463f6b777ccb631762790d02f\redhat.java         {manageable} {command line}
   size_t InitialHeapSize                          = 104857600                                 {product} {command line}
   size_t MaxHeapSize                              = 1073741824                                {product} {command line}
   size_t MaxNewSize                               = 357564416                                 {product} {ergonomic}
   size_t MinHeapDeltaBytes                        = 524288                                    {product} {ergonomic}
   size_t MinHeapSize                              = 104857600                                 {product} {command line}
   size_t NewSize                                  = 34603008                                  {product} {ergonomic}
    uintx NonNMethodCodeHeapSize                   = 5826188                                {pd product} {ergonomic}
    uintx NonProfiledCodeHeapSize                  = 122916026                              {pd product} {ergonomic}
   size_t OldSize                                  = 70254592                                  {product} {ergonomic}
    uintx ProfiledCodeHeapSize                     = 122916026                              {pd product} {ergonomic}
    uintx ReservedCodeCacheSize                    = 251658240                              {pd product} {ergonomic}
     bool SegmentedCodeCache                       = true                                      {product} {ergonomic}
   size_t SoftMaxHeapSize                          = 1073741824                             {manageable} {ergonomic}
     bool UseCompressedClassPointers               = true                           {product lp64_product} {ergonomic}
     bool UseCompressedOops                        = true                           {product lp64_product} {ergonomic}
     bool UseLargePagesIndividualAllocation        = false                                  {pd product} {ergonomic}
     bool UseParallelGC                            = true                                      {product} {command line}

Logging:
Log output configuration:
 #0: stdout all=off uptime,level,tags
 #1: stderr all=off uptime,level,tags

Environment Variables:
PATH=C:\Program Files\Common Files\Oracle\Java\javapath;C:\Windows\system32;C:\Windows;C:\Windows\System32\Wbem;C:\Windows\System32\WindowsPowerShell\v1.0\;C:\Windows\System32\OpenSSH\;C:\Program Files\Git\cmd;C:\Program Files\nodejs\;C:\Users\LUNA\AppData\Local\Microsoft\WindowsApps;C:\Users\LUNA\AppData\Local\Programs\Microsoft VS Code\bin;C:\Users\LUNA\AppData\Roaming\npm
USERNAME=LUNA
OS=Windows_NT
PROCESSOR_IDENTIFIER=Intel64 Family 6 Model 156 Stepping 0, GenuineIntel
TMP=C:\Users\LUNA\AppData\Local\Temp
TEMP=C:\Users\LUNA\AppData\Local\Temp



Periodic native trim disabled


---------------  S Y S T E M  ---------------

OS:
 Windows 10 , 64 bit Build 19041 (10.0.19041.3636)
OS uptime: 0 days 1:59 hours

CPU: total 2 (initial active 2) (2 cores per cpu, 1 threads per core) family 6 model 156 stepping 0 microcode 0x24000023, cx8, cmov, fxsr, mmx, 3dnowpref, sse, sse2, sse3, ssse3, sse4.1, sse4.2, popcnt, tsc, tscinvbit, aes, erms, clmul, sha, clflush, clflushopt, clwb
Processor Information for all 2 processors :
  Max Mhz: 1114, Current Mhz: 1114, Mhz Limit: 1114

Memory: 4k page, system-wide physical 1851M (27M free)
TotalPageFile size 7483M (AvailPageFile size 3M)
current process WorkingSet (physical memory assigned to process): 412M, peak: 413M
current process commit charge ("private bytes"): 573M, peak: 584M

vm_info: OpenJDK 64-Bit Server VM (17.0.10+7) for windows-amd64 JRE (17.0.10+7), built on Jan 16 2024 23:25:11 by "admin" with MS VC++ 16.10 / 16.11 (VS2019)

END.
