#
# There is insufficient memory for the Java Runtime Environment to continue.
# Native memory allocation (malloc) failed to allocate 1072560 bytes for Chunk::new
# Possible reasons:
#   The system is out of physical RAM or swap space
#   The process is running with CompressedOops enabled, and the Java Heap may be blocking the growth of the native heap
# Possible solutions:
#   Reduce memory load on the system
#   Increase physical memory or swap space
#   Check if swap backing store is full
#   Decrease Java heap size (-Xmx/-Xms)
#   Decrease number of Java threads
#   Decrease Java thread stack sizes (-Xss)
#   Set larger code cache with -XX:ReservedCodeCacheSize=
#   JVM is running with Unscaled Compressed Oops mode in which the Java heap is
#     placed in the first 4GB address space. The Java Heap base address is the
#     maximum limit for the native heap growth. Please use -XX:HeapBaseMinAddress
#     to set the Java Heap base and to place the Java Heap above 4GB virtual address.
# This output file may be truncated or incomplete.
#
#  Out of Memory Error (arena.cpp:191), pid=3628, tid=7568
#
# JRE version: OpenJDK Runtime Environment Temurin-17.0.10+7 (17.0.10+7) (build 17.0.10+7)
# Java VM: OpenJDK 64-Bit Server VM Temurin-17.0.10+7 (17.0.10+7, mixed mode, tiered, compressed oops, compressed class ptrs, parallel gc, windows-amd64)
# No core dump will be written. Minidumps are not enabled by default on client versions of Windows
#

---------------  S U M M A R Y ------------

Command Line: --add-modules=ALL-SYSTEM --add-opens=java.base/java.util=ALL-UNNAMED --add-opens=java.base/java.lang=ALL-UNNAMED --add-opens=java.base/sun.nio.fs=ALL-UNNAMED -Declipse.application=org.eclipse.jdt.ls.core.id1 -Dosgi.bundles.defaultStartLevel=4 -Declipse.product=org.eclipse.jdt.ls.core.product -Djava.import.generatesMetadataFilesAtProjectRoot=false -DDetectVMInstallationsJob.disabled=true -Dfile.encoding=utf8 -XX:+UseParallelGC -XX:GCTimeRatio=4 -XX:AdaptiveSizePolicyWeight=90 -Dsun.zip.disableMemoryMapping=true -Xmx1G -Xms100m -Xlog:disable -javaagent:c:\Users\LUNA\.vscode\extensions\redhat.java-1.29.0-win32-x64\lombok\lombok-1.18.32.jar -XX:+HeapDumpOnOutOfMemoryError -XX:HeapDumpPath=c:\Users\LUNA\AppData\Roaming\Code\User\workspaceStorage\484426bce3878214096432ef300712c1\redhat.java -Daether.dependencyCollector.impl=bf c:\Users\LUNA\.vscode\extensions\redhat.java-1.29.0-win32-x64\server\plugins\org.eclipse.equinox.launcher_1.6.800.v20240304-1850.jar -configuration c:\Users\LUNA\AppData\Roaming\Code\User\globalStorage\redhat.java\1.29.0\config_win -data c:\Users\LUNA\AppData\Roaming\Code\User\workspaceStorage\484426bce3878214096432ef300712c1\redhat.java\jdt_ws --stdio

Host: Intel(R) Celeron(R) N4500 @ 1.10GHz, 2 cores, 1G,  Windows 10 , 64 bit Build 19041 (10.0.19041.3636)
Time: Mon Apr 22 07:53:38 2024 Hora est. Pacífico, Sudamérica elapsed time: 3769.547792 seconds (0d 1h 2m 49s)

---------------  T H R E A D  ---------------

Current thread (0x0000027f16c19dd0):  JavaThread "C2 CompilerThread0" daemon [_thread_in_native, id=7568, stack(0x000000b626f00000,0x000000b627000000)]


Current CompileTask:
C2:3769548 25915   !   4       org.eclipse.jdt.internal.core.BinaryMethod::getParameterNames (773 bytes)

Stack: [0x000000b626f00000,0x000000b627000000]
Native frames: (J=compiled Java code, j=interpreted, Vv=VM code, C=native code)
V  [jvm.dll+0x67d2c9]
V  [jvm.dll+0x834afa]
V  [jvm.dll+0x8365be]
V  [jvm.dll+0x836c23]
V  [jvm.dll+0x2477ff]
V  [jvm.dll+0xac514]
V  [jvm.dll+0xacb5c]
V  [jvm.dll+0x3667d7]
V  [jvm.dll+0x330bfa]
V  [jvm.dll+0x33009a]
V  [jvm.dll+0x219ef1]
V  [jvm.dll+0x219311]
V  [jvm.dll+0x1a502d]
V  [jvm.dll+0x2290de]
V  [jvm.dll+0x2272ac]
V  [jvm.dll+0x7e9bb7]
V  [jvm.dll+0x7e3fba]
V  [jvm.dll+0x67c1b5]
C  [ucrtbase.dll+0x21bb2]
C  [KERNEL32.DLL+0x17344]
C  [ntdll.dll+0x526b1]


---------------  P R O C E S S  ---------------

Threads class SMR info:
_java_thread_list=0x0000027f1d16f510, length=39, elements={
0x0000027f02de62e0, 0x0000027f16be68e0, 0x0000027f16be90a0, 0x0000027f16c15ed0,
0x0000027f16c16c60, 0x0000027f16c178f0, 0x0000027f16c191d0, 0x0000027f16c19dd0,
0x0000027f16c7c4d0, 0x0000027f16c7d190, 0x0000027f1b8755c0, 0x0000027f1b967700,
0x0000027f1c10e7c0, 0x0000027f1c12ec70, 0x0000027f16c52e30, 0x0000027f1c0092e0,
0x0000027f1c19ffd0, 0x0000027f1bf4f1c0, 0x0000027f1bf50600, 0x0000027f1bf51020,
0x0000027f1bf50b10, 0x0000027f1bf51f50, 0x0000027f1eeca190, 0x0000027f1c93e0c0,
0x0000027f1c93a910, 0x0000027f1c940e50, 0x0000027f1c941360, 0x0000027f1c93eae0,
0x0000027f1c93fa10, 0x0000027f1c93ae20, 0x0000027f1c93cc80, 0x0000027f1c93ff20,
0x0000027f1c93c260, 0x0000027f1c93d190, 0x0000027f1c93bd50, 0x0000027f1eec8840,
0x0000027f1eec9260, 0x0000027f1c93dbb0, 0x0000027f1eec9770
}

Java Threads: ( => current thread )
  0x0000027f02de62e0 JavaThread "main" [_thread_blocked, id=7156, stack(0x000000b626600000,0x000000b626700000)]
  0x0000027f16be68e0 JavaThread "Reference Handler" daemon [_thread_blocked, id=4432, stack(0x000000b626900000,0x000000b626a00000)]
  0x0000027f16be90a0 JavaThread "Finalizer" daemon [_thread_blocked, id=7132, stack(0x000000b626a00000,0x000000b626b00000)]
  0x0000027f16c15ed0 JavaThread "Signal Dispatcher" daemon [_thread_blocked, id=5080, stack(0x000000b626b00000,0x000000b626c00000)]
  0x0000027f16c16c60 JavaThread "Attach Listener" daemon [_thread_blocked, id=5420, stack(0x000000b626c00000,0x000000b626d00000)]
  0x0000027f16c178f0 JavaThread "Service Thread" daemon [_thread_blocked, id=468, stack(0x000000b626d00000,0x000000b626e00000)]
  0x0000027f16c191d0 JavaThread "Monitor Deflation Thread" daemon [_thread_blocked, id=272, stack(0x000000b626e00000,0x000000b626f00000)]
=>0x0000027f16c19dd0 JavaThread "C2 CompilerThread0" daemon [_thread_in_native, id=7568, stack(0x000000b626f00000,0x000000b627000000)]
  0x0000027f16c7c4d0 JavaThread "C1 CompilerThread0" daemon [_thread_blocked, id=7792, stack(0x000000b627000000,0x000000b627100000)]
  0x0000027f16c7d190 JavaThread "Sweeper thread" daemon [_thread_blocked, id=7800, stack(0x000000b627100000,0x000000b627200000)]
  0x0000027f1b8755c0 JavaThread "Common-Cleaner" daemon [_thread_blocked, id=5724, stack(0x000000b627200000,0x000000b627300000)]
  0x0000027f1b967700 JavaThread "Notification Thread" daemon [_thread_blocked, id=7292, stack(0x000000b627300000,0x000000b627400000)]
  0x0000027f1c10e7c0 JavaThread "Active Thread: Equinox Container: b4f1b40c-6e44-4ae7-94f0-47a32b4a0589" [_thread_blocked, id=816, stack(0x000000b627600000,0x000000b627700000)]
  0x0000027f1c12ec70 JavaThread "Framework Event Dispatcher: Equinox Container: b4f1b40c-6e44-4ae7-94f0-47a32b4a0589" daemon [_thread_blocked, id=6492, stack(0x000000b627700000,0x000000b627800000)]
  0x0000027f16c52e30 JavaThread "Start Level: Equinox Container: b4f1b40c-6e44-4ae7-94f0-47a32b4a0589" daemon [_thread_blocked, id=3692, stack(0x000000b627800000,0x000000b627900000)]
  0x0000027f1c0092e0 JavaThread "Bundle File Closer" daemon [_thread_blocked, id=7548, stack(0x000000b626500000,0x000000b626600000)]
  0x0000027f1c19ffd0 JavaThread "SCR Component Actor" daemon [_thread_blocked, id=2312, stack(0x000000b626400000,0x000000b626500000)]
  0x0000027f1bf4f1c0 JavaThread "Worker-JM" [_thread_blocked, id=8120, stack(0x000000b627a00000,0x000000b627b00000)]
  0x0000027f1bf50600 JavaThread "Java indexing" daemon [_thread_in_native, id=1168, stack(0x000000b628000000,0x000000b628100000)]
  0x0000027f1bf51020 JavaThread "JNA Cleaner" daemon [_thread_blocked, id=3224, stack(0x000000b628200000,0x000000b628300000)]
  0x0000027f1bf50b10 JavaThread "pool-2-thread-1" [_thread_blocked, id=7448, stack(0x000000b627900000,0x000000b627a00000)]
  0x0000027f1bf51f50 JavaThread "WorkspaceEventsHandler" [_thread_blocked, id=7504, stack(0x000000b628500000,0x000000b628600000)]
  0x0000027f1eeca190 JavaThread "pool-1-thread-1" [_thread_in_native, id=6592, stack(0x000000b628600000,0x000000b628700000)]
  0x0000027f1c93e0c0 JavaThread "Cleaner-0" daemon [_thread_blocked, id=3164, stack(0x000000b628a00000,0x000000b628b00000)]
  0x0000027f1c93a910 JavaThread "Java Debug Server" [_thread_in_native, id=4404, stack(0x000000b628400000,0x000000b628500000)]
  0x0000027f1c940e50 JavaThread "RxSchedulerPurge-1" daemon [_thread_blocked, id=1976, stack(0x000000b628800000,0x000000b628900000)]
  0x0000027f1c941360 JavaThread "RxCachedWorkerPoolEvictor-1" daemon [_thread_blocked, id=3396, stack(0x000000b628900000,0x000000b628a00000)]
  0x0000027f1c93eae0 JavaThread "Worker-28" [_thread_blocked, id=7368, stack(0x000000b627f00000,0x000000b628000000)]
  0x0000027f1c93fa10 JavaThread "pool-8-thread-3" [_thread_in_native, id=2016, stack(0x000000b627b00000,0x000000b627c00000)]
  0x0000027f1c93ae20 JavaThread "RxNewThreadScheduler-5" daemon [_thread_blocked, id=8660, stack(0x000000b627d00000,0x000000b627e00000)]
  0x0000027f1c93cc80 JavaThread "process reaper (pid 3504)" daemon [_thread_in_native, id=8716, stack(0x000000b626160000,0x000000b626180000)]
  0x0000027f1c93ff20 JavaThread "Worker-31" [_thread_blocked, id=4460, stack(0x000000b627c00000,0x000000b627d00000)]
  0x0000027f1c93c260 JavaThread "Worker-32" [_thread_blocked, id=8800, stack(0x000000b628100000,0x000000b628200000)]
  0x0000027f1c93d190 JavaThread "Worker-33" [_thread_blocked, id=7528, stack(0x000000b628300000,0x000000b628400000)]
  0x0000027f1c93bd50 JavaThread "Worker-34: Building" [_thread_in_Java, id=8632, stack(0x000000b627e00000,0x000000b627f00000)]
  0x0000027f1eec8840 JavaThread "pool-1-thread-11" [_thread_blocked, id=7380, stack(0x000000b628700000,0x000000b628800000)]
  0x0000027f1eec9260 JavaThread "Worker-35" [_thread_blocked, id=8096, stack(0x000000b628b00000,0x000000b628c00000)]
  0x0000027f1c93dbb0 JavaThread "ForkJoinPool.commonPool-worker-11" daemon [_thread_blocked, id=6388, stack(0x000000b628d00000,0x000000b628e00000)]
  0x0000027f1eec9770 JavaThread "Worker-36" [_thread_blocked, id=6040, stack(0x000000b628e00000,0x000000b628f00000)]

Other Threads:
  0x0000027f16bd1820 VMThread "VM Thread" [stack: 0x000000b626800000,0x000000b626900000] [id=6756]
  0x0000027f1b9dd9f0 WatcherThread [stack: 0x000000b627400000,0x000000b627500000] [id=6992]
  0x0000027f02dfa600 GCTaskThread "GC Thread#0" [stack: 0x000000b626700000,0x000000b626800000] [id=3640]
  0x0000027f1c04bd60 GCTaskThread "GC Thread#1" [stack: 0x000000b627500000,0x000000b627600000] [id=7328]

Threads with active compile tasks:
C2 CompilerThread0  3769587 25915   !   4       org.eclipse.jdt.internal.core.BinaryMethod::getParameterNames (773 bytes)

VM state: not at safepoint (normal execution)

VM Mutex/Monitor currently owned by a thread: None

Heap address: 0x00000000c0000000, size: 1024 MB, Compressed Oops mode: 32-bit

CDS archive(s) not mapped
Compressed class space mapped at: 0x0000000100000000-0x0000000140000000, reserved size: 1073741824
Narrow klass base: 0x0000000000000000, Narrow klass shift: 3, Narrow klass range: 0x140000000

GC Precious Log:
 CPUs: 2 total, 2 available
 Memory: 1851M
 Large Page Support: Disabled
 NUMA Support: Disabled
 Compressed Oops: Enabled (32-bit)
 Alignments: Space 512K, Generation 512K, Heap 2M
 Heap Min Capacity: 100M
 Heap Initial Capacity: 100M
 Heap Max Capacity: 1G
 Pre-touch: Disabled
 Parallel Workers: 2

Heap:
 PSYoungGen      total 30208K, used 28232K [0x00000000eab00000, 0x00000000ecd00000, 0x0000000100000000)
  eden space 29184K, 94% used [0x00000000eab00000,0x00000000ec5d9aa0,0x00000000ec780000)
  from space 1024K, 72% used [0x00000000ecc00000,0x00000000eccb8738,0x00000000ecd00000)
  to   space 1024K, 0% used [0x00000000ecb00000,0x00000000ecb00000,0x00000000ecc00000)
 ParOldGen       total 443392K, used 327368K [0x00000000c0000000, 0x00000000db100000, 0x00000000eab00000)
  object space 443392K, 73% used [0x00000000c0000000,0x00000000d3fb2000,0x00000000db100000)
 Metaspace       used 103986K, committed 105536K, reserved 1179648K
  class space    used 10584K, committed 11264K, reserved 1048576K

Card table byte_map: [0x0000027f027b0000,0x0000027f029c0000] _byte_map_base: 0x0000027f021b0000

Marking Bits: (ParMarkBitMap*) 0x00007ffa1170d7d0
 Begin Bits: [0x0000027f14a90000, 0x0000027f15a90000)
 End Bits:   [0x0000027f15a90000, 0x0000027f16a90000)

Polling page: 0x0000027f00f80000

Metaspace:

Usage:
  Non-class:     91.21 MB used.
      Class:     10.34 MB used.
       Both:    101.55 MB used.

Virtual space:
  Non-class space:      128.00 MB reserved,      92.06 MB ( 72%) committed,  2 nodes.
      Class space:        1.00 GB reserved,      11.00 MB (  1%) committed,  1 nodes.
             Both:        1.12 GB reserved,     103.06 MB (  9%) committed. 

Chunk freelists:
   Non-Class:  3.71 MB
       Class:  4.90 MB
        Both:  8.61 MB

MaxMetaspaceSize: unlimited
CompressedClassSpaceSize: 1.00 GB
Initial GC threshold: 21.00 MB
Current GC threshold: 171.69 MB
CDS: off
MetaspaceReclaimPolicy: balanced
 - commit_granule_bytes: 65536.
 - commit_granule_words: 8192.
 - virtual_space_node_default_size: 8388608.
 - enlarge_chunks_in_place: 1.
 - new_chunks_are_fully_committed: 0.
 - uncommit_free_chunks: 1.
 - use_allocation_guard: 0.
 - handle_deallocations: 1.


Internal statistics:

num_allocs_failed_limit: 9.
num_arena_births: 1434.
num_arena_deaths: 610.
num_vsnodes_births: 3.
num_vsnodes_deaths: 0.
num_space_committed: 1650.
num_space_uncommitted: 1.
num_chunks_returned_to_freelist: 745.
num_chunks_taken_from_freelist: 6236.
num_chunk_merges: 280.
num_chunk_splits: 3616.
num_chunks_enlarged: 1993.
num_inconsistent_stats: 0.

CodeHeap 'non-profiled nmethods': size=120064Kb used=22199Kb max_used=22672Kb free=97864Kb
 bounds [0x0000027f0d550000, 0x0000027f0eb90000, 0x0000027f14a90000]
CodeHeap 'profiled nmethods': size=120000Kb used=43909Kb max_used=44537Kb free=76090Kb
 bounds [0x0000027f05a90000, 0x0000027f08640000, 0x0000027f0cfc0000]
CodeHeap 'non-nmethods': size=5696Kb used=1470Kb max_used=1541Kb free=4225Kb
 bounds [0x0000027f0cfc0000, 0x0000027f0d230000, 0x0000027f0d550000]
 total_blobs=20387 nmethods=19547 adapters=749
 compilation: enabled
              stopped_count=0, restarted_count=0
 full_count=0

Compilation events (20 events):
Event: 3758.707 Thread 0x0000027f16c19dd0 nmethod 25905 0x0000027f0e652590 code [0x0000027f0e652700, 0x0000027f0e6527f8]
Event: 3758.841 Thread 0x0000027f16c19dd0 25906       4       org.eclipse.jdt.internal.core.builder.ClasspathJrt::equals (81 bytes)
Event: 3758.879 Thread 0x0000027f16c19dd0 nmethod 25906 0x0000027f0e651b90 code [0x0000027f0e651d20, 0x0000027f0e6521f8]
Event: 3764.045 Thread 0x0000027f16c7c4d0 25907       3       org.eclipse.jdt.internal.compiler.parser.RecoveredUnit::updatedCompilationUnitDeclaration (308 bytes)
Event: 3764.051 Thread 0x0000027f16c7c4d0 nmethod 25907 0x0000027f07514d90 code [0x0000027f07515020, 0x0000027f07516178]
Event: 3764.051 Thread 0x0000027f16c7c4d0 25908       3       org.eclipse.jdt.internal.core.search.JavaSearchScope::add (18 bytes)
Event: 3764.263 Thread 0x0000027f16c7c4d0 nmethod 25908 0x0000027f065f9990 code [0x0000027f065f9ba0, 0x0000027f065fa038]
Event: 3764.670 Thread 0x0000027f16c7c4d0 25909       3       org.eclipse.jdt.internal.core.search.matching.ClasspathSourceDirectory::hashCode (22 bytes)
Event: 3764.675 Thread 0x0000027f16c7c4d0 nmethod 25909 0x0000027f069d3910 code [0x0000027f069d3ac0, 0x0000027f069d3d38]
Event: 3766.810 Thread 0x0000027f16c7c4d0 25910       3       org.eclipse.jdt.internal.compiler.ast.Annotation::resolveType (1559 bytes)
Event: 3766.929 Thread 0x0000027f16c7c4d0 nmethod 25910 0x0000027f07adaf90 code [0x0000027f07adb7c0, 0x0000027f07ae1d08]
Event: 3766.929 Thread 0x0000027f16c7c4d0 25911   !   3       org.eclipse.jdt.internal.compiler.ast.MethodDeclaration::analyseCode (948 bytes)
Event: 3766.977 Thread 0x0000027f16c7c4d0 nmethod 25911 0x0000027f0801c490 code [0x0000027f0801ca80, 0x0000027f08020c28]
Event: 3766.977 Thread 0x0000027f16c7c4d0 25912       3       org.eclipse.jdt.internal.compiler.lookup.ReferenceBinding::setAnnotations (8 bytes)
Event: 3766.978 Thread 0x0000027f16c7c4d0 nmethod 25912 0x0000027f06a7c810 code [0x0000027f06a7c9c0, 0x0000027f06a7cb88]
Event: 3768.361 Thread 0x0000027f16c7c4d0 25913  s!   3       org.eclipse.jdt.core.dom.DefaultBindingResolver::resolveName (1735 bytes)
Event: 3768.416 Thread 0x0000027f16c7c4d0 nmethod 25913 0x0000027f08630a90 code [0x0000027f08631940, 0x0000027f0863d798]
Event: 3769.215 Thread 0x0000027f16c7c4d0 25914   !   3       org.apache.maven.execution.DefaultMavenExecutionRequestPopulator::populateFromSettings (409 bytes)
Event: 3769.253 Thread 0x0000027f16c7c4d0 nmethod 25914 0x0000027f0759a190 code [0x0000027f0759a760, 0x0000027f0759dc88]
Event: 3769.255 Thread 0x0000027f16c19dd0 25915   !   4       org.eclipse.jdt.internal.core.BinaryMethod::getParameterNames (773 bytes)

GC Heap History (20 events):
Event: 3738.261 GC heap before
{Heap before GC invocations=3123 (full 58):
 PSYoungGen      total 18432K, used 17928K [0x00000000eab00000, 0x00000000ec200000, 0x0000000100000000)
  eden space 14848K, 100% used [0x00000000eab00000,0x00000000eb980000,0x00000000eb980000)
  from space 3584K, 85% used [0x00000000ebe80000,0x00000000ec182000,0x00000000ec200000)
  to   space 3584K, 0% used [0x00000000ebb00000,0x00000000ebb00000,0x00000000ebe80000)
 ParOldGen       total 443392K, used 295717K [0x00000000c0000000, 0x00000000db100000, 0x00000000eab00000)
  object space 443392K, 66% used [0x00000000c0000000,0x00000000d20c9668,0x00000000db100000)
 Metaspace       used 103918K, committed 105472K, reserved 1179648K
  class space    used 10584K, committed 11264K, reserved 1048576K
}
Event: 3738.314 GC heap after
{Heap after GC invocations=3123 (full 58):
 PSYoungGen      total 19968K, used 3561K [0x00000000eab00000, 0x00000000ecc80000, 0x0000000100000000)
  eden space 16384K, 0% used [0x00000000eab00000,0x00000000eab00000,0x00000000ebb00000)
  from space 3584K, 99% used [0x00000000ebb00000,0x00000000ebe7a728,0x00000000ebe80000)
  to   space 8192K, 0% used [0x00000000ec480000,0x00000000ec480000,0x00000000ecc80000)
 ParOldGen       total 443392K, used 299177K [0x00000000c0000000, 0x00000000db100000, 0x00000000eab00000)
  object space 443392K, 67% used [0x00000000c0000000,0x00000000d242a6a0,0x00000000db100000)
 Metaspace       used 103918K, committed 105472K, reserved 1179648K
  class space    used 10584K, committed 11264K, reserved 1048576K
}
Event: 3738.495 GC heap before
{Heap before GC invocations=3124 (full 58):
 PSYoungGen      total 19968K, used 19945K [0x00000000eab00000, 0x00000000ecc80000, 0x0000000100000000)
  eden space 16384K, 100% used [0x00000000eab00000,0x00000000ebb00000,0x00000000ebb00000)
  from space 3584K, 99% used [0x00000000ebb00000,0x00000000ebe7a728,0x00000000ebe80000)
  to   space 8192K, 0% used [0x00000000ec480000,0x00000000ec480000,0x00000000ecc80000)
 ParOldGen       total 443392K, used 299177K [0x00000000c0000000, 0x00000000db100000, 0x00000000eab00000)
  object space 443392K, 67% used [0x00000000c0000000,0x00000000d242a6a0,0x00000000db100000)
 Metaspace       used 103918K, committed 105472K, reserved 1179648K
  class space    used 10584K, committed 11264K, reserved 1048576K
}
Event: 3738.546 GC heap after
{Heap after GC invocations=3124 (full 58):
 PSYoungGen      total 25088K, used 4444K [0x00000000eab00000, 0x00000000ec980000, 0x0000000100000000)
  eden space 19968K, 0% used [0x00000000eab00000,0x00000000eab00000,0x00000000ebe80000)
  from space 5120K, 86% used [0x00000000ec480000,0x00000000ec8d7268,0x00000000ec980000)
  to   space 5632K, 0% used [0x00000000ebe80000,0x00000000ebe80000,0x00000000ec400000)
 ParOldGen       total 443392K, used 302780K [0x00000000c0000000, 0x00000000db100000, 0x00000000eab00000)
  object space 443392K, 68% used [0x00000000c0000000,0x00000000d27af080,0x00000000db100000)
 Metaspace       used 103918K, committed 105472K, reserved 1179648K
  class space    used 10584K, committed 11264K, reserved 1048576K
}
Event: 3738.796 GC heap before
{Heap before GC invocations=3125 (full 58):
 PSYoungGen      total 25088K, used 24412K [0x00000000eab00000, 0x00000000ec980000, 0x0000000100000000)
  eden space 19968K, 100% used [0x00000000eab00000,0x00000000ebe80000,0x00000000ebe80000)
  from space 5120K, 86% used [0x00000000ec480000,0x00000000ec8d7268,0x00000000ec980000)
  to   space 5632K, 0% used [0x00000000ebe80000,0x00000000ebe80000,0x00000000ec400000)
 ParOldGen       total 443392K, used 302780K [0x00000000c0000000, 0x00000000db100000, 0x00000000eab00000)
  object space 443392K, 68% used [0x00000000c0000000,0x00000000d27af080,0x00000000db100000)
 Metaspace       used 103918K, committed 105472K, reserved 1179648K
  class space    used 10584K, committed 11264K, reserved 1048576K
}
Event: 3738.860 GC heap after
{Heap after GC invocations=3125 (full 58):
 PSYoungGen      total 25600K, used 5081K [0x00000000eab00000, 0x00000000ecd00000, 0x0000000100000000)
  eden space 19968K, 0% used [0x00000000eab00000,0x00000000eab00000,0x00000000ebe80000)
  from space 5632K, 90% used [0x00000000ebe80000,0x00000000ec3764a8,0x00000000ec400000)
  to   space 5632K, 0% used [0x00000000ec780000,0x00000000ec780000,0x00000000ecd00000)
 ParOldGen       total 443392K, used 307058K [0x00000000c0000000, 0x00000000db100000, 0x00000000eab00000)
  object space 443392K, 69% used [0x00000000c0000000,0x00000000d2bdcb98,0x00000000db100000)
 Metaspace       used 103918K, committed 105472K, reserved 1179648K
  class space    used 10584K, committed 11264K, reserved 1048576K
}
Event: 3739.087 GC heap before
{Heap before GC invocations=3126 (full 58):
 PSYoungGen      total 25600K, used 25049K [0x00000000eab00000, 0x00000000ecd00000, 0x0000000100000000)
  eden space 19968K, 100% used [0x00000000eab00000,0x00000000ebe80000,0x00000000ebe80000)
  from space 5632K, 90% used [0x00000000ebe80000,0x00000000ec3764a8,0x00000000ec400000)
  to   space 5632K, 0% used [0x00000000ec780000,0x00000000ec780000,0x00000000ecd00000)
 ParOldGen       total 443392K, used 307058K [0x00000000c0000000, 0x00000000db100000, 0x00000000eab00000)
  object space 443392K, 69% used [0x00000000c0000000,0x00000000d2bdcb98,0x00000000db100000)
 Metaspace       used 103918K, committed 105472K, reserved 1179648K
  class space    used 10584K, committed 11264K, reserved 1048576K
}
Event: 3739.169 GC heap after
{Heap after GC invocations=3126 (full 58):
 PSYoungGen      total 29184K, used 5420K [0x00000000eab00000, 0x00000000ecd80000, 0x0000000100000000)
  eden space 23552K, 0% used [0x00000000eab00000,0x00000000eab00000,0x00000000ec200000)
  from space 5632K, 96% used [0x00000000ec780000,0x00000000ecccb100,0x00000000ecd00000)
  to   space 5632K, 0% used [0x00000000ec200000,0x00000000ec200000,0x00000000ec780000)
 ParOldGen       total 443392K, used 312142K [0x00000000c0000000, 0x00000000db100000, 0x00000000eab00000)
  object space 443392K, 70% used [0x00000000c0000000,0x00000000d30d3bc8,0x00000000db100000)
 Metaspace       used 103918K, committed 105472K, reserved 1179648K
  class space    used 10584K, committed 11264K, reserved 1048576K
}
Event: 3739.605 GC heap before
{Heap before GC invocations=3127 (full 58):
 PSYoungGen      total 29184K, used 28972K [0x00000000eab00000, 0x00000000ecd80000, 0x0000000100000000)
  eden space 23552K, 100% used [0x00000000eab00000,0x00000000ec200000,0x00000000ec200000)
  from space 5632K, 96% used [0x00000000ec780000,0x00000000ecccb100,0x00000000ecd00000)
  to   space 5632K, 0% used [0x00000000ec200000,0x00000000ec200000,0x00000000ec780000)
 ParOldGen       total 443392K, used 312142K [0x00000000c0000000, 0x00000000db100000, 0x00000000eab00000)
  object space 443392K, 70% used [0x00000000c0000000,0x00000000d30d3bc8,0x00000000db100000)
 Metaspace       used 103918K, committed 105472K, reserved 1179648K
  class space    used 10584K, committed 11264K, reserved 1048576K
}
Event: 3739.679 GC heap after
{Heap after GC invocations=3127 (full 58):
 PSYoungGen      total 29184K, used 5066K [0x00000000eab00000, 0x00000000ed180000, 0x0000000100000000)
  eden space 23552K, 0% used [0x00000000eab00000,0x00000000eab00000,0x00000000ec200000)
  from space 5632K, 89% used [0x00000000ec200000,0x00000000ec6f2b08,0x00000000ec780000)
  to   space 5632K, 0% used [0x00000000ecc00000,0x00000000ecc00000,0x00000000ed180000)
 ParOldGen       total 443392K, used 317520K [0x00000000c0000000, 0x00000000db100000, 0x00000000eab00000)
  object space 443392K, 71% used [0x00000000c0000000,0x00000000d36142c8,0x00000000db100000)
 Metaspace       used 103918K, committed 105472K, reserved 1179648K
  class space    used 10584K, committed 11264K, reserved 1048576K
}
Event: 3739.939 GC heap before
{Heap before GC invocations=3128 (full 58):
 PSYoungGen      total 29184K, used 28618K [0x00000000eab00000, 0x00000000ed180000, 0x0000000100000000)
  eden space 23552K, 100% used [0x00000000eab00000,0x00000000ec200000,0x00000000ec200000)
  from space 5632K, 89% used [0x00000000ec200000,0x00000000ec6f2b08,0x00000000ec780000)
  to   space 5632K, 0% used [0x00000000ecc00000,0x00000000ecc00000,0x00000000ed180000)
 ParOldGen       total 443392K, used 317520K [0x00000000c0000000, 0x00000000db100000, 0x00000000eab00000)
  object space 443392K, 71% used [0x00000000c0000000,0x00000000d36142c8,0x00000000db100000)
 Metaspace       used 103918K, committed 105472K, reserved 1179648K
  class space    used 10584K, committed 11264K, reserved 1048576K
}
Event: 3740.000 GC heap after
{Heap after GC invocations=3128 (full 58):
 PSYoungGen      total 29696K, used 1248K [0x00000000eab00000, 0x00000000ecd80000, 0x0000000100000000)
  eden space 28160K, 0% used [0x00000000eab00000,0x00000000eab00000,0x00000000ec680000)
  from space 1536K, 81% used [0x00000000ecc00000,0x00000000ecd38000,0x00000000ecd80000)
  to   space 3072K, 0% used [0x00000000ec780000,0x00000000ec780000,0x00000000eca80000)
 ParOldGen       total 443392K, used 322521K [0x00000000c0000000, 0x00000000db100000, 0x00000000eab00000)
  object space 443392K, 72% used [0x00000000c0000000,0x00000000d3af65b8,0x00000000db100000)
 Metaspace       used 103918K, committed 105472K, reserved 1179648K
  class space    used 10584K, committed 11264K, reserved 1048576K
}
Event: 3740.408 GC heap before
{Heap before GC invocations=3129 (full 58):
 PSYoungGen      total 29696K, used 29408K [0x00000000eab00000, 0x00000000ecd80000, 0x0000000100000000)
  eden space 28160K, 100% used [0x00000000eab00000,0x00000000ec680000,0x00000000ec680000)
  from space 1536K, 81% used [0x00000000ecc00000,0x00000000ecd38000,0x00000000ecd80000)
  to   space 3072K, 0% used [0x00000000ec780000,0x00000000ec780000,0x00000000eca80000)
 ParOldGen       total 443392K, used 322521K [0x00000000c0000000, 0x00000000db100000, 0x00000000eab00000)
  object space 443392K, 72% used [0x00000000c0000000,0x00000000d3af65b8,0x00000000db100000)
 Metaspace       used 103918K, committed 105472K, reserved 1179648K
  class space    used 10584K, committed 11264K, reserved 1048576K
}
Event: 3740.430 GC heap after
{Heap after GC invocations=3129 (full 58):
 PSYoungGen      total 32256K, used 1724K [0x00000000eab00000, 0x00000000ecf80000, 0x0000000100000000)
  eden space 29184K, 0% used [0x00000000eab00000,0x00000000eab00000,0x00000000ec780000)
  from space 3072K, 56% used [0x00000000ec780000,0x00000000ec92f030,0x00000000eca80000)
  to   space 2048K, 0% used [0x00000000ecd80000,0x00000000ecd80000,0x00000000ecf80000)
 ParOldGen       total 443392K, used 323753K [0x00000000c0000000, 0x00000000db100000, 0x00000000eab00000)
  object space 443392K, 73% used [0x00000000c0000000,0x00000000d3c2a478,0x00000000db100000)
 Metaspace       used 103918K, committed 105472K, reserved 1179648K
  class space    used 10584K, committed 11264K, reserved 1048576K
}
Event: 3741.778 GC heap before
{Heap before GC invocations=3130 (full 58):
 PSYoungGen      total 32256K, used 30908K [0x00000000eab00000, 0x00000000ecf80000, 0x0000000100000000)
  eden space 29184K, 100% used [0x00000000eab00000,0x00000000ec780000,0x00000000ec780000)
  from space 3072K, 56% used [0x00000000ec780000,0x00000000ec92f030,0x00000000eca80000)
  to   space 2048K, 0% used [0x00000000ecd80000,0x00000000ecd80000,0x00000000ecf80000)
 ParOldGen       total 443392K, used 323753K [0x00000000c0000000, 0x00000000db100000, 0x00000000eab00000)
  object space 443392K, 73% used [0x00000000c0000000,0x00000000d3c2a478,0x00000000db100000)
 Metaspace       used 103926K, committed 105536K, reserved 1179648K
  class space    used 10584K, committed 11264K, reserved 1048576K
}
Event: 3741.815 GC heap after
{Heap after GC invocations=3130 (full 58):
 PSYoungGen      total 31232K, used 2046K [0x00000000eab00000, 0x00000000ed080000, 0x0000000100000000)
  eden space 29184K, 0% used [0x00000000eab00000,0x00000000eab00000,0x00000000ec780000)
  from space 2048K, 99% used [0x00000000ecd80000,0x00000000ecf7fb50,0x00000000ecf80000)
  to   space 4608K, 0% used [0x00000000ec780000,0x00000000ec780000,0x00000000ecc00000)
 ParOldGen       total 443392K, used 325476K [0x00000000c0000000, 0x00000000db100000, 0x00000000eab00000)
  object space 443392K, 73% used [0x00000000c0000000,0x00000000d3dd9100,0x00000000db100000)
 Metaspace       used 103926K, committed 105536K, reserved 1179648K
  class space    used 10584K, committed 11264K, reserved 1048576K
}
Event: 3751.848 GC heap before
{Heap before GC invocations=3131 (full 58):
 PSYoungGen      total 31232K, used 31230K [0x00000000eab00000, 0x00000000ed080000, 0x0000000100000000)
  eden space 29184K, 100% used [0x00000000eab00000,0x00000000ec780000,0x00000000ec780000)
  from space 2048K, 99% used [0x00000000ecd80000,0x00000000ecf7fb50,0x00000000ecf80000)
  to   space 4608K, 0% used [0x00000000ec780000,0x00000000ec780000,0x00000000ecc00000)
 ParOldGen       total 443392K, used 325476K [0x00000000c0000000, 0x00000000db100000, 0x00000000eab00000)
  object space 443392K, 73% used [0x00000000c0000000,0x00000000d3dd9100,0x00000000db100000)
 Metaspace       used 103934K, committed 105536K, reserved 1179648K
  class space    used 10584K, committed 11264K, reserved 1048576K
}
Event: 3752.191 GC heap after
{Heap after GC invocations=3131 (full 58):
 PSYoungGen      total 33792K, used 916K [0x00000000eab00000, 0x00000000ece00000, 0x0000000100000000)
  eden space 29184K, 0% used [0x00000000eab00000,0x00000000eab00000,0x00000000ec780000)
  from space 4608K, 19% used [0x00000000ec780000,0x00000000ec865220,0x00000000ecc00000)
  to   space 2048K, 0% used [0x00000000ecc00000,0x00000000ecc00000,0x00000000ece00000)
 ParOldGen       total 443392K, used 326720K [0x00000000c0000000, 0x00000000db100000, 0x00000000eab00000)
  object space 443392K, 73% used [0x00000000c0000000,0x00000000d3f10000,0x00000000db100000)
 Metaspace       used 103934K, committed 105536K, reserved 1179648K
  class space    used 10584K, committed 11264K, reserved 1048576K
}
Event: 3764.071 GC heap before
{Heap before GC invocations=3132 (full 58):
 PSYoungGen      total 33792K, used 30035K [0x00000000eab00000, 0x00000000ece00000, 0x0000000100000000)
  eden space 29184K, 99% used [0x00000000eab00000,0x00000000ec76fad0,0x00000000ec780000)
  from space 4608K, 19% used [0x00000000ec780000,0x00000000ec865220,0x00000000ecc00000)
  to   space 2048K, 0% used [0x00000000ecc00000,0x00000000ecc00000,0x00000000ece00000)
 ParOldGen       total 443392K, used 326720K [0x00000000c0000000, 0x00000000db100000, 0x00000000eab00000)
  object space 443392K, 73% used [0x00000000c0000000,0x00000000d3f10000,0x00000000db100000)
 Metaspace       used 103974K, committed 105536K, reserved 1179648K
  class space    used 10584K, committed 11264K, reserved 1048576K
}
Event: 3764.261 GC heap after
{Heap after GC invocations=3132 (full 58):
 PSYoungGen      total 30208K, used 737K [0x00000000eab00000, 0x00000000ecd00000, 0x0000000100000000)
  eden space 29184K, 0% used [0x00000000eab00000,0x00000000eab00000,0x00000000ec780000)
  from space 1024K, 72% used [0x00000000ecc00000,0x00000000eccb8738,0x00000000ecd00000)
  to   space 1024K, 0% used [0x00000000ecb00000,0x00000000ecb00000,0x00000000ecc00000)
 ParOldGen       total 443392K, used 327368K [0x00000000c0000000, 0x00000000db100000, 0x00000000eab00000)
  object space 443392K, 73% used [0x00000000c0000000,0x00000000d3fb2000,0x00000000db100000)
 Metaspace       used 103974K, committed 105536K, reserved 1179648K
  class space    used 10584K, committed 11264K, reserved 1048576K
}

Dll operation events (14 events):
Event: 0.011 Loaded shared library c:\Users\LUNA\.vscode\extensions\redhat.java-1.29.0-win32-x64\jre\17.0.10-win32-x86_64\bin\java.dll
Event: 0.975 Loaded shared library c:\Users\LUNA\.vscode\extensions\redhat.java-1.29.0-win32-x64\jre\17.0.10-win32-x86_64\bin\zip.dll
Event: 1.017 Loaded shared library C:\Users\LUNA\.vscode\extensions\redhat.java-1.29.0-win32-x64\jre\17.0.10-win32-x86_64\bin\instrument.dll
Event: 1.103 Loaded shared library C:\Users\LUNA\.vscode\extensions\redhat.java-1.29.0-win32-x64\jre\17.0.10-win32-x86_64\bin\net.dll
Event: 1.105 Loaded shared library C:\Users\LUNA\.vscode\extensions\redhat.java-1.29.0-win32-x64\jre\17.0.10-win32-x86_64\bin\nio.dll
Event: 1.112 Loaded shared library C:\Users\LUNA\.vscode\extensions\redhat.java-1.29.0-win32-x64\jre\17.0.10-win32-x86_64\bin\zip.dll
Event: 1.301 Loaded shared library C:\Users\LUNA\.vscode\extensions\redhat.java-1.29.0-win32-x64\jre\17.0.10-win32-x86_64\bin\jimage.dll
Event: 1.660 Loaded shared library c:\Users\LUNA\.vscode\extensions\redhat.java-1.29.0-win32-x64\jre\17.0.10-win32-x86_64\bin\verify.dll
Event: 53.136 Loaded shared library C:\Users\LUNA\AppData\Roaming\Code\User\globalStorage\redhat.java\1.29.0\config_win\org.eclipse.equinox.launcher\org.eclipse.equinox.launcher.win32.win32.x86_64_1.2.900.v20240213-1244\eclipse_11900.dll
Event: 94.732 Loaded shared library C:\Users\LUNA\.vscode\extensions\redhat.java-1.29.0-win32-x64\jre\17.0.10-win32-x86_64\bin\management.dll
Event: 94.742 Loaded shared library C:\Users\LUNA\.vscode\extensions\redhat.java-1.29.0-win32-x64\jre\17.0.10-win32-x86_64\bin\management_ext.dll
Event: 100.447 Loaded shared library C:\Users\LUNA\AppData\Local\Temp\jna-2348284\jna11503367539788109320.dll
Event: 102.910 Loaded shared library C:\Users\LUNA\.vscode\extensions\redhat.java-1.29.0-win32-x64\jre\17.0.10-win32-x86_64\bin\sunmscapi.dll
Event: 104.184 Loaded shared library C:\Users\LUNA\.vscode\extensions\redhat.java-1.29.0-win32-x64\jre\17.0.10-win32-x86_64\bin\extnet.dll

Deoptimization events (20 events):
Event: 3765.850 Thread 0x0000027f1c93c770 Uncommon trap: trap_request=0xffffff45 fr.pc=0x0000027f0ead1ba4 relative=0x0000000000001a04
Event: 3765.852 Thread 0x0000027f1c93c770 Uncommon trap: reason=unstable_if action=reinterpret pc=0x0000027f0ead1ba4 method=org.eclipse.jdt.internal.compiler.problem.ProblemHandler.handle(I[Ljava/lang/String;I[Ljava/lang/String;IIILorg/eclipse/jdt/internal/compiler/impl/ReferenceContext;Lorg/ecli
Event: 3765.853 Thread 0x0000027f1c93c770 DEOPT PACKING pc=0x0000027f0ead1ba4 sp=0x000000b628cfdce0
Event: 3765.853 Thread 0x0000027f1c93c770 DEOPT UNPACKING pc=0x0000027f0d01669d sp=0x000000b628cfdcb0 mode 2
Event: 3765.953 Thread 0x0000027f1c93c770 Uncommon trap: trap_request=0xffffff45 fr.pc=0x0000027f0e761348 relative=0x0000000000002548
Event: 3765.954 Thread 0x0000027f1c93c770 Uncommon trap: reason=unstable_if action=reinterpret pc=0x0000027f0e761348 method=org.eclipse.jdt.internal.compiler.ast.ASTNode.resolveAnnotations(Lorg/eclipse/jdt/internal/compiler/lookup/BlockScope;[Lorg/eclipse/jdt/internal/compiler/ast/Annotation;Lorg
Event: 3765.954 Thread 0x0000027f1c93c770 DEOPT PACKING pc=0x0000027f0e761348 sp=0x000000b628cfdec0
Event: 3765.962 Thread 0x0000027f1c93c770 DEOPT UNPACKING pc=0x0000027f0d01669d sp=0x000000b628cfde48 mode 2
Event: 3765.963 Thread 0x0000027f1c93c770 Uncommon trap: trap_request=0xffffff45 fr.pc=0x0000027f0e87462c relative=0x000000000000324c
Event: 3765.964 Thread 0x0000027f1c93c770 Uncommon trap: reason=unstable_if action=reinterpret pc=0x0000027f0e87462c method=org.eclipse.jdt.internal.compiler.ast.Annotation.resolveType(Lorg/eclipse/jdt/internal/compiler/lookup/BlockScope;)Lorg/eclipse/jdt/internal/compiler/lookup/TypeBinding; @ 4
Event: 3765.964 Thread 0x0000027f1c93c770 DEOPT PACKING pc=0x0000027f0e87462c sp=0x000000b628cfdd90
Event: 3765.965 Thread 0x0000027f1c93c770 DEOPT UNPACKING pc=0x0000027f0d01669d sp=0x000000b628cfdd28 mode 2
Event: 3765.966 Thread 0x0000027f1c93c770 Uncommon trap: trap_request=0xffffff45 fr.pc=0x0000027f0e955140 relative=0x0000000000005de0
Event: 3765.966 Thread 0x0000027f1c93c770 Uncommon trap: reason=unstable_if action=reinterpret pc=0x0000027f0e955140 method=org.eclipse.jdt.internal.compiler.lookup.Scope.getTypeOrPackage([CIZ)Lorg/eclipse/jdt/internal/compiler/lookup/Binding; @ 112 c2
Event: 3765.967 Thread 0x0000027f1c93c770 DEOPT PACKING pc=0x0000027f0e955140 sp=0x000000b628cfd9e0
Event: 3765.967 Thread 0x0000027f1c93c770 DEOPT UNPACKING pc=0x0000027f0d01669d sp=0x000000b628cfd9f0 mode 2
Event: 3768.351 Thread 0x0000027f1bf500f0 Uncommon trap: trap_request=0xffffff45 fr.pc=0x0000027f0e9ff7b4 relative=0x0000000000003b94
Event: 3768.353 Thread 0x0000027f1bf500f0 Uncommon trap: reason=unstable_if action=reinterpret pc=0x0000027f0e9ff7b4 method=org.eclipse.jdt.core.dom.DefaultBindingResolver.resolveName(Lorg/eclipse/jdt/core/dom/Name;)Lorg/eclipse/jdt/core/dom/IBinding; @ 1022 c2
Event: 3768.353 Thread 0x0000027f1bf500f0 DEOPT PACKING pc=0x0000027f0e9ff7b4 sp=0x000000b628ffe690
Event: 3768.353 Thread 0x0000027f1bf500f0 DEOPT UNPACKING pc=0x0000027f0d01669d sp=0x000000b628ffe640 mode 2

Classes unloaded (20 events):
Event: 3719.633 Thread 0x0000027f16bd1820 Unloading class 0x0000000100afa400 'jdk/internal/reflect/GeneratedSerializationConstructorAccessor45'
Event: 3719.633 Thread 0x0000027f16bd1820 Unloading class 0x0000000100afa000 'jdk/internal/reflect/GeneratedSerializationConstructorAccessor44'
Event: 3719.633 Thread 0x0000027f16bd1820 Unloading class 0x0000000100af9c00 'jdk/internal/reflect/GeneratedSerializationConstructorAccessor43'
Event: 3719.633 Thread 0x0000027f16bd1820 Unloading class 0x0000000100af9800 'jdk/internal/reflect/GeneratedSerializationConstructorAccessor42'
Event: 3719.634 Thread 0x0000027f16bd1820 Unloading class 0x0000000100af9400 'jdk/internal/reflect/GeneratedSerializationConstructorAccessor41'
Event: 3719.634 Thread 0x0000027f16bd1820 Unloading class 0x0000000100af9000 'jdk/internal/reflect/GeneratedSerializationConstructorAccessor40'
Event: 3719.634 Thread 0x0000027f16bd1820 Unloading class 0x0000000100af8c00 'jdk/internal/reflect/GeneratedSerializationConstructorAccessor39'
Event: 3719.634 Thread 0x0000027f16bd1820 Unloading class 0x0000000100af8800 'jdk/internal/reflect/GeneratedSerializationConstructorAccessor38'
Event: 3719.634 Thread 0x0000027f16bd1820 Unloading class 0x0000000100af8400 'jdk/internal/reflect/GeneratedSerializationConstructorAccessor37'
Event: 3719.634 Thread 0x0000027f16bd1820 Unloading class 0x0000000100af8000 'jdk/internal/reflect/GeneratedSerializationConstructorAccessor36'
Event: 3719.634 Thread 0x0000027f16bd1820 Unloading class 0x0000000100740800 'java/lang/invoke/LambdaForm$MH+0x0000000100740800'
Event: 3719.635 Thread 0x0000027f16bd1820 Unloading class 0x0000000100750400 'java/lang/invoke/LambdaForm$MH+0x0000000100750400'
Event: 3719.635 Thread 0x0000027f16bd1820 Unloading class 0x00000001007a8400 'java/lang/invoke/LambdaForm$MH+0x00000001007a8400'
Event: 3719.635 Thread 0x0000027f16bd1820 Unloading class 0x0000000100221800 'java/lang/invoke/LambdaForm$MH+0x0000000100221800'
Event: 3719.636 Thread 0x0000027f16bd1820 Unloading class 0x0000000100199c00 'java/lang/invoke/LambdaForm$MH+0x0000000100199c00'
Event: 3719.636 Thread 0x0000027f16bd1820 Unloading class 0x0000000100199400 'java/lang/invoke/LambdaForm$MH+0x0000000100199400'
Event: 3719.636 Thread 0x0000027f16bd1820 Unloading class 0x0000000100199000 'java/lang/invoke/LambdaForm$MH+0x0000000100199000'
Event: 3719.636 Thread 0x0000027f16bd1820 Unloading class 0x0000000100198c00 'java/lang/invoke/LambdaForm$MH+0x0000000100198c00'
Event: 3719.636 Thread 0x0000027f16bd1820 Unloading class 0x0000000100198800 'java/lang/invoke/LambdaForm$MH+0x0000000100198800'
Event: 3719.636 Thread 0x0000027f16bd1820 Unloading class 0x0000000100198000 'java/lang/invoke/LambdaForm$MH+0x0000000100198000'

Classes redefined (0 events):
No events

Internal exceptions (20 events):
Event: 3733.162 Thread 0x0000027f1c93bd50 Exception <a 'sun/nio/fs/WindowsException'{0x00000000eab17318}> (0x00000000eab17318) 
thrown [s\src\hotspot\share\prims\jni.cpp, line 516]
Event: 3733.168 Thread 0x0000027f1c93bd50 Exception <a 'sun/nio/fs/WindowsException'{0x00000000eab18a20}> (0x00000000eab18a20) 
thrown [s\src\hotspot\share\prims\jni.cpp, line 516]
Event: 3733.202 Thread 0x0000027f1c93bd50 Exception <a 'sun/nio/fs/WindowsException'{0x00000000ead9fd50}> (0x00000000ead9fd50) 
thrown [s\src\hotspot\share\prims\jni.cpp, line 516]
Event: 3733.222 Thread 0x0000027f1c93bd50 Exception <a 'sun/nio/fs/WindowsException'{0x00000000eaf01900}> (0x00000000eaf01900) 
thrown [s\src\hotspot\share\prims\jni.cpp, line 516]
Event: 3733.225 Thread 0x0000027f1c93bd50 Exception <a 'sun/nio/fs/WindowsException'{0x00000000eaf08fa0}> (0x00000000eaf08fa0) 
thrown [s\src\hotspot\share\prims\jni.cpp, line 516]
Event: 3733.228 Thread 0x0000027f1c93bd50 Exception <a 'sun/nio/fs/WindowsException'{0x00000000eaf56c48}> (0x00000000eaf56c48) 
thrown [s\src\hotspot\share\prims\jni.cpp, line 516]
Event: 3733.232 Thread 0x0000027f1c93bd50 Exception <a 'sun/nio/fs/WindowsException'{0x00000000eaf5fa38}> (0x00000000eaf5fa38) 
thrown [s\src\hotspot\share\prims\jni.cpp, line 516]
Event: 3733.871 Thread 0x0000027f1c93bd50 Exception <a 'sun/nio/fs/WindowsException'{0x00000000eb803080}> (0x00000000eb803080) 
thrown [s\src\hotspot\share\prims\jni.cpp, line 516]
Event: 3733.891 Thread 0x0000027f1c93bd50 Exception <a 'sun/nio/fs/WindowsException'{0x00000000eba41d78}> (0x00000000eba41d78) 
thrown [s\src\hotspot\share\prims\jni.cpp, line 516]
Event: 3733.941 Thread 0x0000027f1c93bd50 Exception <a 'sun/nio/fs/WindowsException'{0x00000000ebcc90e8}> (0x00000000ebcc90e8) 
thrown [s\src\hotspot\share\prims\jni.cpp, line 516]
Event: 3734.102 Thread 0x0000027f1c93bd50 Exception <a 'sun/nio/fs/WindowsException'{0x00000000eaba9c18}> (0x00000000eaba9c18) 
thrown [s\src\hotspot\share\prims\jni.cpp, line 516]
Event: 3734.109 Thread 0x0000027f1c93bd50 Exception <a 'sun/nio/fs/WindowsException'{0x00000000eabbc648}> (0x00000000eabbc648) 
thrown [s\src\hotspot\share\prims\jni.cpp, line 516]
Event: 3734.110 Thread 0x0000027f1c93bd50 Exception <a 'sun/nio/fs/WindowsException'{0x00000000eabbcf38}> (0x00000000eabbcf38) 
thrown [s\src\hotspot\share\prims\jni.cpp, line 516]
Event: 3734.110 Thread 0x0000027f1c93bd50 Exception <a 'sun/nio/fs/WindowsException'{0x00000000eabbd850}> (0x00000000eabbd850) 
thrown [s\src\hotspot\share\prims\jni.cpp, line 516]
Event: 3734.117 Thread 0x0000027f1c93bd50 Exception <a 'sun/nio/fs/WindowsException'{0x00000000eac12048}> (0x00000000eac12048) 
thrown [s\src\hotspot\share\prims\jni.cpp, line 516]
Event: 3734.119 Thread 0x0000027f1c93bd50 Exception <a 'sun/nio/fs/WindowsException'{0x00000000eac18fa0}> (0x00000000eac18fa0) 
thrown [s\src\hotspot\share\prims\jni.cpp, line 516]
Event: 3734.121 Thread 0x0000027f1c93bd50 Exception <a 'sun/nio/fs/WindowsException'{0x00000000eac20ab0}> (0x00000000eac20ab0) 
thrown [s\src\hotspot\share\prims\jni.cpp, line 516]
Event: 3734.518 Thread 0x0000027f1c93bd50 Exception <a 'sun/nio/fs/WindowsException'{0x00000000eb3a0810}> (0x00000000eb3a0810) 
thrown [s\src\hotspot\share\prims\jni.cpp, line 516]
Event: 3765.949 Thread 0x0000027f1c93c770 Implicit null exception at 0x0000027f0e75ee29 to 0x0000027f0e761324
Event: 3765.965 Thread 0x0000027f1c93c770 Implicit null exception at 0x0000027f0e94f70a to 0x0000027f0e955104

VM Operations (20 events):
Event: 3742.816 Executing VM operation: Cleanup
Event: 3743.531 Executing VM operation: Cleanup done
Event: 3747.558 Executing VM operation: Cleanup
Event: 3747.559 Executing VM operation: Cleanup done
Event: 3748.573 Executing VM operation: Cleanup
Event: 3748.606 Executing VM operation: Cleanup done
Event: 3750.621 Executing VM operation: Cleanup
Event: 3750.621 Executing VM operation: Cleanup done
Event: 3751.847 Executing VM operation: ParallelGCFailedAllocation
Event: 3752.191 Executing VM operation: ParallelGCFailedAllocation done
Event: 3754.198 Executing VM operation: Cleanup
Event: 3754.198 Executing VM operation: Cleanup done
Event: 3759.232 Executing VM operation: Cleanup
Event: 3759.232 Executing VM operation: Cleanup done
Event: 3764.054 Executing VM operation: ParallelGCFailedAllocation
Event: 3764.262 Executing VM operation: ParallelGCFailedAllocation done
Event: 3765.267 Executing VM operation: Cleanup
Event: 3765.267 Executing VM operation: Cleanup done
Event: 3767.268 Executing VM operation: Cleanup
Event: 3767.822 Executing VM operation: Cleanup done

Events (20 events):
Event: 3766.347 Thread 0x0000027f1eec9770 Thread added: 0x0000027f1eec9770
Event: 3766.718 Thread 0x0000027f1bf4f6d0 Thread exited: 0x0000027f1bf4f6d0
Event: 3766.786 Thread 0x0000027f1eec9770 Thread exited: 0x0000027f1eec9770
Event: 3767.055 Thread 0x0000027f1eec9770 Thread added: 0x0000027f1eec9770
Event: 3767.806 Thread 0x0000027f1eecabb0 Thread added: 0x0000027f1eecabb0
Event: 3767.807 Thread 0x0000027f1c93e5d0 Thread added: 0x0000027f1c93e5d0
Event: 3767.817 Thread 0x0000027f1bf4f6d0 Thread added: 0x0000027f1bf4f6d0
Event: 3767.890 Thread 0x0000027f1da8dc10 Thread added: 0x0000027f1da8dc10
Event: 3767.891 Thread 0x0000027f1bf500f0 Thread exited: 0x0000027f1bf500f0
Event: 3768.101 Thread 0x0000027f1eecabb0 Thread exited: 0x0000027f1eecabb0
Event: 3768.103 Thread 0x0000027f1c93c770 Thread exited: 0x0000027f1c93c770
Event: 3768.105 Thread 0x0000027f1bf4f6d0 Thread exited: 0x0000027f1bf4f6d0
Event: 3768.105 Thread 0x0000027f1da8dc10 Thread exited: 0x0000027f1da8dc10
Event: 3768.199 Thread 0x0000027f1bf4f6d0 Thread added: 0x0000027f1bf4f6d0
Event: 3768.270 Thread 0x0000027f1bf500f0 Thread added: 0x0000027f1bf500f0
Event: 3768.301 Thread 0x0000027f1c93e5d0 Thread exited: 0x0000027f1c93e5d0
Event: 3768.369 Thread 0x0000027f1bf500f0 Thread exited: 0x0000027f1bf500f0
Event: 3768.387 Thread 0x0000027f1bf4f6d0 Thread exited: 0x0000027f1bf4f6d0
Event: 3769.145 Thread 0x0000027f1bf500f0 Thread added: 0x0000027f1bf500f0
Event: 3769.255 Thread 0x0000027f1bf500f0 Thread exited: 0x0000027f1bf500f0


Dynamic libraries:
0x00007ff75ac10000 - 0x00007ff75ac1e000 	c:\Users\LUNA\.vscode\extensions\redhat.java-1.29.0-win32-x64\jre\17.0.10-win32-x86_64\bin\java.exe
0x00007ffa5ef70000 - 0x00007ffa5f168000 	C:\Windows\SYSTEM32\ntdll.dll
0x00007ffa5d1f0000 - 0x00007ffa5d2ad000 	C:\Windows\System32\KERNEL32.DLL
0x00007ffa5c650000 - 0x00007ffa5c946000 	C:\Windows\System32\KERNELBASE.dll
0x00007ffa5c950000 - 0x00007ffa5ca50000 	C:\Windows\System32\ucrtbase.dll
0x00007ffa3da60000 - 0x00007ffa3da77000 	c:\Users\LUNA\.vscode\extensions\redhat.java-1.29.0-win32-x64\jre\17.0.10-win32-x86_64\bin\jli.dll
0x00007ffa5e400000 - 0x00007ffa5e59e000 	C:\Windows\System32\USER32.dll
0x00007ffa5cfa0000 - 0x00007ffa5cfc2000 	C:\Windows\System32\win32u.dll
0x00007ffa5d2b0000 - 0x00007ffa5d2dc000 	C:\Windows\System32\GDI32.dll
0x00007ffa5cbd0000 - 0x00007ffa5ccea000 	C:\Windows\System32\gdi32full.dll
0x00007ffa5cb00000 - 0x00007ffa5cb9d000 	C:\Windows\System32\msvcp_win.dll
0x00007ffa11870000 - 0x00007ffa1188b000 	c:\Users\LUNA\.vscode\extensions\redhat.java-1.29.0-win32-x64\jre\17.0.10-win32-x86_64\bin\VCRUNTIME140.dll
0x00007ffa48480000 - 0x00007ffa4871a000 	C:\Windows\WinSxS\amd64_microsoft.windows.common-controls_6595b64144ccf1df_6.0.19041.3636_none_60b6a03d71f818d5\COMCTL32.dll
0x00007ffa5ea90000 - 0x00007ffa5eb2e000 	C:\Windows\System32\msvcrt.dll
0x00007ffa5e9b0000 - 0x00007ffa5e9e0000 	C:\Windows\System32\IMM32.DLL
0x00007ffa43cd0000 - 0x00007ffa43cdc000 	c:\Users\LUNA\.vscode\extensions\redhat.java-1.29.0-win32-x64\jre\17.0.10-win32-x86_64\bin\vcruntime140_1.dll
0x00007ffa117e0000 - 0x00007ffa1186d000 	c:\Users\LUNA\.vscode\extensions\redhat.java-1.29.0-win32-x64\jre\17.0.10-win32-x86_64\bin\msvcp140.dll
0x00007ffa10b70000 - 0x00007ffa117d2000 	c:\Users\LUNA\.vscode\extensions\redhat.java-1.29.0-win32-x64\jre\17.0.10-win32-x86_64\bin\server\jvm.dll
0x00007ffa5e9e0000 - 0x00007ffa5ea8f000 	C:\Windows\System32\ADVAPI32.dll
0x00007ffa5ee90000 - 0x00007ffa5ef2c000 	C:\Windows\System32\sechost.dll
0x00007ffa5e5b0000 - 0x00007ffa5e6d6000 	C:\Windows\System32\RPCRT4.dll
0x00007ffa5c4b0000 - 0x00007ffa5c4fb000 	C:\Windows\SYSTEM32\POWRPROF.dll
0x00007ffa42d30000 - 0x00007ffa42d39000 	C:\Windows\SYSTEM32\WSOCK32.dll
0x00007ffa5e1e0000 - 0x00007ffa5e24b000 	C:\Windows\System32\WS2_32.dll
0x00007ffa37240000 - 0x00007ffa37267000 	C:\Windows\SYSTEM32\WINMM.dll
0x00007ffa4c1d0000 - 0x00007ffa4c1da000 	C:\Windows\SYSTEM32\VERSION.dll
0x00007ffa5c490000 - 0x00007ffa5c4a2000 	C:\Windows\SYSTEM32\UMPDC.dll
0x00007ffa5aea0000 - 0x00007ffa5aeb2000 	C:\Windows\SYSTEM32\kernel.appcore.dll
0x00007ffa42710000 - 0x00007ffa4271a000 	c:\Users\LUNA\.vscode\extensions\redhat.java-1.29.0-win32-x64\jre\17.0.10-win32-x86_64\bin\jimage.dll
0x00007ffa5aba0000 - 0x00007ffa5ad84000 	C:\Windows\SYSTEM32\DBGHELP.DLL
0x00007ffa40290000 - 0x00007ffa402c4000 	C:\Windows\SYSTEM32\dbgcore.DLL
0x00007ffa5cec0000 - 0x00007ffa5cf42000 	C:\Windows\System32\bcryptPrimitives.dll
0x00007ffa41a20000 - 0x00007ffa41a2e000 	c:\Users\LUNA\.vscode\extensions\redhat.java-1.29.0-win32-x64\jre\17.0.10-win32-x86_64\bin\instrument.dll
0x00007ffa10b40000 - 0x00007ffa10b65000 	c:\Users\LUNA\.vscode\extensions\redhat.java-1.29.0-win32-x64\jre\17.0.10-win32-x86_64\bin\java.dll
0x00007ffa10b20000 - 0x00007ffa10b38000 	c:\Users\LUNA\.vscode\extensions\redhat.java-1.29.0-win32-x64\jre\17.0.10-win32-x86_64\bin\zip.dll
0x00007ffa5d2e0000 - 0x00007ffa5da25000 	C:\Windows\System32\SHELL32.dll
0x00007ffa5a330000 - 0x00007ffa5aacb000 	C:\Windows\SYSTEM32\windows.storage.dll
0x00007ffa5eb30000 - 0x00007ffa5ee84000 	C:\Windows\System32\combase.dll
0x00007ffa5bfc0000 - 0x00007ffa5bfed000 	C:\Windows\SYSTEM32\Wldp.dll
0x00007ffa5da30000 - 0x00007ffa5dadd000 	C:\Windows\System32\SHCORE.dll
0x00007ffa5d190000 - 0x00007ffa5d1e5000 	C:\Windows\System32\shlwapi.dll
0x00007ffa5c580000 - 0x00007ffa5c5a5000 	C:\Windows\SYSTEM32\profapi.dll
0x00007ffa108a0000 - 0x00007ffa108b9000 	C:\Users\LUNA\.vscode\extensions\redhat.java-1.29.0-win32-x64\jre\17.0.10-win32-x86_64\bin\net.dll
0x00007ffa4e1b0000 - 0x00007ffa4e2ba000 	C:\Windows\SYSTEM32\WINHTTP.dll
0x00007ffa5bd20000 - 0x00007ffa5bd8a000 	C:\Windows\system32\mswsock.dll
0x00007ffa10880000 - 0x00007ffa10896000 	C:\Users\LUNA\.vscode\extensions\redhat.java-1.29.0-win32-x64\jre\17.0.10-win32-x86_64\bin\nio.dll
0x00007ffa40550000 - 0x00007ffa40560000 	c:\Users\LUNA\.vscode\extensions\redhat.java-1.29.0-win32-x64\jre\17.0.10-win32-x86_64\bin\verify.dll
0x00007ffa33d30000 - 0x00007ffa33d6e000 	C:\Users\LUNA\AppData\Roaming\Code\User\globalStorage\redhat.java\1.29.0\config_win\org.eclipse.equinox.launcher\org.eclipse.equinox.launcher.win32.win32.x86_64_1.2.900.v20240213-1244\eclipse_11900.dll
0x00007ffa5e250000 - 0x00007ffa5e37b000 	C:\Windows\System32\ole32.dll
0x00007ffa43cf0000 - 0x00007ffa43cf9000 	C:\Users\LUNA\.vscode\extensions\redhat.java-1.29.0-win32-x64\jre\17.0.10-win32-x86_64\bin\management.dll
0x00007ffa43ce0000 - 0x00007ffa43ceb000 	C:\Users\LUNA\.vscode\extensions\redhat.java-1.29.0-win32-x64\jre\17.0.10-win32-x86_64\bin\management_ext.dll
0x00007ffa5e5a0000 - 0x00007ffa5e5a8000 	C:\Windows\System32\PSAPI.DLL
0x00007ffa5bf10000 - 0x00007ffa5bf28000 	C:\Windows\SYSTEM32\CRYPTSP.dll
0x00007ffa5b650000 - 0x00007ffa5b684000 	C:\Windows\system32\rsaenh.dll
0x00007ffa5cba0000 - 0x00007ffa5cbc7000 	C:\Windows\System32\bcrypt.dll
0x00007ffa5c540000 - 0x00007ffa5c56e000 	C:\Windows\SYSTEM32\USERENV.dll
0x00007ffa5bf30000 - 0x00007ffa5bf3c000 	C:\Windows\SYSTEM32\CRYPTBASE.dll
0x00007ffa5ba10000 - 0x00007ffa5ba4b000 	C:\Windows\SYSTEM32\IPHLPAPI.DLL
0x00007ffa5e9a0000 - 0x00007ffa5e9a8000 	C:\Windows\System32\NSI.dll
0x00007ffa4ecb0000 - 0x00007ffa4ecc7000 	C:\Windows\SYSTEM32\dhcpcsvc6.DLL
0x00007ffa4ec90000 - 0x00007ffa4ecad000 	C:\Windows\SYSTEM32\dhcpcsvc.DLL
0x00007ffa5ba60000 - 0x00007ffa5bb2a000 	C:\Windows\SYSTEM32\DNSAPI.dll
0x00007ffa0fca0000 - 0x00007ffa0fce5000 	C:\Users\LUNA\AppData\Local\Temp\jna-2348284\jna11503367539788109320.dll
0x00007ffa404d0000 - 0x00007ffa404de000 	C:\Users\LUNA\.vscode\extensions\redhat.java-1.29.0-win32-x64\jre\17.0.10-win32-x86_64\bin\sunmscapi.dll
0x00007ffa5ccf0000 - 0x00007ffa5ce4d000 	C:\Windows\System32\CRYPT32.dll
0x00007ffa5c030000 - 0x00007ffa5c057000 	C:\Windows\SYSTEM32\ncrypt.dll
0x00007ffa5bff0000 - 0x00007ffa5c02b000 	C:\Windows\SYSTEM32\NTASN1.dll
0x00007ffa48a40000 - 0x00007ffa48a4a000 	C:\Windows\System32\rasadhlp.dll
0x00007ffa48960000 - 0x00007ffa489e0000 	C:\Windows\System32\fwpuclnt.dll
0x00007ffa400b0000 - 0x00007ffa400b9000 	C:\Users\LUNA\.vscode\extensions\redhat.java-1.29.0-win32-x64\jre\17.0.10-win32-x86_64\bin\extnet.dll
0x00007ffa48930000 - 0x00007ffa48937000 	C:\Windows\system32\wshunix.dll

dbghelp: loaded successfully - version: 4.0.5 - missing functions: none
symbol engine: initialized successfully - sym options: 0x614 - pdb path: .;c:\Users\LUNA\.vscode\extensions\redhat.java-1.29.0-win32-x64\jre\17.0.10-win32-x86_64\bin;C:\Windows\SYSTEM32;C:\Windows\WinSxS\amd64_microsoft.windows.common-controls_6595b64144ccf1df_6.0.19041.3636_none_60b6a03d71f818d5;c:\Users\LUNA\.vscode\extensions\redhat.java-1.29.0-win32-x64\jre\17.0.10-win32-x86_64\bin\server;C:\Users\LUNA\AppData\Roaming\Code\User\globalStorage\redhat.java\1.29.0\config_win\org.eclipse.equinox.launcher\org.eclipse.equinox.launcher.win32.win32.x86_64_1.2.900.v20240213-1244;C:\Users\LUNA\AppData\Local\Temp\jna-2348284

VM Arguments:
jvm_args: --add-modules=ALL-SYSTEM --add-opens=java.base/java.util=ALL-UNNAMED --add-opens=java.base/java.lang=ALL-UNNAMED --add-opens=java.base/sun.nio.fs=ALL-UNNAMED -Declipse.application=org.eclipse.jdt.ls.core.id1 -Dosgi.bundles.defaultStartLevel=4 -Declipse.product=org.eclipse.jdt.ls.core.product -Djava.import.generatesMetadataFilesAtProjectRoot=false -DDetectVMInstallationsJob.disabled=true -Dfile.encoding=utf8 -XX:+UseParallelGC -XX:GCTimeRatio=4 -XX:AdaptiveSizePolicyWeight=90 -Dsun.zip.disableMemoryMapping=true -Xmx1G -Xms100m -Xlog:disable -javaagent:c:\Users\LUNA\.vscode\extensions\redhat.java-1.29.0-win32-x64\lombok\lombok-1.18.32.jar -XX:+HeapDumpOnOutOfMemoryError -XX:HeapDumpPath=c:\Users\LUNA\AppData\Roaming\Code\User\workspaceStorage\484426bce3878214096432ef300712c1\redhat.java -Daether.dependencyCollector.impl=bf 
java_command: c:\Users\LUNA\.vscode\extensions\redhat.java-1.29.0-win32-x64\server\plugins\org.eclipse.equinox.launcher_1.6.800.v20240304-1850.jar -configuration c:\Users\LUNA\AppData\Roaming\Code\User\globalStorage\redhat.java\1.29.0\config_win -data c:\Users\LUNA\AppData\Roaming\Code\User\workspaceStorage\484426bce3878214096432ef300712c1\redhat.java\jdt_ws --stdio
java_class_path (initial): c:\Users\LUNA\.vscode\extensions\redhat.java-1.29.0-win32-x64\server\plugins\org.eclipse.equinox.launcher_1.6.800.v20240304-1850.jar
Launcher Type: SUN_STANDARD

[Global flags]
    uintx AdaptiveSizePolicyWeight                 = 90                                        {product} {command line}
     intx CICompilerCount                          = 2                                         {product} {ergonomic}
    uintx GCTimeRatio                              = 4                                         {product} {command line}
     bool HeapDumpOnOutOfMemoryError               = true                                   {manageable} {command line}
    ccstr HeapDumpPath                             = c:\Users\LUNA\AppData\Roaming\Code\User\workspaceStorage\484426bce3878214096432ef300712c1\redhat.java         {manageable} {command line}
   size_t InitialHeapSize                          = 104857600                                 {product} {command line}
   size_t MaxHeapSize                              = 1073741824                                {product} {command line}
   size_t MaxNewSize                               = 357564416                                 {product} {ergonomic}
   size_t MinHeapDeltaBytes                        = 524288                                    {product} {ergonomic}
   size_t MinHeapSize                              = 104857600                                 {product} {command line}
   size_t NewSize                                  = 34603008                                  {product} {ergonomic}
    uintx NonNMethodCodeHeapSize                   = 5826188                                {pd product} {ergonomic}
    uintx NonProfiledCodeHeapSize                  = 122916026                              {pd product} {ergonomic}
   size_t OldSize                                  = 70254592                                  {product} {ergonomic}
    uintx ProfiledCodeHeapSize                     = 122916026                              {pd product} {ergonomic}
    uintx ReservedCodeCacheSize                    = 251658240                              {pd product} {ergonomic}
     bool SegmentedCodeCache                       = true                                      {product} {ergonomic}
   size_t SoftMaxHeapSize                          = 1073741824                             {manageable} {ergonomic}
     bool UseCompressedClassPointers               = true                           {product lp64_product} {ergonomic}
     bool UseCompressedOops                        = true                           {product lp64_product} {ergonomic}
     bool UseLargePagesIndividualAllocation        = false                                  {pd product} {ergonomic}
     bool UseParallelGC                            = true                                      {product} {command line}

Logging:
Log output configuration:
 #0: stdout all=off uptime,level,tags
 #1: stderr all=off uptime,level,tags

Environment Variables:
PATH=C:\Program Files\Common Files\Oracle\Java\javapath;C:\Windows\system32;C:\Windows;C:\Windows\System32\Wbem;C:\Windows\System32\WindowsPowerShell\v1.0\;C:\Windows\System32\OpenSSH\;C:\Program Files\Git\cmd;C:\Program Files\nodejs\;C:\Users\LUNA\AppData\Local\Microsoft\WindowsApps;C:\Users\LUNA\AppData\Local\Programs\Microsoft VS Code\bin;C:\Users\LUNA\AppData\Roaming\npm
USERNAME=LUNA
OS=Windows_NT
PROCESSOR_IDENTIFIER=Intel64 Family 6 Model 156 Stepping 0, GenuineIntel
TMP=C:\Users\LUNA\AppData\Local\Temp
TEMP=C:\Users\LUNA\AppData\Local\Temp



Periodic native trim disabled


---------------  S Y S T E M  ---------------

OS:
 Windows 10 , 64 bit Build 19041 (10.0.19041.3636)
OS uptime: 0 days 1:06 hours

CPU: total 2 (initial active 2) (2 cores per cpu, 1 threads per core) family 6 model 156 stepping 0 microcode 0x24000023, cx8, cmov, fxsr, mmx, 3dnowpref, sse, sse2, sse3, ssse3, sse4.1, sse4.2, popcnt, tsc, tscinvbit, aes, erms, clmul, sha, clflush, clflushopt, clwb
Processor Information for all 2 processors :
  Max Mhz: 1114, Current Mhz: 1114, Mhz Limit: 1114

Memory: 4k page, system-wide physical 1851M (22M free)
TotalPageFile size 7483M (AvailPageFile size 0M)
current process WorkingSet (physical memory assigned to process): 118M, peak: 580M
current process commit charge ("private bytes"): 775M, peak: 1020M

vm_info: OpenJDK 64-Bit Server VM (17.0.10+7) for windows-amd64 JRE (17.0.10+7), built on Jan 16 2024 23:25:11 by "admin" with MS VC++ 16.10 / 16.11 (VS2019)

END.
